{"/home/runner/work/plugin-templates/plugin-templates/src/actions.ts": {"path":"/home/runner/work/plugin-templates/plugin-templates/src/actions.ts","statementMap":{"0":{"start":{"line":1,"column":0},"end":{"line":1,"column":25}},"1":{"start":{"line":2,"column":0},"end":{"line":2,"column":56}},"2":{"start":{"line":3,"column":0},"end":{"line":3,"column":52}},"3":{"start":{"line":4,"column":0},"end":{"line":4,"column":66}},"4":{"start":{"line":5,"column":0},"end":{"line":5,"column":60}},"5":{"start":{"line":7,"column":0},"end":{"line":7,"column":null}},"6":{"start":{"line":8,"column":4},"end":{"line":8,"column":null}},"7":{"start":{"line":9,"column":4},"end":{"line":9,"column":null}},"8":{"start":{"line":10,"column":4},"end":{"line":10,"column":null}},"9":{"start":{"line":14,"column":32},"end":{"line":31,"column":null}},"10":{"start":{"line":14,"column":60},"end":{"line":31,"column":null}},"11":{"start":{"line":17,"column":24},"end":{"line":17,"column":61}},"12":{"start":{"line":18,"column":17},"end":{"line":20,"column":23}},"13":{"start":{"line":22,"column":4},"end":{"line":22,"column":54}},"14":{"start":{"line":24,"column":22},"end":{"line":24,"column":64}},"15":{"start":{"line":25,"column":4},"end":{"line":30,"column":null}},"16":{"start":{"line":26,"column":8},"end":{"line":29,"column":null}},"17":{"start":{"line":27,"column":26},"end":{"line":27,"column":60}},"18":{"start":{"line":28,"column":12},"end":{"line":28,"column":56}},"19":{"start":{"line":33,"column":29},"end":{"line":54,"column":null}},"20":{"start":{"line":33,"column":72},"end":{"line":54,"column":null}},"21":{"start":{"line":34,"column":21},"end":{"line":34,"column":82}},"22":{"start":{"line":35,"column":24},"end":{"line":35,"column":108}},"23":{"start":{"line":37,"column":4},"end":{"line":39,"column":null}},"24":{"start":{"line":38,"column":8},"end":{"line":38,"column":52}},"25":{"start":{"line":41,"column":17},"end":{"line":41,"column":69}},"26":{"start":{"line":44,"column":4},"end":{"line":47,"column":null}},"27":{"start":{"line":45,"column":28},"end":{"line":45,"column":82}},"28":{"start":{"line":46,"column":8},"end":{"line":46,"column":79}},"29":{"start":{"line":49,"column":4},"end":{"line":49,"column":55}},"30":{"start":{"line":50,"column":4},"end":{"line":53,"column":null}},"31":{"start":{"line":51,"column":22},"end":{"line":51,"column":56}},"32":{"start":{"line":52,"column":8},"end":{"line":52,"column":45}},"33":{"start":{"line":57,"column":29},"end":{"line":69,"column":null}},"34":{"start":{"line":57,"column":96},"end":{"line":69,"column":null}},"35":{"start":{"line":58,"column":4},"end":{"line":68,"column":null}},"36":{"start":{"line":60,"column":12},"end":{"line":60,"column":52}},"37":{"start":{"line":61,"column":12},"end":{"line":61,"column":18}},"38":{"start":{"line":63,"column":12},"end":{"line":63,"column":52}},"39":{"start":{"line":64,"column":12},"end":{"line":64,"column":18}},"40":{"start":{"line":66,"column":12},"end":{"line":66,"column":52}},"41":{"start":{"line":67,"column":12},"end":{"line":67,"column":18}},"42":{"start":{"line":57,"column":13},"end":{"line":57,"column":29}}},"fnMap":{"0":{"name":"(anonymous_7)","decl":{"start":{"line":7,"column":0},"end":{"line":7,"column":12}},"loc":{"start":{"line":7,"column":26},"end":{"line":11,"column":1}}},"1":{"name":"(anonymous_8)","decl":{"start":{"line":14,"column":32},"end":{"line":14,"column":39}},"loc":{"start":{"line":14,"column":60},"end":{"line":31,"column":null}}},"2":{"name":"(anonymous_9)","decl":{"start":{"line":14,"column":60},"end":{"line":14,"column":null}},"loc":{"start":{"line":14,"column":60},"end":{"line":31,"column":1}}},"3":{"name":"(anonymous_10)","decl":{"start":{"line":33,"column":29},"end":{"line":33,"column":36}},"loc":{"start":{"line":33,"column":72},"end":{"line":54,"column":null}}},"4":{"name":"(anonymous_11)","decl":{"start":{"line":33,"column":72},"end":{"line":33,"column":null}},"loc":{"start":{"line":33,"column":72},"end":{"line":54,"column":1}}},"5":{"name":"(anonymous_12)","decl":{"start":{"line":57,"column":29},"end":{"line":57,"column":36}},"loc":{"start":{"line":57,"column":96},"end":{"line":69,"column":null}}},"6":{"name":"(anonymous_13)","decl":{"start":{"line":57,"column":96},"end":{"line":57,"column":null}},"loc":{"start":{"line":57,"column":96},"end":{"line":69,"column":1}}}},"branchMap":{"0":{"loc":{"start":{"line":7,"column":12},"end":{"line":7,"column":null}},"type":"binary-expr","locations":[{"start":{"line":7,"column":12},"end":{"line":7,"column":26}},{"start":{"line":7,"column":12},"end":{"line":7,"column":null}}]},"1":{"loc":{"start":{"line":18,"column":17},"end":{"line":20,"column":23}},"type":"cond-expr","locations":[{"start":{"line":19,"column":10},"end":{"line":19,"column":71}},{"start":{"line":20,"column":10},"end":{"line":20,"column":23}}]},"2":{"loc":{"start":{"line":25,"column":4},"end":{"line":30,"column":null}},"type":"if","locations":[{"start":{"line":25,"column":4},"end":{"line":30,"column":null}}]},"3":{"loc":{"start":{"line":34,"column":21},"end":{"line":34,"column":82}},"type":"cond-expr","locations":[{"start":{"line":34,"column":39},"end":{"line":34,"column":54}},{"start":{"line":34,"column":57},"end":{"line":34,"column":82}}]},"4":{"loc":{"start":{"line":37,"column":4},"end":{"line":39,"column":null}},"type":"if","locations":[{"start":{"line":37,"column":4},"end":{"line":39,"column":null}}]},"5":{"loc":{"start":{"line":37,"column":8},"end":{"line":37,"column":35}},"type":"binary-expr","locations":[{"start":{"line":37,"column":8},"end":{"line":37,"column":14}},{"start":{"line":37,"column":18},"end":{"line":37,"column":35}}]},"6":{"loc":{"start":{"line":44,"column":4},"end":{"line":47,"column":null}},"type":"if","locations":[{"start":{"line":44,"column":4},"end":{"line":47,"column":null}}]},"7":{"loc":{"start":{"line":58,"column":4},"end":{"line":68,"column":null}},"type":"switch","locations":[{"start":{"line":59,"column":8},"end":{"line":61,"column":18}},{"start":{"line":62,"column":8},"end":{"line":64,"column":18}},{"start":{"line":65,"column":8},"end":{"line":67,"column":18}}]}},"s":{"0":0,"1":0,"2":0,"3":0,"4":0,"5":0,"6":0,"7":0,"8":0,"9":0,"10":0,"11":0,"12":0,"13":0,"14":0,"15":0,"16":0,"17":0,"18":0,"19":0,"20":0,"21":0,"22":0,"23":0,"24":0,"25":0,"26":0,"27":0,"28":0,"29":0,"30":0,"31":0,"32":0,"33":0,"34":0,"35":0,"36":0,"37":0,"38":0,"39":0,"40":0,"41":0,"42":0},"f":{"0":0,"1":0,"2":0,"3":0,"4":0,"5":0,"6":0},"b":{"0":[0,0],"1":[0,0],"2":[0],"3":[0,0],"4":[0],"5":[0,0],"6":[0],"7":[0,0,0]}}
,"/home/runner/work/plugin-templates/plugin-templates/src/index.ts": {"path":"/home/runner/work/plugin-templates/plugin-templates/src/index.ts","statementMap":{"0":{"start":{"line":1,"column":0},"end":{"line":1,"column":25}},"1":{"start":{"line":2,"column":0},"end":{"line":2,"column":68}},"2":{"start":{"line":3,"column":0},"end":{"line":3,"column":34}},"3":{"start":{"line":4,"column":0},"end":{"line":4,"column":55}},"4":{"start":{"line":5,"column":0},"end":{"line":5,"column":101}},"5":{"start":{"line":6,"column":0},"end":{"line":6,"column":99}},"6":{"start":{"line":7,"column":0},"end":{"line":7,"column":86}},"7":{"start":{"line":8,"column":0},"end":{"line":8,"column":133}},"8":{"start":{"line":9,"column":0},"end":{"line":9,"column":58}},"9":{"start":{"line":10,"column":0},"end":{"line":10,"column":56}},"10":{"start":{"line":11,"column":0},"end":{"line":11,"column":34}},"11":{"start":{"line":12,"column":0},"end":{"line":12,"column":48}},"12":{"start":{"line":13,"column":0},"end":{"line":13,"column":143}},"13":{"start":{"line":14,"column":0},"end":{"line":14,"column":131}},"14":{"start":{"line":16,"column":0},"end":{"line":16,"column":54}},"15":{"start":{"line":18,"column":26},"end":{"line":18,"column":77}},"16":{"start":{"line":19,"column":25},"end":{"line":19,"column":77}},"17":{"start":{"line":21,"column":0},"end":{"line":379,"column":3}},"18":{"start":{"line":24,"column":8},"end":{"line":24,"column":56}},"19":{"start":{"line":27,"column":33},"end":{"line":27,"column":51}},"20":{"start":{"line":29,"column":8},"end":{"line":29,"column":88}},"21":{"start":{"line":30,"column":8},"end":{"line":30,"column":104}},"22":{"start":{"line":31,"column":8},"end":{"line":31,"column":100}},"23":{"start":{"line":32,"column":8},"end":{"line":32,"column":112}},"24":{"start":{"line":33,"column":8},"end":{"line":33,"column":70}},"25":{"start":{"line":34,"column":8},"end":{"line":34,"column":78}},"26":{"start":{"line":35,"column":8},"end":{"line":35,"column":78}},"27":{"start":{"line":36,"column":8},"end":{"line":36,"column":74}},"28":{"start":{"line":42,"column":12},"end":{"line":42,"column":45}},"29":{"start":{"line":44,"column":33},"end":{"line":44,"column":97}},"30":{"start":{"line":45,"column":23},"end":{"line":45,"column":45}},"31":{"start":{"line":46,"column":23},"end":{"line":46,"column":77}},"32":{"start":{"line":50,"column":24},"end":{"line":50,"column":50}},"33":{"start":{"line":51,"column":8},"end":{"line":55,"column":null}},"34":{"start":{"line":52,"column":12},"end":{"line":52,"column":62}},"35":{"start":{"line":54,"column":12},"end":{"line":54,"column":69}},"36":{"start":{"line":59,"column":48},"end":{"line":64,"column":null}},"37":{"start":{"line":59,"column":104},"end":{"line":64,"column":null}},"38":{"start":{"line":60,"column":35},"end":{"line":60,"column":71}},"39":{"start":{"line":61,"column":12},"end":{"line":63,"column":null}},"40":{"start":{"line":62,"column":16},"end":{"line":62,"column":60}},"41":{"start":{"line":66,"column":44},"end":{"line":69,"column":null}},"42":{"start":{"line":66,"column":77},"end":{"line":69,"column":null}},"43":{"start":{"line":67,"column":35},"end":{"line":67,"column":111}},"44":{"start":{"line":68,"column":12},"end":{"line":68,"column":68}},"45":{"start":{"line":71,"column":55},"end":{"line":97,"column":null}},"46":{"start":{"line":71,"column":146},"end":{"line":97,"column":null}},"47":{"start":{"line":72,"column":46},"end":{"line":89,"column":null}},"48":{"start":{"line":72,"column":204},"end":{"line":89,"column":null}},"49":{"start":{"line":73,"column":37},"end":{"line":73,"column":55}},"50":{"start":{"line":74,"column":16},"end":{"line":74,"column":74}},"51":{"start":{"line":75,"column":16},"end":{"line":75,"column":91}},"52":{"start":{"line":76,"column":16},"end":{"line":76,"column":91}},"53":{"start":{"line":77,"column":65},"end":{"line":77,"column":94}},"54":{"start":{"line":79,"column":16},"end":{"line":83,"column":null}},"55":{"start":{"line":81,"column":20},"end":{"line":81,"column":84}},"56":{"start":{"line":82,"column":20},"end":{"line":82,"column":32}},"57":{"start":{"line":84,"column":16},"end":{"line":88,"column":18}},"58":{"start":{"line":91,"column":52},"end":{"line":91,"column":70}},"59":{"start":{"line":92,"column":12},"end":{"line":95,"column":null}},"60":{"start":{"line":93,"column":16},"end":{"line":94,"column":113}},"61":{"start":{"line":96,"column":12},"end":{"line":96,"column":120}},"62":{"start":{"line":96,"column":108},"end":{"line":96,"column":118}},"63":{"start":{"line":101,"column":31},"end":{"line":101,"column":49}},"64":{"start":{"line":103,"column":8},"end":{"line":110,"column":12}},"65":{"start":{"line":107,"column":32},"end":{"line":109,"column":null}},"66":{"start":{"line":108,"column":16},"end":{"line":108,"column":74}},"67":{"start":{"line":112,"column":8},"end":{"line":116,"column":10}},"68":{"start":{"line":118,"column":8},"end":{"line":124,"column":12}},"69":{"start":{"line":121,"column":32},"end":{"line":123,"column":null}},"70":{"start":{"line":122,"column":16},"end":{"line":122,"column":74}},"71":{"start":{"line":126,"column":8},"end":{"line":132,"column":12}},"72":{"start":{"line":129,"column":32},"end":{"line":131,"column":null}},"73":{"start":{"line":130,"column":16},"end":{"line":130,"column":77}},"74":{"start":{"line":134,"column":8},"end":{"line":151,"column":12}},"75":{"start":{"line":137,"column":32},"end":{"line":150,"column":null}},"76":{"start":{"line":138,"column":37},"end":{"line":138,"column":102}},"77":{"start":{"line":139,"column":37},"end":{"line":139,"column":102}},"78":{"start":{"line":140,"column":47},"end":{"line":140,"column":88}},"79":{"start":{"line":142,"column":76},"end":{"line":145,"column":18}},"80":{"start":{"line":146,"column":44},"end":{"line":146,"column":112}},"81":{"start":{"line":148,"column":16},"end":{"line":148,"column":109}},"82":{"start":{"line":149,"column":16},"end":{"line":149,"column":66}},"83":{"start":{"line":153,"column":8},"end":{"line":166,"column":12}},"84":{"start":{"line":156,"column":32},"end":{"line":165,"column":null}},"85":{"start":{"line":157,"column":35},"end":{"line":157,"column":95}},"86":{"start":{"line":158,"column":16},"end":{"line":158,"column":48}},"87":{"start":{"line":158,"column":41},"end":{"line":158,"column":48}},"88":{"start":{"line":160,"column":36},"end":{"line":160,"column":105}},"89":{"start":{"line":161,"column":16},"end":{"line":161,"column":49}},"90":{"start":{"line":161,"column":42},"end":{"line":161,"column":49}},"91":{"start":{"line":163,"column":16},"end":{"line":163,"column":72}},"92":{"start":{"line":164,"column":16},"end":{"line":164,"column":96}},"93":{"start":{"line":168,"column":8},"end":{"line":184,"column":12}},"94":{"start":{"line":171,"column":32},"end":{"line":183,"column":null}},"95":{"start":{"line":172,"column":46},"end":{"line":172,"column":118}},"96":{"start":{"line":173,"column":16},"end":{"line":173,"column":44}},"97":{"start":{"line":173,"column":37},"end":{"line":173,"column":44}},"98":{"start":{"line":175,"column":35},"end":{"line":175,"column":138}},"99":{"start":{"line":176,"column":16},"end":{"line":176,"column":48}},"100":{"start":{"line":176,"column":41},"end":{"line":176,"column":48}},"101":{"start":{"line":178,"column":36},"end":{"line":178,"column":105}},"102":{"start":{"line":179,"column":16},"end":{"line":179,"column":49}},"103":{"start":{"line":179,"column":42},"end":{"line":179,"column":49}},"104":{"start":{"line":181,"column":16},"end":{"line":181,"column":77}},"105":{"start":{"line":182,"column":16},"end":{"line":182,"column":118}},"106":{"start":{"line":186,"column":8},"end":{"line":196,"column":12}},"107":{"start":{"line":189,"column":32},"end":{"line":195,"column":null}},"108":{"start":{"line":190,"column":46},"end":{"line":190,"column":118}},"109":{"start":{"line":191,"column":16},"end":{"line":191,"column":44}},"110":{"start":{"line":191,"column":37},"end":{"line":191,"column":44}},"111":{"start":{"line":193,"column":16},"end":{"line":193,"column":85}},"112":{"start":{"line":194,"column":16},"end":{"line":194,"column":123}},"113":{"start":{"line":198,"column":8},"end":{"line":220,"column":12}},"114":{"start":{"line":201,"column":32},"end":{"line":219,"column":null}},"115":{"start":{"line":202,"column":51},"end":{"line":202,"column":55}},"116":{"start":{"line":204,"column":47},"end":{"line":204,"column":88}},"117":{"start":{"line":205,"column":40},"end":{"line":205,"column":65}},"118":{"start":{"line":207,"column":16},"end":{"line":209,"column":null}},"119":{"start":{"line":208,"column":20},"end":{"line":208,"column":125}},"120":{"start":{"line":211,"column":16},"end":{"line":213,"column":null}},"121":{"start":{"line":212,"column":20},"end":{"line":212,"column":104}},"122":{"start":{"line":215,"column":16},"end":{"line":217,"column":null}},"123":{"start":{"line":216,"column":20},"end":{"line":216,"column":106}},"124":{"start":{"line":218,"column":16},"end":{"line":218,"column":94}},"125":{"start":{"line":222,"column":8},"end":{"line":244,"column":12}},"126":{"start":{"line":225,"column":32},"end":{"line":243,"column":null}},"127":{"start":{"line":226,"column":51},"end":{"line":226,"column":55}},"128":{"start":{"line":228,"column":47},"end":{"line":228,"column":88}},"129":{"start":{"line":229,"column":40},"end":{"line":229,"column":65}},"130":{"start":{"line":231,"column":16},"end":{"line":233,"column":null}},"131":{"start":{"line":232,"column":20},"end":{"line":232,"column":125}},"132":{"start":{"line":235,"column":16},"end":{"line":237,"column":null}},"133":{"start":{"line":236,"column":20},"end":{"line":236,"column":104}},"134":{"start":{"line":239,"column":16},"end":{"line":241,"column":null}},"135":{"start":{"line":240,"column":20},"end":{"line":240,"column":106}},"136":{"start":{"line":242,"column":16},"end":{"line":242,"column":95}},"137":{"start":{"line":246,"column":8},"end":{"line":252,"column":12}},"138":{"start":{"line":249,"column":32},"end":{"line":251,"column":null}},"139":{"start":{"line":250,"column":16},"end":{"line":250,"column":76}},"140":{"start":{"line":254,"column":8},"end":{"line":260,"column":12}},"141":{"start":{"line":257,"column":32},"end":{"line":259,"column":null}},"142":{"start":{"line":258,"column":16},"end":{"line":258,"column":77}},"143":{"start":{"line":262,"column":8},"end":{"line":274,"column":12}},"144":{"start":{"line":265,"column":48},"end":{"line":273,"column":null}},"145":{"start":{"line":266,"column":16},"end":{"line":269,"column":null}},"146":{"start":{"line":267,"column":43},"end":{"line":267,"column":82}},"147":{"start":{"line":268,"column":20},"end":{"line":268,"column":49}},"148":{"start":{"line":270,"column":16},"end":{"line":270,"column":59}},"149":{"start":{"line":272,"column":16},"end":{"line":272,"column":62}},"150":{"start":{"line":278,"column":8},"end":{"line":322,"column":11}},"151":{"start":{"line":324,"column":8},"end":{"line":324,"column":40}},"152":{"start":{"line":327,"column":8},"end":{"line":327,"column":118}},"153":{"start":{"line":329,"column":8},"end":{"line":377,"column":null}},"154":{"start":{"line":330,"column":34},"end":{"line":375,"column":14}},"155":{"start":{"line":376,"column":12},"end":{"line":376,"column":41}}},"fnMap":{"0":{"name":"(anonymous_7)","decl":{"start":{"line":22,"column":13},"end":{"line":22,"column":null}},"loc":{"start":{"line":22,"column":13},"end":{"line":378,"column":null}}},"1":{"name":"(anonymous_9)","decl":{"start":{"line":59,"column":48},"end":{"line":59,"column":55}},"loc":{"start":{"line":59,"column":104},"end":{"line":64,"column":null}}},"2":{"name":"(anonymous_10)","decl":{"start":{"line":59,"column":104},"end":{"line":59,"column":null}},"loc":{"start":{"line":59,"column":104},"end":{"line":64,"column":9}}},"3":{"name":"(anonymous_11)","decl":{"start":{"line":66,"column":44},"end":{"line":66,"column":51}},"loc":{"start":{"line":66,"column":77},"end":{"line":69,"column":null}}},"4":{"name":"(anonymous_12)","decl":{"start":{"line":66,"column":77},"end":{"line":66,"column":null}},"loc":{"start":{"line":66,"column":77},"end":{"line":69,"column":9}}},"5":{"name":"(anonymous_13)","decl":{"start":{"line":71,"column":55},"end":{"line":71,"column":62}},"loc":{"start":{"line":71,"column":146},"end":{"line":97,"column":null}}},"6":{"name":"(anonymous_14)","decl":{"start":{"line":71,"column":146},"end":{"line":71,"column":null}},"loc":{"start":{"line":71,"column":146},"end":{"line":97,"column":9}}},"7":{"name":"(anonymous_15)","decl":{"start":{"line":72,"column":46},"end":{"line":72,"column":53}},"loc":{"start":{"line":72,"column":204},"end":{"line":89,"column":null}}},"8":{"name":"(anonymous_16)","decl":{"start":{"line":72,"column":204},"end":{"line":72,"column":null}},"loc":{"start":{"line":72,"column":204},"end":{"line":89,"column":13}}},"9":{"name":"(anonymous_17)","decl":{"start":{"line":96,"column":103},"end":{"line":96,"column":104}},"loc":{"start":{"line":96,"column":108},"end":{"line":96,"column":118}}},"10":{"name":"(anonymous_18)","decl":{"start":{"line":107,"column":21},"end":{"line":107,"column":30}},"loc":{"start":{"line":107,"column":32},"end":{"line":109,"column":null}}},"11":{"name":"(anonymous_19)","decl":{"start":{"line":107,"column":32},"end":{"line":107,"column":null}},"loc":{"start":{"line":107,"column":32},"end":{"line":109,"column":13}}},"12":{"name":"(anonymous_20)","decl":{"start":{"line":121,"column":21},"end":{"line":121,"column":30}},"loc":{"start":{"line":121,"column":32},"end":{"line":123,"column":null}}},"13":{"name":"(anonymous_21)","decl":{"start":{"line":121,"column":32},"end":{"line":121,"column":null}},"loc":{"start":{"line":121,"column":32},"end":{"line":123,"column":13}}},"14":{"name":"(anonymous_22)","decl":{"start":{"line":129,"column":21},"end":{"line":129,"column":30}},"loc":{"start":{"line":129,"column":32},"end":{"line":131,"column":null}}},"15":{"name":"(anonymous_23)","decl":{"start":{"line":129,"column":32},"end":{"line":129,"column":null}},"loc":{"start":{"line":129,"column":32},"end":{"line":131,"column":13}}},"16":{"name":"(anonymous_24)","decl":{"start":{"line":137,"column":21},"end":{"line":137,"column":30}},"loc":{"start":{"line":137,"column":32},"end":{"line":150,"column":null}}},"17":{"name":"(anonymous_25)","decl":{"start":{"line":137,"column":32},"end":{"line":137,"column":null}},"loc":{"start":{"line":137,"column":32},"end":{"line":150,"column":13}}},"18":{"name":"(anonymous_26)","decl":{"start":{"line":156,"column":21},"end":{"line":156,"column":30}},"loc":{"start":{"line":156,"column":32},"end":{"line":165,"column":null}}},"19":{"name":"(anonymous_27)","decl":{"start":{"line":156,"column":32},"end":{"line":156,"column":null}},"loc":{"start":{"line":156,"column":32},"end":{"line":165,"column":13}}},"20":{"name":"(anonymous_28)","decl":{"start":{"line":171,"column":21},"end":{"line":171,"column":30}},"loc":{"start":{"line":171,"column":32},"end":{"line":183,"column":null}}},"21":{"name":"(anonymous_29)","decl":{"start":{"line":171,"column":32},"end":{"line":171,"column":null}},"loc":{"start":{"line":171,"column":32},"end":{"line":183,"column":13}}},"22":{"name":"(anonymous_30)","decl":{"start":{"line":189,"column":21},"end":{"line":189,"column":30}},"loc":{"start":{"line":189,"column":32},"end":{"line":195,"column":null}}},"23":{"name":"(anonymous_31)","decl":{"start":{"line":189,"column":32},"end":{"line":189,"column":null}},"loc":{"start":{"line":189,"column":32},"end":{"line":195,"column":13}}},"24":{"name":"(anonymous_32)","decl":{"start":{"line":201,"column":21},"end":{"line":201,"column":30}},"loc":{"start":{"line":201,"column":32},"end":{"line":219,"column":null}}},"25":{"name":"(anonymous_33)","decl":{"start":{"line":201,"column":32},"end":{"line":201,"column":null}},"loc":{"start":{"line":201,"column":32},"end":{"line":219,"column":13}}},"26":{"name":"(anonymous_34)","decl":{"start":{"line":225,"column":21},"end":{"line":225,"column":30}},"loc":{"start":{"line":225,"column":32},"end":{"line":243,"column":null}}},"27":{"name":"(anonymous_35)","decl":{"start":{"line":225,"column":32},"end":{"line":225,"column":null}},"loc":{"start":{"line":225,"column":32},"end":{"line":243,"column":13}}},"28":{"name":"(anonymous_36)","decl":{"start":{"line":249,"column":21},"end":{"line":249,"column":30}},"loc":{"start":{"line":249,"column":32},"end":{"line":251,"column":null}}},"29":{"name":"(anonymous_37)","decl":{"start":{"line":249,"column":32},"end":{"line":249,"column":null}},"loc":{"start":{"line":249,"column":32},"end":{"line":251,"column":13}}},"30":{"name":"(anonymous_38)","decl":{"start":{"line":257,"column":21},"end":{"line":257,"column":30}},"loc":{"start":{"line":257,"column":32},"end":{"line":259,"column":null}}},"31":{"name":"(anonymous_39)","decl":{"start":{"line":257,"column":32},"end":{"line":257,"column":null}},"loc":{"start":{"line":257,"column":32},"end":{"line":259,"column":13}}},"32":{"name":"(anonymous_40)","decl":{"start":{"line":265,"column":21},"end":{"line":265,"column":28}},"loc":{"start":{"line":265,"column":48},"end":{"line":273,"column":null}}},"33":{"name":"(anonymous_41)","decl":{"start":{"line":265,"column":48},"end":{"line":265,"column":null}},"loc":{"start":{"line":265,"column":48},"end":{"line":273,"column":13}}}},"branchMap":{"0":{"loc":{"start":{"line":51,"column":8},"end":{"line":55,"column":null}},"type":"if","locations":[{"start":{"line":51,"column":8},"end":{"line":55,"column":null}},{"start":{"line":53,"column":15},"end":{"line":55,"column":null}}]},"1":{"loc":{"start":{"line":61,"column":12},"end":{"line":63,"column":null}},"type":"if","locations":[{"start":{"line":61,"column":12},"end":{"line":63,"column":null}}]},"2":{"loc":{"start":{"line":67,"column":46},"end":{"line":67,"column":110}},"type":"binary-expr","locations":[{"start":{"line":67,"column":46},"end":{"line":67,"column":100}},{"start":{"line":67,"column":104},"end":{"line":67,"column":110}}]},"3":{"loc":{"start":{"line":79,"column":16},"end":{"line":83,"column":null}},"type":"if","locations":[{"start":{"line":79,"column":16},"end":{"line":83,"column":null}}]},"4":{"loc":{"start":{"line":79,"column":20},"end":{"line":79,"column":89}},"type":"binary-expr","locations":[{"start":{"line":79,"column":20},"end":{"line":79,"column":37}},{"start":{"line":79,"column":42},"end":{"line":79,"column":63}},{"start":{"line":79,"column":67},"end":{"line":79,"column":88}}]},"5":{"loc":{"start":{"line":86,"column":46},"end":{"line":86,"column":86}},"type":"cond-expr","locations":[{"start":{"line":86,"column":61},"end":{"line":86,"column":79}},{"start":{"line":86,"column":82},"end":{"line":86,"column":86}}]},"6":{"loc":{"start":{"line":87,"column":46},"end":{"line":87,"column":86}},"type":"cond-expr","locations":[{"start":{"line":87,"column":61},"end":{"line":87,"column":79}},{"start":{"line":87,"column":82},"end":{"line":87,"column":86}}]},"7":{"loc":{"start":{"line":143,"column":46},"end":{"line":143,"column":86}},"type":"cond-expr","locations":[{"start":{"line":143,"column":61},"end":{"line":143,"column":79}},{"start":{"line":143,"column":82},"end":{"line":143,"column":86}}]},"8":{"loc":{"start":{"line":144,"column":46},"end":{"line":144,"column":86}},"type":"cond-expr","locations":[{"start":{"line":144,"column":61},"end":{"line":144,"column":79}},{"start":{"line":144,"column":82},"end":{"line":144,"column":86}}]},"9":{"loc":{"start":{"line":158,"column":16},"end":{"line":158,"column":48}},"type":"if","locations":[{"start":{"line":158,"column":16},"end":{"line":158,"column":48}}]},"10":{"loc":{"start":{"line":161,"column":16},"end":{"line":161,"column":49}},"type":"if","locations":[{"start":{"line":161,"column":16},"end":{"line":161,"column":49}}]},"11":{"loc":{"start":{"line":172,"column":57},"end":{"line":172,"column":117}},"type":"binary-expr","locations":[{"start":{"line":172,"column":57},"end":{"line":172,"column":107}},{"start":{"line":172,"column":111},"end":{"line":172,"column":117}}]},"12":{"loc":{"start":{"line":173,"column":16},"end":{"line":173,"column":44}},"type":"if","locations":[{"start":{"line":173,"column":16},"end":{"line":173,"column":44}}]},"13":{"loc":{"start":{"line":176,"column":16},"end":{"line":176,"column":48}},"type":"if","locations":[{"start":{"line":176,"column":16},"end":{"line":176,"column":48}}]},"14":{"loc":{"start":{"line":179,"column":16},"end":{"line":179,"column":49}},"type":"if","locations":[{"start":{"line":179,"column":16},"end":{"line":179,"column":49}}]},"15":{"loc":{"start":{"line":190,"column":57},"end":{"line":190,"column":117}},"type":"binary-expr","locations":[{"start":{"line":190,"column":57},"end":{"line":190,"column":107}},{"start":{"line":190,"column":111},"end":{"line":190,"column":117}}]},"16":{"loc":{"start":{"line":191,"column":16},"end":{"line":191,"column":44}},"type":"if","locations":[{"start":{"line":191,"column":16},"end":{"line":191,"column":44}}]},"17":{"loc":{"start":{"line":207,"column":16},"end":{"line":209,"column":null}},"type":"if","locations":[{"start":{"line":207,"column":16},"end":{"line":209,"column":null}}]},"18":{"loc":{"start":{"line":211,"column":16},"end":{"line":213,"column":null}},"type":"if","locations":[{"start":{"line":211,"column":16},"end":{"line":213,"column":null}}]},"19":{"loc":{"start":{"line":215,"column":16},"end":{"line":217,"column":null}},"type":"if","locations":[{"start":{"line":215,"column":16},"end":{"line":217,"column":null}}]},"20":{"loc":{"start":{"line":231,"column":16},"end":{"line":233,"column":null}},"type":"if","locations":[{"start":{"line":231,"column":16},"end":{"line":233,"column":null}}]},"21":{"loc":{"start":{"line":235,"column":16},"end":{"line":237,"column":null}},"type":"if","locations":[{"start":{"line":235,"column":16},"end":{"line":237,"column":null}}]},"22":{"loc":{"start":{"line":239,"column":16},"end":{"line":241,"column":null}},"type":"if","locations":[{"start":{"line":239,"column":16},"end":{"line":241,"column":null}}]},"23":{"loc":{"start":{"line":266,"column":16},"end":{"line":269,"column":null}},"type":"if","locations":[{"start":{"line":266,"column":16},"end":{"line":269,"column":null}}]},"24":{"loc":{"start":{"line":329,"column":8},"end":{"line":377,"column":null}},"type":"if","locations":[{"start":{"line":329,"column":8},"end":{"line":377,"column":null}}]}},"s":{"0":0,"1":0,"2":0,"3":0,"4":0,"5":0,"6":0,"7":0,"8":0,"9":0,"10":0,"11":0,"12":0,"13":0,"14":0,"15":0,"16":0,"17":0,"18":0,"19":0,"20":0,"21":0,"22":0,"23":0,"24":0,"25":0,"26":0,"27":0,"28":0,"29":0,"30":0,"31":0,"32":0,"33":0,"34":0,"35":0,"36":0,"37":0,"38":0,"39":0,"40":0,"41":0,"42":0,"43":0,"44":0,"45":0,"46":0,"47":0,"48":0,"49":0,"50":0,"51":0,"52":0,"53":0,"54":0,"55":0,"56":0,"57":0,"58":0,"59":0,"60":0,"61":0,"62":0,"63":0,"64":0,"65":0,"66":0,"67":0,"68":0,"69":0,"70":0,"71":0,"72":0,"73":0,"74":0,"75":0,"76":0,"77":0,"78":0,"79":0,"80":0,"81":0,"82":0,"83":0,"84":0,"85":0,"86":0,"87":0,"88":0,"89":0,"90":0,"91":0,"92":0,"93":0,"94":0,"95":0,"96":0,"97":0,"98":0,"99":0,"100":0,"101":0,"102":0,"103":0,"104":0,"105":0,"106":0,"107":0,"108":0,"109":0,"110":0,"111":0,"112":0,"113":0,"114":0,"115":0,"116":0,"117":0,"118":0,"119":0,"120":0,"121":0,"122":0,"123":0,"124":0,"125":0,"126":0,"127":0,"128":0,"129":0,"130":0,"131":0,"132":0,"133":0,"134":0,"135":0,"136":0,"137":0,"138":0,"139":0,"140":0,"141":0,"142":0,"143":0,"144":0,"145":0,"146":0,"147":0,"148":0,"149":0,"150":0,"151":0,"152":0,"153":0,"154":0,"155":0},"f":{"0":0,"1":0,"2":0,"3":0,"4":0,"5":0,"6":0,"7":0,"8":0,"9":0,"10":0,"11":0,"12":0,"13":0,"14":0,"15":0,"16":0,"17":0,"18":0,"19":0,"20":0,"21":0,"22":0,"23":0,"24":0,"25":0,"26":0,"27":0,"28":0,"29":0,"30":0,"31":0,"32":0,"33":0},"b":{"0":[0,0],"1":[0],"2":[0,0],"3":[0],"4":[0,0,0],"5":[0,0],"6":[0,0],"7":[0,0],"8":[0,0],"9":[0],"10":[0],"11":[0,0],"12":[0],"13":[0],"14":[0],"15":[0,0],"16":[0],"17":[0],"18":[0],"19":[0],"20":[0],"21":[0],"22":[0],"23":[0],"24":[0]}}
,"/home/runner/work/plugin-templates/plugin-templates/src/legacyTemplates.ts": {"path":"/home/runner/work/plugin-templates/plugin-templates/src/legacyTemplates.ts","statementMap":{"0":{"start":{"line":1,"column":0},"end":{"line":1,"column":25}},"1":{"start":{"line":3,"column":0},"end":{"line":3,"column":47}},"2":{"start":{"line":4,"column":0},"end":{"line":4,"column":66}},"3":{"start":{"line":7,"column":4},"end":{"line":14,"column":165}},"4":{"start":{"line":16,"column":30},"end":{"line":19,"column":null}},"5":{"start":{"line":16,"column":81},"end":{"line":19,"column":null}},"6":{"start":{"line":17,"column":24},"end":{"line":17,"column":93}},"7":{"start":{"line":18,"column":4},"end":{"line":18,"column":37}},"8":{"start":{"line":21,"column":24},"end":{"line":23,"column":null}},"9":{"start":{"line":21,"column":52},"end":{"line":23,"column":null}},"10":{"start":{"line":22,"column":4},"end":{"line":22,"column":53}},"11":{"start":{"line":25,"column":35},"end":{"line":59,"column":null}},"12":{"start":{"line":25,"column":115},"end":{"line":59,"column":null}},"13":{"start":{"line":26,"column":15},"end":{"line":26,"column":41}},"14":{"start":{"line":28,"column":34},"end":{"line":28,"column":38}},"15":{"start":{"line":29,"column":40},"end":{"line":29,"column":44}},"16":{"start":{"line":31,"column":25},"end":{"line":31,"column":50}},"17":{"start":{"line":33,"column":4},"end":{"line":54,"column":null}},"18":{"start":{"line":34,"column":8},"end":{"line":53,"column":null}},"19":{"start":{"line":35,"column":38},"end":{"line":35,"column":68}},"20":{"start":{"line":36,"column":12},"end":{"line":50,"column":null}},"21":{"start":{"line":37,"column":36},"end":{"line":37,"column":68}},"22":{"start":{"line":38,"column":16},"end":{"line":49,"column":null}},"23":{"start":{"line":39,"column":20},"end":{"line":39,"column":92}},"24":{"start":{"line":39,"column":35},"end":{"line":39,"column":92}},"25":{"start":{"line":40,"column":20},"end":{"line":40,"column":82}},"26":{"start":{"line":40,"column":41},"end":{"line":40,"column":82}},"27":{"start":{"line":42,"column":41},"end":{"line":42,"column":80}},"28":{"start":{"line":44,"column":33},"end":{"line":44,"column":137}},"29":{"start":{"line":45,"column":20},"end":{"line":45,"column":66}},"30":{"start":{"line":47,"column":36},"end":{"line":47,"column":56}},"31":{"start":{"line":48,"column":20},"end":{"line":48,"column":58}},"32":{"start":{"line":52,"column":12},"end":{"line":52,"column":71}},"33":{"start":{"line":56,"column":4},"end":{"line":58,"column":null}},"34":{"start":{"line":57,"column":8},"end":{"line":57,"column":109}},"35":{"start":{"line":25,"column":13},"end":{"line":25,"column":35}}},"fnMap":{"0":{"name":"(anonymous_7)","decl":{"start":{"line":16,"column":30},"end":{"line":16,"column":37}},"loc":{"start":{"line":16,"column":81},"end":{"line":19,"column":null}}},"1":{"name":"(anonymous_8)","decl":{"start":{"line":16,"column":81},"end":{"line":16,"column":null}},"loc":{"start":{"line":16,"column":81},"end":{"line":19,"column":1}}},"2":{"name":"(anonymous_9)","decl":{"start":{"line":21,"column":24},"end":{"line":21,"column":50}},"loc":{"start":{"line":21,"column":52},"end":{"line":23,"column":null}}},"3":{"name":"(anonymous_10)","decl":{"start":{"line":21,"column":52},"end":{"line":21,"column":null}},"loc":{"start":{"line":21,"column":52},"end":{"line":23,"column":1}}},"4":{"name":"(anonymous_11)","decl":{"start":{"line":25,"column":35},"end":{"line":25,"column":42}},"loc":{"start":{"line":25,"column":115},"end":{"line":59,"column":null}}},"5":{"name":"(anonymous_12)","decl":{"start":{"line":25,"column":115},"end":{"line":25,"column":null}},"loc":{"start":{"line":25,"column":115},"end":{"line":59,"column":1}}}},"branchMap":{"0":{"loc":{"start":{"line":33,"column":4},"end":{"line":54,"column":null}},"type":"if","locations":[{"start":{"line":33,"column":4},"end":{"line":54,"column":null}}]},"1":{"loc":{"start":{"line":38,"column":16},"end":{"line":49,"column":null}},"type":"if","locations":[{"start":{"line":38,"column":16},"end":{"line":49,"column":null}}]},"2":{"loc":{"start":{"line":38,"column":20},"end":{"line":38,"column":88}},"type":"binary-expr","locations":[{"start":{"line":38,"column":20},"end":{"line":38,"column":47}},{"start":{"line":38,"column":51},"end":{"line":38,"column":88}}]},"3":{"loc":{"start":{"line":39,"column":20},"end":{"line":39,"column":92}},"type":"if","locations":[{"start":{"line":39,"column":20},"end":{"line":39,"column":92}}]},"4":{"loc":{"start":{"line":40,"column":20},"end":{"line":40,"column":82}},"type":"if","locations":[{"start":{"line":40,"column":20},"end":{"line":40,"column":82}}]},"5":{"loc":{"start":{"line":56,"column":4},"end":{"line":58,"column":null}},"type":"if","locations":[{"start":{"line":56,"column":4},"end":{"line":58,"column":null}}]}},"s":{"0":0,"1":0,"2":0,"3":0,"4":0,"5":0,"6":0,"7":0,"8":0,"9":0,"10":0,"11":0,"12":0,"13":0,"14":0,"15":0,"16":0,"17":0,"18":0,"19":0,"20":0,"21":0,"22":0,"23":0,"24":0,"25":0,"26":0,"27":0,"28":0,"29":0,"30":0,"31":0,"32":0,"33":0,"34":0,"35":0},"f":{"0":0,"1":0,"2":0,"3":0,"4":0,"5":0},"b":{"0":[0],"1":[0],"2":[0,0],"3":[0],"4":[0],"5":[0]}}
,"/home/runner/work/plugin-templates/plugin-templates/src/logger.ts": {"path":"/home/runner/work/plugin-templates/plugin-templates/src/logger.ts","statementMap":{"0":{"start":{"line":1,"column":0},"end":{"line":1,"column":25}},"1":{"start":{"line":8,"column":24},"end":{"line":8,"column":50}},"2":{"start":{"line":9,"column":8},"end":{"line":9,"column":41}},"3":{"start":{"line":13,"column":8},"end":{"line":13,"column":59}},"4":{"start":{"line":14,"column":8},"end":{"line":14,"column":28}},"5":{"start":{"line":18,"column":8},"end":{"line":23,"column":null}},"6":{"start":{"line":19,"column":23},"end":{"line":19,"column":49}},"7":{"start":{"line":20,"column":12},"end":{"line":20,"column":98}},"8":{"start":{"line":22,"column":12},"end":{"line":22,"column":56}},"9":{"start":{"line":3,"column":0},"end":{"line":3,"column":13}}},"fnMap":{"0":{"name":"(anonymous_7)","decl":{"start":{"line":7,"column":18},"end":{"line":7,"column":30}},"loc":{"start":{"line":7,"column":30},"end":{"line":10,"column":null}}},"1":{"name":"(anonymous_9)","decl":{"start":{"line":12,"column":4},"end":{"line":12,"column":16}},"loc":{"start":{"line":12,"column":34},"end":{"line":15,"column":5}}},"2":{"name":"(anonymous_10)","decl":{"start":{"line":17,"column":17},"end":{"line":17,"column":20}},"loc":{"start":{"line":17,"column":36},"end":{"line":24,"column":null}}}},"branchMap":{"0":{"loc":{"start":{"line":18,"column":8},"end":{"line":23,"column":null}},"type":"if","locations":[{"start":{"line":18,"column":8},"end":{"line":23,"column":null}},{"start":{"line":21,"column":15},"end":{"line":23,"column":null}}]}},"s":{"0":1,"1":1,"2":1,"3":1,"4":1,"5":0,"6":0,"7":0,"8":0,"9":1},"f":{"0":1,"1":1,"2":0},"b":{"0":[0,0]}}
,"/home/runner/work/plugin-templates/plugin-templates/src/parser.ts": {"path":"/home/runner/work/plugin-templates/plugin-templates/src/parser.ts","statementMap":{"0":{"start":{"line":1,"column":0},"end":{"line":1,"column":25}},"1":{"start":{"line":2,"column":0},"end":{"line":2,"column":57}},"2":{"start":{"line":5,"column":0},"end":{"line":5,"column":50}},"3":{"start":{"line":7,"column":0},"end":{"line":7,"column":46}},"4":{"start":{"line":8,"column":0},"end":{"line":8,"column":63}},"5":{"start":{"line":10,"column":0},"end":{"line":10,"column":69}},"6":{"start":{"line":11,"column":0},"end":{"line":11,"column":42}},"7":{"start":{"line":15,"column":13},"end":{"line":15,"column":65}},"8":{"start":{"line":21,"column":20},"end":{"line":21,"column":43}},"9":{"start":{"line":38,"column":33},"end":{"line":38,"column":49}},"10":{"start":{"line":39,"column":32},"end":{"line":39,"column":47}},"11":{"start":{"line":40,"column":34},"end":{"line":40,"column":53}},"12":{"start":{"line":41,"column":31},"end":{"line":41,"column":52}},"13":{"start":{"line":47,"column":12},"end":{"line":47,"column":138}},"14":{"start":{"line":50,"column":8},"end":{"line":50,"column":38}},"15":{"start":{"line":51,"column":8},"end":{"line":51,"column":39}},"16":{"start":{"line":52,"column":8},"end":{"line":52,"column":29}},"17":{"start":{"line":53,"column":8},"end":{"line":53,"column":50}},"18":{"start":{"line":57,"column":8},"end":{"line":63,"column":null}},"19":{"start":{"line":67,"column":31},"end":{"line":67,"column":33}},"20":{"start":{"line":68,"column":8},"end":{"line":70,"column":11}},"21":{"start":{"line":69,"column":12},"end":{"line":69,"column":122}},"22":{"start":{"line":71,"column":8},"end":{"line":71,"column":30}},"23":{"start":{"line":75,"column":8},"end":{"line":82,"column":null}},"24":{"start":{"line":76,"column":12},"end":{"line":81,"column":null}},"25":{"start":{"line":77,"column":37},"end":{"line":77,"column":76}},"26":{"start":{"line":78,"column":16},"end":{"line":78,"column":33}},"27":{"start":{"line":80,"column":16},"end":{"line":80,"column":221}},"28":{"start":{"line":86,"column":8},"end":{"line":88,"column":null}},"29":{"start":{"line":87,"column":12},"end":{"line":87,"column":22}},"30":{"start":{"line":90,"column":8},"end":{"line":90,"column":56}},"31":{"start":{"line":92,"column":64},"end":{"line":92,"column":66}},"32":{"start":{"line":93,"column":8},"end":{"line":95,"column":11}},"33":{"start":{"line":94,"column":12},"end":{"line":94,"column":109}},"34":{"start":{"line":97,"column":8},"end":{"line":97,"column":76}},"35":{"start":{"line":98,"column":32},"end":{"line":98,"column":76}},"36":{"start":{"line":100,"column":8},"end":{"line":102,"column":null}},"37":{"start":{"line":101,"column":12},"end":{"line":101,"column":24}},"38":{"start":{"line":110,"column":8},"end":{"line":120,"column":null}},"39":{"start":{"line":111,"column":12},"end":{"line":111,"column":61}},"40":{"start":{"line":113,"column":12},"end":{"line":113,"column":89}},"41":{"start":{"line":114,"column":12},"end":{"line":114,"column":74}},"42":{"start":{"line":116,"column":29},"end":{"line":116,"column":230}},"43":{"start":{"line":117,"column":12},"end":{"line":117,"column":37}},"44":{"start":{"line":119,"column":12},"end":{"line":119,"column":33}},"45":{"start":{"line":122,"column":8},"end":{"line":122,"column":78}},"46":{"start":{"line":126,"column":44},"end":{"line":126,"column":46}},"47":{"start":{"line":127,"column":21},"end":{"line":129,"column":null}},"48":{"start":{"line":132,"column":8},"end":{"line":139,"column":null}},"49":{"start":{"line":133,"column":12},"end":{"line":135,"column":null}},"50":{"start":{"line":134,"column":16},"end":{"line":134,"column":111}},"51":{"start":{"line":137,"column":33},"end":{"line":137,"column":79}},"52":{"start":{"line":138,"column":12},"end":{"line":138,"column":50}},"53":{"start":{"line":141,"column":8},"end":{"line":141,"column":19}},"54":{"start":{"line":145,"column":35},"end":{"line":150,"column":10}},"55":{"start":{"line":152,"column":8},"end":{"line":154,"column":null}},"56":{"start":{"line":153,"column":12},"end":{"line":153,"column":74}},"57":{"start":{"line":156,"column":8},"end":{"line":158,"column":null}},"58":{"start":{"line":157,"column":12},"end":{"line":157,"column":124}},"59":{"start":{"line":157,"column":92},"end":{"line":157,"column":100}},"60":{"start":{"line":157,"column":114},"end":{"line":157,"column":122}},"61":{"start":{"line":160,"column":8},"end":{"line":167,"column":null}},"62":{"start":{"line":161,"column":29},"end":{"line":161,"column":85}},"63":{"start":{"line":162,"column":12},"end":{"line":166,"column":null}},"64":{"start":{"line":163,"column":16},"end":{"line":163,"column":39}},"65":{"start":{"line":165,"column":16},"end":{"line":165,"column":77}},"66":{"start":{"line":169,"column":8},"end":{"line":172,"column":null}},"67":{"start":{"line":170,"column":31},"end":{"line":170,"column":84}},"68":{"start":{"line":171,"column":12},"end":{"line":171,"column":121}},"69":{"start":{"line":174,"column":8},"end":{"line":174,"column":20}},"70":{"start":{"line":183,"column":8},"end":{"line":183,"column":48}},"71":{"start":{"line":185,"column":44},"end":{"line":206,"column":9}},"72":{"start":{"line":186,"column":29},"end":{"line":186,"column":53}},"73":{"start":{"line":188,"column":12},"end":{"line":190,"column":null}},"74":{"start":{"line":189,"column":16},"end":{"line":189,"column":28}},"75":{"start":{"line":192,"column":46},"end":{"line":198,"column":31}},"76":{"start":{"line":193,"column":16},"end":{"line":197,"column":null}},"77":{"start":{"line":194,"column":20},"end":{"line":194,"column":33}},"78":{"start":{"line":196,"column":20},"end":{"line":196,"column":32}},"79":{"start":{"line":200,"column":12},"end":{"line":202,"column":null}},"80":{"start":{"line":201,"column":16},"end":{"line":201,"column":28}},"81":{"start":{"line":204,"column":34},"end":{"line":204,"column":62}},"82":{"start":{"line":205,"column":12},"end":{"line":205,"column":67}},"83":{"start":{"line":208,"column":29},"end":{"line":231,"column":9}},"84":{"start":{"line":209,"column":12},"end":{"line":228,"column":null}},"85":{"start":{"line":211,"column":32},"end":{"line":211,"column":79}},"86":{"start":{"line":212,"column":32},"end":{"line":212,"column":63}},"87":{"start":{"line":213,"column":16},"end":{"line":215,"column":null}},"88":{"start":{"line":214,"column":20},"end":{"line":214,"column":29}},"89":{"start":{"line":217,"column":35},"end":{"line":217,"column":45}},"90":{"start":{"line":220,"column":16},"end":{"line":222,"column":null}},"91":{"start":{"line":221,"column":20},"end":{"line":221,"column":29}},"92":{"start":{"line":224,"column":33},"end":{"line":224,"column":54}},"93":{"start":{"line":225,"column":38},"end":{"line":225,"column":95}},"94":{"start":{"line":227,"column":16},"end":{"line":227,"column":87}},"95":{"start":{"line":230,"column":12},"end":{"line":230,"column":36}},"96":{"start":{"line":233,"column":39},"end":{"line":233,"column":68}},"97":{"start":{"line":234,"column":8},"end":{"line":236,"column":null}},"98":{"start":{"line":235,"column":12},"end":{"line":235,"column":32}},"99":{"start":{"line":238,"column":37},"end":{"line":238,"column":144}},"100":{"start":{"line":239,"column":8},"end":{"line":239,"column":101}},"101":{"start":{"line":241,"column":8},"end":{"line":241,"column":68}},"102":{"start":{"line":245,"column":8},"end":{"line":247,"column":null}},"103":{"start":{"line":246,"column":12},"end":{"line":246,"column":24}},"104":{"start":{"line":249,"column":8},"end":{"line":249,"column":67}},"105":{"start":{"line":251,"column":8},"end":{"line":306,"column":null}},"106":{"start":{"line":252,"column":38},"end":{"line":252,"column":64}},"107":{"start":{"line":253,"column":38},"end":{"line":253,"column":66}},"108":{"start":{"line":255,"column":36},"end":{"line":255,"column":38}},"109":{"start":{"line":256,"column":37},"end":{"line":258,"column":14}},"110":{"start":{"line":260,"column":12},"end":{"line":266,"column":null}},"111":{"start":{"line":261,"column":16},"end":{"line":265,"column":null}},"112":{"start":{"line":262,"column":20},"end":{"line":262,"column":77}},"113":{"start":{"line":264,"column":20},"end":{"line":264,"column":76}},"114":{"start":{"line":268,"column":35},"end":{"line":268,"column":96}},"115":{"start":{"line":269,"column":12},"end":{"line":271,"column":null}},"116":{"start":{"line":270,"column":16},"end":{"line":270,"column":28}},"117":{"start":{"line":273,"column":43},"end":{"line":273,"column":103}},"118":{"start":{"line":274,"column":32},"end":{"line":274,"column":82}},"119":{"start":{"line":277,"column":12},"end":{"line":277,"column":62}},"120":{"start":{"line":279,"column":25},"end":{"line":282,"column":null}},"121":{"start":{"line":285,"column":33},"end":{"line":285,"column":55}},"122":{"start":{"line":286,"column":37},"end":{"line":286,"column":69}},"123":{"start":{"line":293,"column":29},"end":{"line":295,"column":null}},"124":{"start":{"line":298,"column":12},"end":{"line":300,"column":null}},"125":{"start":{"line":303,"column":12},"end":{"line":303,"column":61}},"126":{"start":{"line":304,"column":12},"end":{"line":304,"column":141}},"127":{"start":{"line":305,"column":12},"end":{"line":305,"column":24}},"128":{"start":{"line":43,"column":0},"end":{"line":43,"column":13}}},"fnMap":{"0":{"name":"(anonymous_7)","decl":{"start":{"line":49,"column":4},"end":{"line":49,"column":16}},"loc":{"start":{"line":49,"column":92},"end":{"line":54,"column":5}}},"1":{"name":"(anonymous_8)","decl":{"start":{"line":56,"column":12},"end":{"line":56,"column":29}},"loc":{"start":{"line":56,"column":29},"end":{"line":64,"column":5}}},"2":{"name":"(anonymous_9)","decl":{"start":{"line":66,"column":12},"end":{"line":66,"column":38}},"loc":{"start":{"line":66,"column":120},"end":{"line":72,"column":5}}},"3":{"name":"(anonymous_10)","decl":{"start":{"line":68,"column":34},"end":{"line":68,"column":46}},"loc":{"start":{"line":68,"column":49},"end":{"line":70,"column":9}}},"4":{"name":"(anonymous_11)","decl":{"start":{"line":74,"column":12},"end":{"line":74,"column":30}},"loc":{"start":{"line":74,"column":54},"end":{"line":83,"column":5}}},"5":{"name":"(anonymous_12)","decl":{"start":{"line":85,"column":18},"end":{"line":85,"column":35}},"loc":{"start":{"line":85,"column":85},"end":{"line":123,"column":null}}},"6":{"name":"(anonymous_14)","decl":{"start":{"line":93,"column":35},"end":{"line":93,"column":47}},"loc":{"start":{"line":93,"column":50},"end":{"line":95,"column":9}}},"7":{"name":"(anonymous_15)","decl":{"start":{"line":125,"column":12},"end":{"line":125,"column":33}},"loc":{"start":{"line":125,"column":121},"end":{"line":142,"column":5}}},"8":{"name":"(anonymous_16)","decl":{"start":{"line":144,"column":18},"end":{"line":144,"column":33}},"loc":{"start":{"line":144,"column":80},"end":{"line":175,"column":null}}},"9":{"name":"(anonymous_18)","decl":{"start":{"line":157,"column":87},"end":{"line":157,"column":88}},"loc":{"start":{"line":157,"column":92},"end":{"line":157,"column":100}}},"10":{"name":"(anonymous_19)","decl":{"start":{"line":157,"column":109},"end":{"line":157,"column":110}},"loc":{"start":{"line":157,"column":114},"end":{"line":157,"column":122}}},"11":{"name":"(anonymous_20)","decl":{"start":{"line":177,"column":12},"end":{"line":177,"column":34}},"loc":{"start":{"line":177,"column":55},"end":{"line":242,"column":5}}},"12":{"name":"(anonymous_21)","decl":{"start":{"line":185,"column":44},"end":{"line":185,"column":47}},"loc":{"start":{"line":185,"column":49},"end":{"line":206,"column":9}}},"13":{"name":"(anonymous_22)","decl":{"start":{"line":192,"column":59},"end":{"line":192,"column":60}},"loc":{"start":{"line":192,"column":74},"end":{"line":198,"column":13}}},"14":{"name":"(anonymous_23)","decl":{"start":{"line":208,"column":29},"end":{"line":208,"column":30}},"loc":{"start":{"line":208,"column":80},"end":{"line":231,"column":9}}},"15":{"name":"(anonymous_24)","decl":{"start":{"line":244,"column":17},"end":{"line":244,"column":30}},"loc":{"start":{"line":244,"column":52},"end":{"line":307,"column":null}}}},"branchMap":{"0":{"loc":{"start":{"line":86,"column":8},"end":{"line":88,"column":null}},"type":"if","locations":[{"start":{"line":86,"column":8},"end":{"line":88,"column":null}}]},"1":{"loc":{"start":{"line":100,"column":8},"end":{"line":102,"column":null}},"type":"if","locations":[{"start":{"line":100,"column":8},"end":{"line":102,"column":null}}]},"2":{"loc":{"start":{"line":133,"column":12},"end":{"line":135,"column":null}},"type":"if","locations":[{"start":{"line":133,"column":12},"end":{"line":135,"column":null}}]},"3":{"loc":{"start":{"line":152,"column":8},"end":{"line":154,"column":null}},"type":"if","locations":[{"start":{"line":152,"column":8},"end":{"line":154,"column":null}}]},"4":{"loc":{"start":{"line":156,"column":8},"end":{"line":158,"column":null}},"type":"if","locations":[{"start":{"line":156,"column":8},"end":{"line":158,"column":null}}]},"5":{"loc":{"start":{"line":160,"column":8},"end":{"line":167,"column":null}},"type":"if","locations":[{"start":{"line":160,"column":8},"end":{"line":167,"column":null}}]},"6":{"loc":{"start":{"line":162,"column":12},"end":{"line":166,"column":null}},"type":"if","locations":[{"start":{"line":162,"column":12},"end":{"line":166,"column":null}},{"start":{"line":164,"column":19},"end":{"line":166,"column":null}}]},"7":{"loc":{"start":{"line":169,"column":8},"end":{"line":172,"column":null}},"type":"if","locations":[{"start":{"line":169,"column":8},"end":{"line":172,"column":null}}]},"8":{"loc":{"start":{"line":188,"column":12},"end":{"line":190,"column":null}},"type":"if","locations":[{"start":{"line":188,"column":12},"end":{"line":190,"column":null}}]},"9":{"loc":{"start":{"line":188,"column":16},"end":{"line":188,"column":62}},"type":"binary-expr","locations":[{"start":{"line":188,"column":16},"end":{"line":188,"column":37}},{"start":{"line":188,"column":41},"end":{"line":188,"column":62}}]},"10":{"loc":{"start":{"line":193,"column":16},"end":{"line":197,"column":null}},"type":"if","locations":[{"start":{"line":193,"column":16},"end":{"line":197,"column":null}},{"start":{"line":195,"column":23},"end":{"line":197,"column":null}}]},"11":{"loc":{"start":{"line":193,"column":20},"end":{"line":193,"column":42}},"type":"binary-expr","locations":[{"start":{"line":193,"column":20},"end":{"line":193,"column":25}},{"start":{"line":193,"column":29},"end":{"line":193,"column":42}}]},"12":{"loc":{"start":{"line":200,"column":12},"end":{"line":202,"column":null}},"type":"if","locations":[{"start":{"line":200,"column":12},"end":{"line":202,"column":null}}]},"13":{"loc":{"start":{"line":213,"column":16},"end":{"line":215,"column":null}},"type":"if","locations":[{"start":{"line":213,"column":16},"end":{"line":215,"column":null}}]},"14":{"loc":{"start":{"line":220,"column":16},"end":{"line":222,"column":null}},"type":"if","locations":[{"start":{"line":220,"column":16},"end":{"line":222,"column":null}}]},"15":{"loc":{"start":{"line":234,"column":8},"end":{"line":236,"column":null}},"type":"if","locations":[{"start":{"line":234,"column":8},"end":{"line":236,"column":null}}]},"16":{"loc":{"start":{"line":245,"column":8},"end":{"line":247,"column":null}},"type":"if","locations":[{"start":{"line":245,"column":8},"end":{"line":247,"column":null}}]},"17":{"loc":{"start":{"line":261,"column":16},"end":{"line":265,"column":null}},"type":"if","locations":[{"start":{"line":261,"column":16},"end":{"line":265,"column":null}},{"start":{"line":263,"column":23},"end":{"line":265,"column":null}}]},"18":{"loc":{"start":{"line":269,"column":12},"end":{"line":271,"column":null}},"type":"if","locations":[{"start":{"line":269,"column":12},"end":{"line":271,"column":null}}]}},"s":{"0":1,"1":1,"2":1,"3":1,"4":1,"5":1,"6":1,"7":1,"8":1,"9":1,"10":1,"11":1,"12":1,"13":28,"14":28,"15":28,"16":28,"17":28,"18":56,"19":21,"20":21,"21":39,"22":21,"23":23,"24":41,"25":41,"26":41,"27":1,"28":31,"29":8,"30":23,"31":22,"32":22,"33":40,"34":22,"35":22,"36":22,"37":1,"38":21,"39":21,"40":0,"41":0,"42":0,"43":0,"44":0,"45":21,"46":29,"47":29,"48":29,"49":36,"50":0,"51":36,"52":36,"53":29,"54":29,"55":29,"56":1,"57":29,"58":2,"59":5,"60":5,"61":29,"62":2,"63":2,"64":1,"65":1,"66":28,"67":2,"68":2,"69":27,"70":32,"71":32,"72":32,"73":32,"74":6,"75":26,"76":248,"77":26,"78":222,"79":26,"80":0,"81":26,"82":26,"83":32,"84":26,"85":104,"86":104,"87":104,"88":96,"89":8,"90":8,"91":0,"92":8,"93":8,"94":8,"95":26,"96":32,"97":32,"98":6,"99":26,"100":26,"101":26,"102":32,"103":0,"104":32,"105":32,"106":32,"107":31,"108":31,"109":31,"110":31,"111":48,"112":7,"113":41,"114":31,"115":30,"116":1,"117":29,"118":29,"119":27,"120":27,"121":27,"122":27,"123":27,"124":27,"125":15,"126":15,"127":15,"128":1},"f":{"0":28,"1":56,"2":21,"3":39,"4":23,"5":31,"6":40,"7":29,"8":29,"9":5,"10":5,"11":32,"12":32,"13":248,"14":26,"15":32},"b":{"0":[8],"1":[1],"2":[0],"3":[1],"4":[2],"5":[2],"6":[1,1],"7":[2],"8":[6],"9":[32,32],"10":[26,222],"11":[248,222],"12":[0],"13":[96],"14":[0],"15":[6],"16":[0],"17":[7,41],"18":[1]}}
,"/home/runner/work/plugin-templates/plugin-templates/src/helpers/case.ts": {"path":"/home/runner/work/plugin-templates/plugin-templates/src/helpers/case.ts","statementMap":{"0":{"start":{"line":1,"column":0},"end":{"line":1,"column":68}},"1":{"start":{"line":3,"column":50},"end":{"line":16,"column":1}},"2":{"start":{"line":4,"column":4},"end":{"line":15,"column":7}},"3":{"start":{"line":5,"column":19},"end":{"line":5,"column":47}},"4":{"start":{"line":7,"column":8},"end":{"line":14,"column":null}},"5":{"start":{"line":9,"column":16},"end":{"line":9,"column":40}},"6":{"start":{"line":11,"column":16},"end":{"line":11,"column":40}},"7":{"start":{"line":13,"column":16},"end":{"line":13,"column":77}},"8":{"start":{"line":3,"column":13},"end":{"line":3,"column":50}}},"fnMap":{"0":{"name":"(anonymous_0)","decl":{"start":{"line":3,"column":50},"end":{"line":3,"column":53}},"loc":{"start":{"line":3,"column":56},"end":{"line":16,"column":1}}},"1":{"name":"(anonymous_1)","decl":{"start":{"line":4,"column":40},"end":{"line":4,"column":41}},"loc":{"start":{"line":4,"column":64},"end":{"line":15,"column":5}}}},"branchMap":{"0":{"loc":{"start":{"line":7,"column":8},"end":{"line":14,"column":null}},"type":"switch","locations":[{"start":{"line":8,"column":12},"end":{"line":9,"column":40}},{"start":{"line":10,"column":12},"end":{"line":11,"column":40}},{"start":{"line":12,"column":12},"end":{"line":13,"column":77}}]}},"s":{"0":1,"1":1,"2":28,"3":4,"4":4,"5":2,"6":1,"7":1,"8":1},"f":{"0":28,"1":4},"b":{"0":[2,1,1]}}
,"/home/runner/work/plugin-templates/plugin-templates/src/helpers/compare.ts": {"path":"/home/runner/work/plugin-templates/plugin-templates/src/helpers/compare.ts","statementMap":{"0":{"start":{"line":1,"column":0},"end":{"line":1,"column":68}},"1":{"start":{"line":3,"column":53},"end":{"line":42,"column":1}},"2":{"start":{"line":4,"column":4},"end":{"line":41,"column":7}},"3":{"start":{"line":5,"column":8},"end":{"line":40,"column":null}},"4":{"start":{"line":9,"column":16},"end":{"line":9,"column":34}},"5":{"start":{"line":13,"column":16},"end":{"line":13,"column":35}},"6":{"start":{"line":17,"column":16},"end":{"line":17,"column":34}},"7":{"start":{"line":21,"column":16},"end":{"line":21,"column":35}},"8":{"start":{"line":25,"column":16},"end":{"line":25,"column":33}},"9":{"start":{"line":29,"column":16},"end":{"line":29,"column":34}},"10":{"start":{"line":33,"column":16},"end":{"line":33,"column":33}},"11":{"start":{"line":37,"column":16},"end":{"line":37,"column":34}},"12":{"start":{"line":39,"column":16},"end":{"line":39,"column":94}},"13":{"start":{"line":3,"column":13},"end":{"line":3,"column":53}}},"fnMap":{"0":{"name":"(anonymous_0)","decl":{"start":{"line":3,"column":53},"end":{"line":3,"column":56}},"loc":{"start":{"line":3,"column":59},"end":{"line":42,"column":1}}},"1":{"name":"(anonymous_1)","decl":{"start":{"line":4,"column":43},"end":{"line":4,"column":44}},"loc":{"start":{"line":4,"column":73},"end":{"line":41,"column":5}}}},"branchMap":{"0":{"loc":{"start":{"line":5,"column":8},"end":{"line":40,"column":null}},"type":"switch","locations":[{"start":{"line":6,"column":12},"end":{"line":6,"column":22}},{"start":{"line":7,"column":12},"end":{"line":7,"column":22}},{"start":{"line":8,"column":12},"end":{"line":9,"column":34}},{"start":{"line":10,"column":12},"end":{"line":10,"column":23}},{"start":{"line":11,"column":12},"end":{"line":11,"column":23}},{"start":{"line":12,"column":12},"end":{"line":13,"column":35}},{"start":{"line":14,"column":12},"end":{"line":14,"column":22}},{"start":{"line":15,"column":12},"end":{"line":15,"column":22}},{"start":{"line":16,"column":12},"end":{"line":17,"column":34}},{"start":{"line":18,"column":12},"end":{"line":18,"column":23}},{"start":{"line":19,"column":12},"end":{"line":19,"column":23}},{"start":{"line":20,"column":12},"end":{"line":21,"column":35}},{"start":{"line":22,"column":12},"end":{"line":22,"column":21}},{"start":{"line":23,"column":12},"end":{"line":23,"column":22}},{"start":{"line":24,"column":12},"end":{"line":25,"column":33}},{"start":{"line":26,"column":12},"end":{"line":26,"column":22}},{"start":{"line":27,"column":12},"end":{"line":27,"column":23}},{"start":{"line":28,"column":12},"end":{"line":29,"column":34}},{"start":{"line":30,"column":12},"end":{"line":30,"column":21}},{"start":{"line":31,"column":12},"end":{"line":31,"column":22}},{"start":{"line":32,"column":12},"end":{"line":33,"column":33}},{"start":{"line":34,"column":12},"end":{"line":34,"column":22}},{"start":{"line":35,"column":12},"end":{"line":35,"column":23}},{"start":{"line":36,"column":12},"end":{"line":37,"column":34}},{"start":{"line":38,"column":12},"end":{"line":39,"column":94}}]}},"s":{"0":1,"1":1,"2":28,"3":18,"4":7,"5":1,"6":3,"7":1,"8":1,"9":1,"10":2,"11":1,"12":1,"13":1},"f":{"0":28,"1":18},"b":{"0":[7,7,7,1,1,1,3,3,3,1,1,1,1,1,1,1,1,1,2,2,2,1,1,1,1]}}
,"/home/runner/work/plugin-templates/plugin-templates/src/helpers/condition.ts": {"path":"/home/runner/work/plugin-templates/plugin-templates/src/helpers/condition.ts","statementMap":{"0":{"start":{"line":1,"column":0},"end":{"line":1,"column":68}},"1":{"start":{"line":3,"column":55},"end":{"line":19,"column":1}},"2":{"start":{"line":4,"column":4},"end":{"line":18,"column":7}},"3":{"start":{"line":5,"column":8},"end":{"line":17,"column":null}},"4":{"start":{"line":8,"column":16},"end":{"line":8,"column":27}},"5":{"start":{"line":11,"column":16},"end":{"line":11,"column":34}},"6":{"start":{"line":14,"column":16},"end":{"line":14,"column":34}},"7":{"start":{"line":16,"column":16},"end":{"line":16,"column":85}},"8":{"start":{"line":3,"column":13},"end":{"line":3,"column":55}}},"fnMap":{"0":{"name":"(anonymous_0)","decl":{"start":{"line":3,"column":55},"end":{"line":3,"column":58}},"loc":{"start":{"line":3,"column":61},"end":{"line":19,"column":1}}},"1":{"name":"(anonymous_1)","decl":{"start":{"line":4,"column":45},"end":{"line":4,"column":46}},"loc":{"start":{"line":4,"column":75},"end":{"line":18,"column":5}}}},"branchMap":{"0":{"loc":{"start":{"line":5,"column":8},"end":{"line":17,"column":null}},"type":"switch","locations":[{"start":{"line":6,"column":12},"end":{"line":6,"column":21}},{"start":{"line":7,"column":12},"end":{"line":8,"column":27}},{"start":{"line":9,"column":12},"end":{"line":9,"column":22}},{"start":{"line":10,"column":12},"end":{"line":11,"column":34}},{"start":{"line":12,"column":12},"end":{"line":12,"column":22}},{"start":{"line":13,"column":12},"end":{"line":14,"column":34}},{"start":{"line":15,"column":12},"end":{"line":16,"column":85}}]},"1":{"loc":{"start":{"line":11,"column":24},"end":{"line":11,"column":32}},"type":"binary-expr","locations":[{"start":{"line":11,"column":24},"end":{"line":11,"column":26}},{"start":{"line":11,"column":30},"end":{"line":11,"column":32}}]},"2":{"loc":{"start":{"line":14,"column":24},"end":{"line":14,"column":32}},"type":"binary-expr","locations":[{"start":{"line":14,"column":24},"end":{"line":14,"column":26}},{"start":{"line":14,"column":30},"end":{"line":14,"column":32}}]}},"s":{"0":1,"1":1,"2":28,"3":9,"4":3,"5":4,"6":1,"7":1,"8":1},"f":{"0":28,"1":9},"b":{"0":[3,3,4,4,1,1,1],"1":[4,4],"2":[1,0]}}
,"/home/runner/work/plugin-templates/plugin-templates/src/helpers/context.ts": {"path":"/home/runner/work/plugin-templates/plugin-templates/src/helpers/context.ts","statementMap":{"0":{"start":{"line":7,"column":8},"end":{"line":7,"column":42}},"1":{"start":{"line":3,"column":0},"end":{"line":3,"column":13}}},"fnMap":{"0":{"name":"(anonymous_0)","decl":{"start":{"line":6,"column":4},"end":{"line":6,"column":16}},"loc":{"start":{"line":6,"column":43},"end":{"line":8,"column":5}}}},"branchMap":{},"s":{"0":28,"1":1},"f":{"0":28},"b":{}}
,"/home/runner/work/plugin-templates/plugin-templates/src/helpers/custom_datetime.ts": {"path":"/home/runner/work/plugin-templates/plugin-templates/src/helpers/custom_datetime.ts","statementMap":{"0":{"start":{"line":1,"column":0},"end":{"line":1,"column":68}},"1":{"start":{"line":3,"column":60},"end":{"line":7,"column":1}},"2":{"start":{"line":4,"column":4},"end":{"line":6,"column":7}},"3":{"start":{"line":5,"column":8},"end":{"line":5,"column":69}},"4":{"start":{"line":3,"column":13},"end":{"line":3,"column":60}}},"fnMap":{"0":{"name":"(anonymous_0)","decl":{"start":{"line":3,"column":60},"end":{"line":3,"column":63}},"loc":{"start":{"line":3,"column":66},"end":{"line":7,"column":1}}},"1":{"name":"(anonymous_1)","decl":{"start":{"line":4,"column":51},"end":{"line":4,"column":52}},"loc":{"start":{"line":4,"column":63},"end":{"line":6,"column":5}}}},"branchMap":{},"s":{"0":1,"1":1,"2":28,"3":1,"4":1},"f":{"0":28,"1":1},"b":{}}
,"/home/runner/work/plugin-templates/plugin-templates/src/helpers/datetime.ts": {"path":"/home/runner/work/plugin-templates/plugin-templates/src/helpers/datetime.ts","statementMap":{"0":{"start":{"line":1,"column":0},"end":{"line":1,"column":68}},"1":{"start":{"line":2,"column":0},"end":{"line":2,"column":94}},"2":{"start":{"line":3,"column":0},"end":{"line":3,"column":33}},"3":{"start":{"line":5,"column":15},"end":{"line":5,"column":23}},"4":{"start":{"line":6,"column":17},"end":{"line":6,"column":27}},"5":{"start":{"line":7,"column":17},"end":{"line":7,"column":27}},"6":{"start":{"line":8,"column":20},"end":{"line":8,"column":33}},"7":{"start":{"line":9,"column":21},"end":{"line":9,"column":35}},"8":{"start":{"line":10,"column":19},"end":{"line":10,"column":31}},"9":{"start":{"line":11,"column":20},"end":{"line":11,"column":33}},"10":{"start":{"line":12,"column":22},"end":{"line":12,"column":37}},"11":{"start":{"line":13,"column":22},"end":{"line":13,"column":37}},"12":{"start":{"line":15,"column":54},"end":{"line":94,"column":1}},"13":{"start":{"line":16,"column":42},"end":{"line":62,"column":6}},"14":{"start":{"line":64,"column":4},"end":{"line":93,"column":7}},"15":{"start":{"line":65,"column":23},"end":{"line":65,"column":50}},"16":{"start":{"line":66,"column":22},"end":{"line":66,"column":48}},"17":{"start":{"line":68,"column":20},"end":{"line":68,"column":48}},"18":{"start":{"line":70,"column":8},"end":{"line":75,"column":null}},"19":{"start":{"line":71,"column":31},"end":{"line":71,"column":126}},"20":{"start":{"line":72,"column":12},"end":{"line":72,"column":45}},"21":{"start":{"line":73,"column":12},"end":{"line":73,"column":47}},"22":{"start":{"line":74,"column":12},"end":{"line":74,"column":45}},"23":{"start":{"line":77,"column":8},"end":{"line":83,"column":null}},"24":{"start":{"line":78,"column":31},"end":{"line":78,"column":126}},"25":{"start":{"line":79,"column":12},"end":{"line":79,"column":47}},"26":{"start":{"line":80,"column":12},"end":{"line":80,"column":51}},"27":{"start":{"line":81,"column":12},"end":{"line":81,"column":51}},"28":{"start":{"line":82,"column":12},"end":{"line":82,"column":39}},"29":{"start":{"line":85,"column":8},"end":{"line":85,"column":55}},"30":{"start":{"line":86,"column":8},"end":{"line":86,"column":57}},"31":{"start":{"line":87,"column":8},"end":{"line":87,"column":53}},"32":{"start":{"line":88,"column":8},"end":{"line":88,"column":55}},"33":{"start":{"line":89,"column":8},"end":{"line":89,"column":59}},"34":{"start":{"line":90,"column":8},"end":{"line":90,"column":59}},"35":{"start":{"line":92,"column":8},"end":{"line":92,"column":101}},"36":{"start":{"line":15,"column":13},"end":{"line":15,"column":54}}},"fnMap":{"0":{"name":"(anonymous_0)","decl":{"start":{"line":15,"column":54},"end":{"line":15,"column":55}},"loc":{"start":{"line":15,"column":62},"end":{"line":94,"column":1}}},"1":{"name":"(anonymous_1)","decl":{"start":{"line":64,"column":44},"end":{"line":64,"column":54}},"loc":{"start":{"line":64,"column":61},"end":{"line":93,"column":5}}}},"branchMap":{"0":{"loc":{"start":{"line":70,"column":8},"end":{"line":75,"column":null}},"type":"if","locations":[{"start":{"line":70,"column":8},"end":{"line":75,"column":null}}]},"1":{"loc":{"start":{"line":77,"column":8},"end":{"line":83,"column":null}},"type":"if","locations":[{"start":{"line":77,"column":8},"end":{"line":83,"column":null}}]}},"s":{"0":1,"1":1,"2":1,"3":1,"4":1,"5":1,"6":1,"7":1,"8":1,"9":1,"10":1,"11":1,"12":1,"13":28,"14":28,"15":13,"16":13,"17":12,"18":12,"19":3,"20":2,"21":2,"22":2,"23":11,"24":3,"25":2,"26":2,"27":2,"28":2,"29":10,"30":10,"31":10,"32":10,"33":10,"34":10,"35":10,"36":1},"f":{"0":28,"1":13},"b":{"0":[3],"1":[3]}}
,"/home/runner/work/plugin-templates/plugin-templates/src/helpers/helper.ts": {"path":"/home/runner/work/plugin-templates/plugin-templates/src/helpers/helper.ts","statementMap":{"0":{"start":{"line":1,"column":0},"end":{"line":1,"column":57}},"1":{"start":{"line":14,"column":8},"end":{"line":14,"column":23}},"2":{"start":{"line":15,"column":8},"end":{"line":15,"column":25}},"3":{"start":{"line":19,"column":8},"end":{"line":19,"column":55}},"4":{"start":{"line":9,"column":0},"end":{"line":9,"column":13}}},"fnMap":{"0":{"name":"(anonymous_0)","decl":{"start":{"line":13,"column":4},"end":{"line":13,"column":16}},"loc":{"start":{"line":13,"column":45},"end":{"line":16,"column":5}}},"1":{"name":"(anonymous_1)","decl":{"start":{"line":18,"column":11},"end":{"line":18,"column":19}},"loc":{"start":{"line":18,"column":19},"end":{"line":20,"column":5}}}},"branchMap":{},"s":{"0":1,"1":196,"2":196,"3":196,"4":1},"f":{"0":196,"1":196},"b":{}}
,"/home/runner/work/plugin-templates/plugin-templates/src/helpers/index.ts": {"path":"/home/runner/work/plugin-templates/plugin-templates/src/helpers/index.ts","statementMap":{"0":{"start":{"line":3,"column":0},"end":{"line":3,"column":42}},"1":{"start":{"line":5,"column":0},"end":{"line":5,"column":57}},"2":{"start":{"line":6,"column":0},"end":{"line":6,"column":42}},"3":{"start":{"line":7,"column":0},"end":{"line":7,"column":36}},"4":{"start":{"line":8,"column":0},"end":{"line":8,"column":46}},"5":{"start":{"line":9,"column":0},"end":{"line":9,"column":40}},"6":{"start":{"line":10,"column":0},"end":{"line":10,"column":44}},"7":{"start":{"line":11,"column":0},"end":{"line":11,"column":36}},"8":{"start":{"line":25,"column":24},"end":{"line":25,"column":59}},"9":{"start":{"line":26,"column":8},"end":{"line":28,"column":null}},"10":{"start":{"line":27,"column":12},"end":{"line":27,"column":39}},"11":{"start":{"line":13,"column":0},"end":{"line":13,"column":13}},"12":{"start":{"line":14,"column":19},"end":{"line":22,"column":6}}},"fnMap":{"0":{"name":"(anonymous_0)","decl":{"start":{"line":24,"column":4},"end":{"line":24,"column":10}},"loc":{"start":{"line":24,"column":61},"end":{"line":29,"column":5}}}},"branchMap":{},"s":{"0":1,"1":1,"2":1,"3":1,"4":1,"5":1,"6":1,"7":1,"8":28,"9":28,"10":196,"11":1,"12":1},"f":{"0":28},"b":{}}
,"/home/runner/work/plugin-templates/plugin-templates/src/helpers/math.ts": {"path":"/home/runner/work/plugin-templates/plugin-templates/src/helpers/math.ts","statementMap":{"0":{"start":{"line":1,"column":0},"end":{"line":1,"column":68}},"1":{"start":{"line":3,"column":50},"end":{"line":30,"column":1}},"2":{"start":{"line":4,"column":4},"end":{"line":29,"column":7}},"3":{"start":{"line":5,"column":19},"end":{"line":5,"column":43}},"4":{"start":{"line":6,"column":19},"end":{"line":6,"column":43}},"5":{"start":{"line":8,"column":8},"end":{"line":10,"column":null}},"6":{"start":{"line":9,"column":12},"end":{"line":9,"column":99}},"7":{"start":{"line":12,"column":8},"end":{"line":28,"column":null}},"8":{"start":{"line":14,"column":16},"end":{"line":14,"column":31}},"9":{"start":{"line":16,"column":16},"end":{"line":16,"column":31}},"10":{"start":{"line":18,"column":16},"end":{"line":18,"column":31}},"11":{"start":{"line":20,"column":16},"end":{"line":20,"column":31}},"12":{"start":{"line":22,"column":16},"end":{"line":22,"column":32}},"13":{"start":{"line":24,"column":16},"end":{"line":24,"column":67}},"14":{"start":{"line":24,"column":25},"end":{"line":24,"column":67}},"15":{"start":{"line":25,"column":16},"end":{"line":25,"column":31}},"16":{"start":{"line":27,"column":16},"end":{"line":27,"column":80}},"17":{"start":{"line":3,"column":13},"end":{"line":3,"column":50}}},"fnMap":{"0":{"name":"(anonymous_0)","decl":{"start":{"line":3,"column":50},"end":{"line":3,"column":53}},"loc":{"start":{"line":3,"column":56},"end":{"line":30,"column":1}}},"1":{"name":"(anonymous_1)","decl":{"start":{"line":4,"column":40},"end":{"line":4,"column":41}},"loc":{"start":{"line":4,"column":75},"end":{"line":29,"column":5}}}},"branchMap":{"0":{"loc":{"start":{"line":8,"column":8},"end":{"line":10,"column":null}},"type":"if","locations":[{"start":{"line":8,"column":8},"end":{"line":10,"column":null}}]},"1":{"loc":{"start":{"line":8,"column":12},"end":{"line":8,"column":48}},"type":"binary-expr","locations":[{"start":{"line":8,"column":12},"end":{"line":8,"column":28}},{"start":{"line":8,"column":32},"end":{"line":8,"column":48}}]},"2":{"loc":{"start":{"line":12,"column":8},"end":{"line":28,"column":null}},"type":"switch","locations":[{"start":{"line":13,"column":12},"end":{"line":14,"column":31}},{"start":{"line":15,"column":12},"end":{"line":16,"column":31}},{"start":{"line":17,"column":12},"end":{"line":18,"column":31}},{"start":{"line":19,"column":12},"end":{"line":20,"column":31}},{"start":{"line":21,"column":12},"end":{"line":22,"column":32}},{"start":{"line":23,"column":12},"end":{"line":25,"column":31}},{"start":{"line":26,"column":12},"end":{"line":27,"column":80}}]},"3":{"loc":{"start":{"line":24,"column":16},"end":{"line":24,"column":67}},"type":"if","locations":[{"start":{"line":24,"column":16},"end":{"line":24,"column":67}}]}},"s":{"0":1,"1":1,"2":28,"3":17,"4":17,"5":17,"6":2,"7":15,"8":2,"9":2,"10":5,"11":3,"12":1,"13":2,"14":1,"15":1,"16":0,"17":1},"f":{"0":28,"1":17},"b":{"0":[2],"1":[17,15],"2":[2,2,5,3,1,2,0],"3":[1]}}
,"/home/runner/work/plugin-templates/plugin-templates/src/helpers/repeat.ts": {"path":"/home/runner/work/plugin-templates/plugin-templates/src/helpers/repeat.ts","statementMap":{"0":{"start":{"line":1,"column":0},"end":{"line":1,"column":68}},"1":{"start":{"line":3,"column":52},"end":{"line":17,"column":1}},"2":{"start":{"line":4,"column":4},"end":{"line":16,"column":7}},"3":{"start":{"line":5,"column":20},"end":{"line":5,"column":43}},"4":{"start":{"line":7,"column":8},"end":{"line":9,"column":null}},"5":{"start":{"line":8,"column":12},"end":{"line":8,"column":86}},"6":{"start":{"line":11,"column":18},"end":{"line":11,"column":20}},"7":{"start":{"line":12,"column":8},"end":{"line":14,"column":null}},"8":{"start":{"line":12,"column":21},"end":{"line":12,"column":22}},"9":{"start":{"line":13,"column":12},"end":{"line":13,"column":62}},"10":{"start":{"line":15,"column":8},"end":{"line":15,"column":19}},"11":{"start":{"line":3,"column":13},"end":{"line":3,"column":52}}},"fnMap":{"0":{"name":"(anonymous_0)","decl":{"start":{"line":3,"column":52},"end":{"line":3,"column":53}},"loc":{"start":{"line":3,"column":60},"end":{"line":17,"column":1}}},"1":{"name":"(anonymous_1)","decl":{"start":{"line":4,"column":42},"end":{"line":4,"column":52}},"loc":{"start":{"line":4,"column":67},"end":{"line":16,"column":5}}}},"branchMap":{"0":{"loc":{"start":{"line":7,"column":8},"end":{"line":9,"column":null}},"type":"if","locations":[{"start":{"line":7,"column":8},"end":{"line":9,"column":null}}]}},"s":{"0":1,"1":1,"2":28,"3":5,"4":5,"5":2,"6":3,"7":3,"8":3,"9":7,"10":3,"11":1},"f":{"0":28,"1":5},"b":{"0":[2]}}
,"/home/runner/work/plugin-templates/plugin-templates/src/helpers/utils/attributes.ts": {"path":"/home/runner/work/plugin-templates/plugin-templates/src/helpers/utils/attributes.ts","statementMap":{"0":{"start":{"line":1,"column":0},"end":{"line":1,"column":null}},"1":{"start":{"line":2,"column":4},"end":{"line":2,"column":null}},"2":{"start":{"line":3,"column":4},"end":{"line":3,"column":null}},"3":{"start":{"line":4,"column":4},"end":{"line":4,"column":null}},"4":{"start":{"line":22,"column":24},"end":{"line":22,"column":53}},"5":{"start":{"line":25,"column":8},"end":{"line":37,"column":null}},"6":{"start":{"line":27,"column":16},"end":{"line":27,"column":34}},"7":{"start":{"line":29,"column":26},"end":{"line":29,"column":95}},"8":{"start":{"line":30,"column":16},"end":{"line":32,"column":null}},"9":{"start":{"line":31,"column":20},"end":{"line":31,"column":105}},"10":{"start":{"line":33,"column":16},"end":{"line":33,"column":25}},"11":{"start":{"line":36,"column":16},"end":{"line":36,"column":55}},"12":{"start":{"line":41,"column":33},"end":{"line":41,"column":35}},"13":{"start":{"line":43,"column":8},"end":{"line":45,"column":null}},"14":{"start":{"line":44,"column":12},"end":{"line":44,"column":null}},"15":{"start":{"line":47,"column":8},"end":{"line":53,"column":null}},"16":{"start":{"line":48,"column":12},"end":{"line":52,"column":null}},"17":{"start":{"line":49,"column":16},"end":{"line":49,"column":98}},"18":{"start":{"line":51,"column":16},"end":{"line":51,"column":64}},"19":{"start":{"line":55,"column":8},"end":{"line":55,"column":32}},"20":{"start":{"line":21,"column":0},"end":{"line":21,"column":13}}},"fnMap":{"0":{"name":"(anonymous_0)","decl":{"start":{"line":1,"column":0},"end":{"line":1,"column":12}},"loc":{"start":{"line":1,"column":30},"end":{"line":5,"column":1}}},"1":{"name":"(anonymous_1)","decl":{"start":{"line":22,"column":4},"end":{"line":22,"column":24}},"loc":{"start":{"line":22,"column":53},"end":{"line":22,"column":57}}},"2":{"name":"(anonymous_2)","decl":{"start":{"line":24,"column":12},"end":{"line":24,"column":26}},"loc":{"start":{"line":24,"column":71},"end":{"line":38,"column":5}}},"3":{"name":"(anonymous_3)","decl":{"start":{"line":40,"column":4},"end":{"line":40,"column":9}},"loc":{"start":{"line":40,"column":38},"end":{"line":56,"column":5}}}},"branchMap":{"0":{"loc":{"start":{"line":1,"column":12},"end":{"line":1,"column":null}},"type":"binary-expr","locations":[{"start":{"line":1,"column":12},"end":{"line":1,"column":30}},{"start":{"line":1,"column":12},"end":{"line":1,"column":null}}]},"1":{"loc":{"start":{"line":25,"column":8},"end":{"line":37,"column":null}},"type":"switch","locations":[{"start":{"line":26,"column":12},"end":{"line":27,"column":34}},{"start":{"line":28,"column":12},"end":{"line":34,"column":null}},{"start":{"line":35,"column":12},"end":{"line":36,"column":55}}]},"2":{"loc":{"start":{"line":29,"column":26},"end":{"line":29,"column":95}},"type":"cond-expr","locations":[{"start":{"line":29,"column":57},"end":{"line":29,"column":84}},{"start":{"line":29,"column":87},"end":{"line":29,"column":95}}]},"3":{"loc":{"start":{"line":30,"column":16},"end":{"line":32,"column":null}},"type":"if","locations":[{"start":{"line":30,"column":16},"end":{"line":32,"column":null}}]},"4":{"loc":{"start":{"line":30,"column":20},"end":{"line":30,"column":60}},"type":"binary-expr","locations":[{"start":{"line":30,"column":20},"end":{"line":30,"column":41}},{"start":{"line":30,"column":45},"end":{"line":30,"column":60}}]},"5":{"loc":{"start":{"line":43,"column":8},"end":{"line":45,"column":null}},"type":"if","locations":[{"start":{"line":43,"column":8},"end":{"line":45,"column":null}}]},"6":{"loc":{"start":{"line":48,"column":12},"end":{"line":52,"column":null}},"type":"if","locations":[{"start":{"line":48,"column":12},"end":{"line":52,"column":null}},{"start":{"line":50,"column":19},"end":{"line":52,"column":null}}]}},"s":{"0":2,"1":2,"2":2,"3":2,"4":18,"5":37,"6":4,"7":18,"8":18,"9":3,"10":15,"11":15,"12":21,"13":21,"14":0,"15":21,"16":135,"17":37,"18":98,"19":18,"20":2},"f":{"0":2,"1":18,"2":37,"3":21},"b":{"0":[2,2],"1":[4,18,15],"2":[9,9],"3":[3],"4":[18,17],"5":[0],"6":[37,98]}}
,"/home/runner/work/plugin-templates/plugin-templates/src/settings/applyTagsWhileInserting.ts": {"path":"/home/runner/work/plugin-templates/plugin-templates/src/settings/applyTagsWhileInserting.ts","statementMap":{"0":{"start":{"line":1,"column":0},"end":{"line":1,"column":44}},"1":{"start":{"line":2,"column":0},"end":{"line":2,"column":45}},"2":{"start":{"line":4,"column":13},"end":{"line":11,"column":3}}},"fnMap":{},"branchMap":{},"s":{"0":0,"1":0,"2":0},"f":{},"b":{}}
[...]
,"/home/runner/work/plugin-templates/plugin-templates/src/variables/types/enum.ts": {"path":"/home/runner/work/plugin-templates/plugin-templates/src/variables/types/enum.ts","statementMap":{"0":{"start":{"line":1,"column":0},"end":{"line":1,"column":39}},"1":{"start":{"line":2,"column":0},"end":{"line":2,"column":64}},"2":{"start":{"line":9,"column":8},"end":{"line":9,"column":27}},"3":{"start":{"line":10,"column":8},"end":{"line":10,"column":31}},"4":{"start":{"line":14,"column":28},"end":{"line":16,"column":19}},"5":{"start":{"line":15,"column":12},"end":{"line":15,"column":null}},"6":{"start":{"line":17,"column":8},"end":{"line":17,"column":77}},"7":{"start":{"line":21,"column":8},"end":{"line":21,"column":27}},"8":{"start":{"line":23,"column":8},"end":{"line":25,"column":null}},"9":{"start":{"line":24,"column":12},"end":{"line":24,"column":82}},"10":{"start":{"line":24,"column":72},"end":{"line":24,"column":80}},"11":{"start":{"line":27,"column":8},"end":{"line":29,"column":null}},"12":{"start":{"line":28,"column":12},"end":{"line":28,"column":81}},"13":{"start":{"line":28,"column":71},"end":{"line":28,"column":79}},"14":{"start":{"line":31,"column":8},"end":{"line":31,"column":43}},"15":{"start":{"line":35,"column":8},"end":{"line":52,"column":null}},"16":{"start":{"line":36,"column":28},"end":{"line":36,"column":63}},"17":{"start":{"line":37,"column":12},"end":{"line":37,"column":49}},"18":{"start":{"line":38,"column":15},"end":{"line":52,"column":null}},"19":{"start":{"line":39,"column":12},"end":{"line":51,"column":null}},"20":{"start":{"line":40,"column":37},"end":{"line":40,"column":55}},"21":{"start":{"line":41,"column":16},"end":{"line":50,"column":null}},"22":{"start":{"line":42,"column":36},"end":{"line":42,"column":73}},"23":{"start":{"line":44,"column":32},"end":{"line":44,"column":36}},"24":{"start":{"line":45,"column":20},"end":{"line":47,"column":null}},"25":{"start":{"line":46,"column":24},"end":{"line":46,"column":59}},"26":{"start":{"line":49,"column":20},"end":{"line":49,"column":58}},"27":{"start":{"line":54,"column":8},"end":{"line":54,"column":43}},"28":{"start":{"line":4,"column":0},"end":{"line":4,"column":13}},"29":{"start":{"line":5,"column":11},"end":{"line":5,"column":39}}},"fnMap":{"0":{"name":"(anonymous_0)","decl":{"start":{"line":8,"column":4},"end":{"line":8,"column":16}},"loc":{"start":{"line":8,"column":62},"end":{"line":11,"column":5}}},"1":{"name":"(anonymous_1)","decl":{"start":{"line":13,"column":14},"end":{"line":13,"column":23}},"loc":{"start":{"line":13,"column":23},"end":{"line":18,"column":5}}},"2":{"name":"(anonymous_2)","decl":{"start":{"line":14,"column":45},"end":{"line":14,"column":46}},"loc":{"start":{"line":14,"column":49},"end":{"line":16,"column":9}}},"3":{"name":"(anonymous_3)","decl":{"start":{"line":20,"column":12},"end":{"line":20,"column":18}},"loc":{"start":{"line":20,"column":50},"end":{"line":32,"column":5}}},"4":{"name":"(anonymous_4)","decl":{"start":{"line":24,"column":67},"end":{"line":24,"column":68}},"loc":{"start":{"line":24,"column":72},"end":{"line":24,"column":80}}},"5":{"name":"(anonymous_5)","decl":{"start":{"line":28,"column":66},"end":{"line":28,"column":67}},"loc":{"start":{"line":28,"column":71},"end":{"line":28,"column":79}}},"6":{"name":"(anonymous_6)","decl":{"start":{"line":34,"column":4},"end":{"line":34,"column":10}},"loc":{"start":{"line":34,"column":65},"end":{"line":55,"column":5}}}},"branchMap":{"0":{"loc":{"start":{"line":23,"column":8},"end":{"line":25,"column":null}},"type":"if","locations":[{"start":{"line":23,"column":8},"end":{"line":25,"column":null}}]},"1":{"loc":{"start":{"line":23,"column":12},"end":{"line":23,"column":62}},"type":"binary-expr","locations":[{"start":{"line":23,"column":12},"end":{"line":23,"column":40}},{"start":{"line":23,"column":44},"end":{"line":23,"column":62}}]},"2":{"loc":{"start":{"line":27,"column":8},"end":{"line":29,"column":null}},"type":"if","locations":[{"start":{"line":27,"column":8},"end":{"line":29,"column":null}}]},"3":{"loc":{"start":{"line":27,"column":12},"end":{"line":27,"column":58}},"type":"binary-expr","locations":[{"start":{"line":27,"column":12},"end":{"line":27,"column":36}},{"start":{"line":27,"column":40},"end":{"line":27,"column":58}}]},"4":{"loc":{"start":{"line":35,"column":8},"end":{"line":52,"column":null}},"type":"if","locations":[{"start":{"line":35,"column":8},"end":{"line":52,"column":null}},{"start":{"line":38,"column":15},"end":{"line":52,"column":null}}]},"5":{"loc":{"start":{"line":38,"column":15},"end":{"line":52,"column":null}},"type":"if","locations":[{"start":{"line":38,"column":15},"end":{"line":52,"column":null}}]},"6":{"loc":{"start":{"line":38,"column":19},"end":{"line":38,"column":72}},"type":"binary-expr","locations":[{"start":{"line":38,"column":19},"end":{"line":38,"column":49}},{"start":{"line":38,"column":53},"end":{"line":38,"column":72}}]},"7":{"loc":{"start":{"line":39,"column":12},"end":{"line":51,"column":null}},"type":"if","locations":[{"start":{"line":39,"column":12},"end":{"line":51,"column":null}}]},"8":{"loc":{"start":{"line":41,"column":16},"end":{"line":50,"column":null}},"type":"if","locations":[{"start":{"line":41,"column":16},"end":{"line":50,"column":null}}]},"9":{"loc":{"start":{"line":45,"column":20},"end":{"line":47,"column":null}},"type":"if","locations":[{"start":{"line":45,"column":20},"end":{"line":47,"column":null}}]},"10":{"loc":{"start":{"line":45,"column":24},"end":{"line":45,"column":88}},"type":"binary-expr","locations":[{"start":{"line":45,"column":24},"end":{"line":45,"column":45}},{"start":{"line":45,"column":49},"end":{"line":45,"column":88}}]}},"s":{"0":1,"1":1,"2":6,"3":6,"4":2,"5":5,"6":2,"7":6,"8":6,"9":6,"10":14,"11":0,"12":0,"13":0,"14":0,"15":6,"16":4,"17":4,"18":2,"19":2,"20":2,"21":2,"22":2,"23":2,"24":2,"25":2,"26":2,"27":0,"28":1,"29":1},"f":{"0":6,"1":2,"2":5,"3":6,"4":14,"5":0,"6":6},"b":{"0":[6],"1":[6,6],"2":[0],"3":[0,0],"4":[4,2],"5":[2],"6":[2,2],"7":[2],"8":[2],"9":[2],"10":[2,2]}}
,"/home/runner/work/plugin-templates/plugin-templates/src/variables/types/invalid.ts": {"path":"/home/runner/work/plugin-templates/plugin-templates/src/variables/types/invalid.ts","statementMap":{"0":{"start":{"line":1,"column":0},"end":{"line":1,"column":39}},"1":{"start":{"line":2,"column":0},"end":{"line":2,"column":40}},"2":{"start":{"line":6,"column":8},"end":{"line":6,"column":101}},"3":{"start":{"line":11,"column":8},"end":{"line":11,"column":36}},"4":{"start":{"line":4,"column":0},"end":{"line":4,"column":13}}},"fnMap":{"0":{"name":"(anonymous_0)","decl":{"start":{"line":5,"column":11},"end":{"line":5,"column":17}},"loc":{"start":{"line":5,"column":17},"end":{"line":7,"column":5}}},"1":{"name":"(anonymous_1)","decl":{"start":{"line":10,"column":4},"end":{"line":10,"column":10}},"loc":{"start":{"line":10,"column":65},"end":{"line":12,"column":5}}}},"branchMap":{},"s":{"0":1,"1":1,"2":0,"3":0,"4":1},"f":{"0":0,"1":0},"b":{}}
,"/home/runner/work/plugin-templates/plugin-templates/src/variables/types/number.ts": {"path":"/home/runner/work/plugin-templates/plugin-templates/src/variables/types/number.ts","statementMap":{"0":{"start":{"line":2,"column":0},"end":{"line":2,"column":39}},"1":{"start":{"line":3,"column":0},"end":{"line":3,"column":40}},"2":{"start":{"line":9,"column":8},"end":{"line":9,"column":75}},"3":{"start":{"line":14,"column":8},"end":{"line":14,"column":40}},"4":{"start":{"line":5,"column":0},"end":{"line":5,"column":13}},"5":{"start":{"line":6,"column":11},"end":{"line":6,"column":37}}},"fnMap":{"0":{"name":"(anonymous_0)","decl":{"start":{"line":8,"column":14},"end":{"line":8,"column":23}},"loc":{"start":{"line":8,"column":23},"end":{"line":10,"column":5}}},"1":{"name":"(anonymous_1)","decl":{"start":{"line":13,"column":11},"end":{"line":13,"column":23}},"loc":{"start":{"line":13,"column":73},"end":{"line":15,"column":5}}}},"branchMap":{},"s":{"0":1,"1":1,"2":0,"3":9,"4":1,"5":1},"f":{"0":0,"1":9},"b":{}}
,"/home/runner/work/plugin-templates/plugin-templates/src/variables/types/text.ts": {"path":"/home/runner/work/plugin-templates/plugin-templates/src/variables/types/text.ts","statementMap":{"0":{"start":{"line":1,"column":0},"end":{"line":1,"column":39}},"1":{"start":{"line":2,"column":0},"end":{"line":2,"column":40}},"2":{"start":{"line":8,"column":8},"end":{"line":8,"column":73}},"3":{"start":{"line":4,"column":0},"end":{"line":4,"column":13}},"4":{"start":{"line":5,"column":11},"end":{"line":5,"column":35}}},"fnMap":{"0":{"name":"(anonymous_0)","decl":{"start":{"line":7,"column":14},"end":{"line":7,"column":23}},"loc":{"start":{"line":7,"column":23},"end":{"line":9,"column":5}}}},"branchMap":{},"s":{"0":1,"1":1,"2":2,"3":1,"4":1},"f":{"0":2},"b":{}}
,"/home/runner/work/plugin-templates/plugin-templates/src/variables/types/time.ts": {"path":"/home/runner/work/plugin-templates/plugin-templates/src/variables/types/time.ts","statementMap":{"0":{"start":{"line":2,"column":0},"end":{"line":2,"column":39}},"1":{"start":{"line":3,"column":0},"end":{"line":3,"column":40}},"2":{"start":{"line":9,"column":33},"end":{"line":9,"column":49}},"3":{"start":{"line":10,"column":20},"end":{"line":10,"column":30}},"4":{"start":{"line":11,"column":8},"end":{"line":11,"column":45}},"5":{"start":{"line":12,"column":8},"end":{"line":12,"column":49}},"6":{"start":{"line":13,"column":8},"end":{"line":13,"column":97}},"7":{"start":{"line":17,"column":8},"end":{"line":17,"column":73}},"8":{"start":{"line":5,"column":0},"end":{"line":5,"column":13}},"9":{"start":{"line":6,"column":11},"end":{"line":6,"column":35}}},"fnMap":{"0":{"name":"(anonymous_0)","decl":{"start":{"line":8,"column":11},"end":{"line":8,"column":23}},"loc":{"start":{"line":8,"column":73},"end":{"line":14,"column":5}}},"1":{"name":"(anonymous_1)","decl":{"start":{"line":16,"column":14},"end":{"line":16,"column":23}},"loc":{"start":{"line":16,"column":23},"end":{"line":18,"column":5}}}},"branchMap":{},"s":{"0":1,"1":1,"2":2,"3":2,"4":2,"5":2,"6":2,"7":0,"8":1,"9":1},"f":{"0":2,"1":0},"b":{}}
,"/home/runner/work/plugin-templates/plugin-templates/src/views/commandsPanel.ts": {"path":"/home/runner/work/plugin-templates/plugin-templates/src/views/commandsPanel.ts","statementMap":{"0":{"start":{"line":1,"column":0},"end":{"line":1,"column":25}},"1":{"start":{"line":14,"column":8},"end":{"line":14,"column":52}},"2":{"start":{"line":15,"column":8},"end":{"line":15,"column":33}},"3":{"start":{"line":19,"column":8},"end":{"line":47,"column":null}},"4":{"start":{"line":21,"column":12},"end":{"line":21,"column":82}},"5":{"start":{"line":24,"column":12},"end":{"line":35,"column":15}},"6":{"start":{"line":24,"column":84},"end":{"line":35,"column":14}},"7":{"start":{"line":25,"column":16},"end":{"line":25,"column":71}},"8":{"start":{"line":26,"column":16},"end":{"line":34,"column":null}},"9":{"start":{"line":27,"column":20},"end":{"line":27,"column":71}},"10":{"start":{"line":28,"column":20},"end":{"line":32,"column":null}},"11":{"start":{"line":29,"column":24},"end":{"line":29,"column":77}},"12":{"start":{"line":33,"column":20},"end":{"line":33,"column":67}},"13":{"start":{"line":38,"column":25},"end":{"line":38,"column":44}},"14":{"start":{"line":39,"column":12},"end":{"line":39,"column":70}},"15":{"start":{"line":40,"column":12},"end":{"line":40,"column":88}},"16":{"start":{"line":43,"column":12},"end":{"line":43,"column":67}},"17":{"start":{"line":45,"column":12},"end":{"line":45,"column":67}},"18":{"start":{"line":46,"column":12},"end":{"line":46,"column":24}},"19":{"start":{"line":51,"column":24},"end":{"line":55,"column":21}},"20":{"start":{"line":51,"column":49},"end":{"line":55,"column":10}},"21":{"start":{"line":57,"column":8},"end":{"line":97,"column":10}},"22":{"start":{"line":9,"column":0},"end":{"line":9,"column":13}}},"fnMap":{"0":{"name":"(anonymous_7)","decl":{"start":{"line":13,"column":4},"end":{"line":13,"column":16}},"loc":{"start":{"line":13,"column":41},"end":{"line":16,"column":5}}},"1":{"name":"(anonymous_8)","decl":{"start":{"line":18,"column":17},"end":{"line":18,"column":23}},"loc":{"start":{"line":18,"column":23},"end":{"line":48,"column":null}}},"2":{"name":"(anonymous_10)","decl":{"start":{"line":24,"column":66},"end":{"line":24,"column":73}},"loc":{"start":{"line":24,"column":84},"end":{"line":35,"column":14}}},"3":{"name":"(anonymous_11)","decl":{"start":{"line":24,"column":84},"end":{"line":24,"column":null}},"loc":{"start":{"line":24,"column":84},"end":{"line":35,"column":13}}},"4":{"name":"(anonymous_12)","decl":{"start":{"line":50,"column":12},"end":{"line":50,"column":24}},"loc":{"start":{"line":50,"column":24},"end":{"line":98,"column":5}}},"5":{"name":"(anonymous_13)","decl":{"start":{"line":51,"column":42},"end":{"line":51,"column":45}},"loc":{"start":{"line":51,"column":49},"end":{"line":55,"column":10}}}},"branchMap":{"0":{"loc":{"start":{"line":26,"column":16},"end":{"line":34,"column":null}},"type":"if","locations":[{"start":{"line":26,"column":16},"end":{"line":34,"column":null}}]}},"s":{"0":0,"1":0,"2":0,"3":0,"4":0,"5":0,"6":0,"7":0,"8":0,"9":0,"10":0,"11":0,"12":0,"13":0,"14":0,"15":0,"16":0,"17":0,"18":0,"19":0,"20":0,"21":0,"22":0},"f":{"0":0,"1":0,"2":0,"3":0,"4":0,"5":0},"b":{"0":[0]}}
,"/home/runner/work/plugin-templates/plugin-templates/src/views/defaultTemplates.ts": {"path":"/home/runner/work/plugin-templates/plugin-templates/src/views/defaultTemplates.ts","statementMap":{"0":{"start":{"line":1,"column":0},"end":{"line":1,"column":25}},"1":{"start":{"line":2,"column":0},"end":{"line":2,"column":39}},"2":{"start":{"line":13,"column":28},"end":{"line":15,"column":1}},"3":{"start":{"line":14,"column":4},"end":{"line":14,"column":52}},"4":{"start":{"line":17,"column":34},"end":{"line":31,"column":1}},"5":{"start":{"line":18,"column":4},"end":{"line":30,"column":6}},"6":{"start":{"line":33,"column":34},"end":{"line":54,"column":1}},"7":{"start":{"line":34,"column":4},"end":{"line":34,"column":52}},"8":{"start":{"line":34,"column":42},"end":{"line":34,"column":52}},"9":{"start":{"line":35,"column":4},"end":{"line":53,"column":6}},"10":{"start":{"line":44,"column":8},"end":{"line":50,"column":null}},"11":{"start":{"line":56,"column":39},"end":{"line":69,"column":null}},"12":{"start":{"line":56,"column":201},"end":{"line":69,"column":null}},"13":{"start":{"line":57,"column":4},"end":{"line":57,"column":76}},"14":{"start":{"line":59,"column":4},"end":{"line":66,"column":6}},"15":{"start":{"line":68,"column":4},"end":{"line":68,"column":70}},"16":{"start":{"line":56,"column":13},"end":{"line":56,"column":39}}},"fnMap":{"0":{"name":"(anonymous_7)","decl":{"start":{"line":13,"column":28},"end":{"line":13,"column":29}},"loc":{"start":{"line":13,"column":61},"end":{"line":15,"column":1}}},"1":{"name":"(anonymous_8)","decl":{"start":{"line":17,"column":34},"end":{"line":17,"column":35}},"loc":{"start":{"line":17,"column":98},"end":{"line":31,"column":1}}},"2":{"name":"(anonymous_9)","decl":{"start":{"line":33,"column":34},"end":{"line":33,"column":35}},"loc":{"start":{"line":33,"column":110},"end":{"line":54,"column":1}}},"3":{"name":"(anonymous_10)","decl":{"start":{"line":43,"column":35},"end":{"line":43,"column":49}},"loc":{"start":{"line":43,"column":52},"end":{"line":51,"column":5}}},"4":{"name":"(anonymous_11)","decl":{"start":{"line":56,"column":39},"end":{"line":56,"column":46}},"loc":{"start":{"line":56,"column":201},"end":{"line":69,"column":null}}},"5":{"name":"(anonymous_12)","decl":{"start":{"line":56,"column":201},"end":{"line":56,"column":null}},"loc":{"start":{"line":56,"column":201},"end":{"line":69,"column":1}}}},"branchMap":{"0":{"loc":{"start":{"line":14,"column":11},"end":{"line":14,"column":51}},"type":"cond-expr","locations":[{"start":{"line":14,"column":19},"end":{"line":14,"column":32}},{"start":{"line":14,"column":35},"end":{"line":14,"column":51}}]},"1":{"loc":{"start":{"line":34,"column":4},"end":{"line":34,"column":52}},"type":"if","locations":[{"start":{"line":34,"column":4},"end":{"line":34,"column":52}}]}},"s":{"0":0,"1":0,"2":0,"3":0,"4":0,"5":0,"6":0,"7":0,"8":0,"9":0,"10":0,"11":0,"12":0,"13":0,"14":0,"15":0,"16":0},"f":{"0":0,"1":0,"2":0,"3":0,"4":0,"5":0},"b":{"0":[0,0],"1":[0]}}
,"/home/runner/work/plugin-templates/plugin-templates/src/views/templateVariables.ts": {"path":"/home/runner/work/plugin-templates/plugin-templates/src/views/templateVariables.ts","statementMap":{"0":{"start":{"line":1,"column":0},"end":{"line":1,"column":25}},"1":{"start":{"line":2,"column":0},"end":{"line":2,"column":39}},"2":{"start":{"line":4,"column":0},"end":{"line":4,"column":59}},"3":{"start":{"line":6,"column":40},"end":{"line":27,"column":null}},"4":{"start":{"line":6,"column":142},"end":{"line":27,"column":null}},"5":{"start":{"line":7,"column":4},"end":{"line":7,"column":76}},"6":{"start":{"line":9,"column":35},"end":{"line":9,"column":94}},"7":{"start":{"line":9,"column":76},"end":{"line":9,"column":93}},"8":{"start":{"line":12,"column":19},"end":{"line":12,"column":50}},"9":{"start":{"line":13,"column":4},"end":{"line":13,"column":97}},"10":{"start":{"line":15,"column":4},"end":{"line":24,"column":6}},"11":{"start":{"line":26,"column":4},"end":{"line":26,"column":88}},"12":{"start":{"line":6,"column":13},"end":{"line":6,"column":40}}},"fnMap":{"0":{"name":"(anonymous_7)","decl":{"start":{"line":6,"column":40},"end":{"line":6,"column":47}},"loc":{"start":{"line":6,"column":142},"end":{"line":27,"column":null}}},"1":{"name":"(anonymous_8)","decl":{"start":{"line":6,"column":142},"end":{"line":6,"column":null}},"loc":{"start":{"line":6,"column":142},"end":{"line":27,"column":1}}},"2":{"name":"(anonymous_9)","decl":{"start":{"line":9,"column":64},"end":{"line":9,"column":72}},"loc":{"start":{"line":9,"column":76},"end":{"line":9,"column":93}}}},"branchMap":{},"s":{"0":1,"1":1,"2":1,"3":1,"4":0,"5":0,"6":0,"7":0,"8":0,"9":0,"10":0,"11":0,"12":1},"f":{"0":0,"1":0,"2":0},"b":{}}
,"/home/runner/work/plugin-templates/plugin-templates/src/views/webview.js": {"path":"/home/runner/work/plugin-templates/plugin-templates/src/views/webview.js","statementMap":{"0":{"start":{"line":1,"column":0},"end":{"line":25,"column":1}},"1":{"start":{"line":3,"column":20},"end":{"line":3,"column":65}},"2":{"start":{"line":5,"column":4},"end":{"line":21,"column":5}},"3":{"start":{"line":6,"column":8},"end":{"line":6,"column":69}},"4":{"start":{"line":8,"column":8},"end":{"line":20,"column":11}},"5":{"start":{"line":9,"column":12},"end":{"line":19,"column":15}},"6":{"start":{"line":10,"column":32},"end":{"line":10,"column":67}},"7":{"start":{"line":11,"column":16},"end":{"line":18,"column":17}},"8":{"start":{"line":12,"column":20},"end":{"line":15,"column":23}},"9":{"start":{"line":17,"column":20},"end":{"line":17,"column":67}},"10":{"start":{"line":24,"column":4},"end":{"line":24,"column":45}}},"fnMap":{"0":{"name":"(anonymous_0)","decl":{"start":{"line":8,"column":24},"end":{"line":8,"column":25}},"loc":{"start":{"line":8,"column":34},"end":{"line":20,"column":9}},"line":8},"1":{"name":"(anonymous_1)","decl":{"start":{"line":9,"column":45},"end":{"line":9,"column":46}},"loc":{"start":{"line":9,"column":57},"end":{"line":19,"column":13}},"line":9}},"branchMap":{"0":{"loc":{"start":{"line":5,"column":4},"end":{"line":21,"column":5}},"type":"if","locations":[{"start":{"line":5,"column":4},"end":{"line":21,"column":5}},{"start":{"line":7,"column":11},"end":{"line":21,"column":5}}],"line":5}},"s":{"0":0,"1":0,"2":0,"3":0,"4":0,"5":0,"6":0,"7":0,"8":0,"9":0,"10":0},"f":{"0":0,"1":0},"b":{"0":[0,0]},"inputSourceMap":null}
}
