{"/home/runner/work/plugin-templates/plugin-templates/src/actions.ts": {"path":"/home/runner/work/plugin-templates/plugin-templates/src/actions.ts","statementMap":{"0":{"start":{"line":1,"column":0},"end":{"line":1,"column":25}},"1":{"start":{"line":3,"column":0},"end":{"line":3,"column":52}},"2":{"start":{"line":4,"column":0},"end":{"line":4,"column":66}},"3":{"start":{"line":6,"column":0},"end":{"line":6,"column":null}},"4":{"start":{"line":7,"column":4},"end":{"line":7,"column":null}},"5":{"start":{"line":8,"column":4},"end":{"line":8,"column":null}},"6":{"start":{"line":9,"column":4},"end":{"line":9,"column":null}},"7":{"start":{"line":12,"column":32},"end":{"line":23,"column":null}},"8":{"start":{"line":12,"column":60},"end":{"line":23,"column":null}},"9":{"start":{"line":13,"column":4},"end":{"line":13,"column":63}},"10":{"start":{"line":15,"column":22},"end":{"line":15,"column":76}},"11":{"start":{"line":16,"column":4},"end":{"line":22,"column":null}},"12":{"start":{"line":17,"column":23},"end":{"line":17,"column":65}},"13":{"start":{"line":18,"column":8},"end":{"line":21,"column":null}},"14":{"start":{"line":19,"column":26},"end":{"line":19,"column":60}},"15":{"start":{"line":20,"column":12},"end":{"line":20,"column":48}},"16":{"start":{"line":25,"column":29},"end":{"line":39,"column":null}},"17":{"start":{"line":25,"column":72},"end":{"line":39,"column":null}},"18":{"start":{"line":26,"column":21},"end":{"line":26,"column":82}},"19":{"start":{"line":27,"column":24},"end":{"line":27,"column":108}},"20":{"start":{"line":29,"column":4},"end":{"line":31,"column":null}},"21":{"start":{"line":30,"column":8},"end":{"line":30,"column":52}},"22":{"start":{"line":33,"column":17},"end":{"line":33,"column":69}},"23":{"start":{"line":34,"column":4},"end":{"line":34,"column":55}},"24":{"start":{"line":35,"column":4},"end":{"line":38,"column":null}},"25":{"start":{"line":36,"column":22},"end":{"line":36,"column":56}},"26":{"start":{"line":37,"column":8},"end":{"line":37,"column":45}},"27":{"start":{"line":41,"column":13},"end":{"line":53,"column":null}},"28":{"start":{"line":41,"column":96},"end":{"line":53,"column":null}},"29":{"start":{"line":42,"column":4},"end":{"line":52,"column":null}},"30":{"start":{"line":44,"column":12},"end":{"line":44,"column":52}},"31":{"start":{"line":45,"column":12},"end":{"line":45,"column":18}},"32":{"start":{"line":47,"column":12},"end":{"line":47,"column":52}},"33":{"start":{"line":48,"column":12},"end":{"line":48,"column":18}},"34":{"start":{"line":50,"column":12},"end":{"line":50,"column":52}},"35":{"start":{"line":51,"column":12},"end":{"line":51,"column":18}}},"fnMap":{"0":{"name":"(anonymous_7)","decl":{"start":{"line":6,"column":0},"end":{"line":6,"column":12}},"loc":{"start":{"line":6,"column":26},"end":{"line":10,"column":1}}},"1":{"name":"(anonymous_8)","decl":{"start":{"line":12,"column":32},"end":{"line":12,"column":39}},"loc":{"start":{"line":12,"column":60},"end":{"line":23,"column":null}}},"2":{"name":"(anonymous_9)","decl":{"start":{"line":12,"column":60},"end":{"line":12,"column":null}},"loc":{"start":{"line":12,"column":60},"end":{"line":23,"column":1}}},"3":{"name":"(anonymous_10)","decl":{"start":{"line":25,"column":29},"end":{"line":25,"column":36}},"loc":{"start":{"line":25,"column":72},"end":{"line":39,"column":null}}},"4":{"name":"(anonymous_11)","decl":{"start":{"line":25,"column":72},"end":{"line":25,"column":null}},"loc":{"start":{"line":25,"column":72},"end":{"line":39,"column":1}}},"5":{"name":"(anonymous_12)","decl":{"start":{"line":41,"column":29},"end":{"line":41,"column":36}},"loc":{"start":{"line":41,"column":96},"end":{"line":53,"column":null}}},"6":{"name":"(anonymous_13)","decl":{"start":{"line":41,"column":96},"end":{"line":41,"column":null}},"loc":{"start":{"line":41,"column":96},"end":{"line":53,"column":1}}}},"branchMap":{"0":{"loc":{"start":{"line":6,"column":12},"end":{"line":6,"column":26}},"type":"binary-expr","locations":[{"start":{"line":6,"column":12},"end":{"line":6,"column":26}},{"start":{"line":6,"column":12},"end":{"line":6,"column":null}}]},"1":{"loc":{"start":{"line":16,"column":4},"end":{"line":22,"column":null}},"type":"if","locations":[{"start":{"line":16,"column":4},"end":{"line":22,"column":null}},{"start":{"line":16,"column":4},"end":{"line":22,"column":null}}]},"2":{"loc":{"start":{"line":26,"column":39},"end":{"line":26,"column":54}},"type":"cond-expr","locations":[{"start":{"line":26,"column":39},"end":{"line":26,"column":54}},{"start":{"line":26,"column":57},"end":{"line":26,"column":82}}]},"3":{"loc":{"start":{"line":29,"column":4},"end":{"line":31,"column":null}},"type":"if","locations":[{"start":{"line":29,"column":4},"end":{"line":31,"column":null}},{"start":{"line":29,"column":4},"end":{"line":31,"column":null}}]},"4":{"loc":{"start":{"line":29,"column":8},"end":{"line":29,"column":14}},"type":"binary-expr","locations":[{"start":{"line":29,"column":8},"end":{"line":29,"column":14}},{"start":{"line":29,"column":18},"end":{"line":29,"column":35}}]},"5":{"loc":{"start":{"line":43,"column":8},"end":{"line":45,"column":18}},"type":"switch","locations":[{"start":{"line":43,"column":8},"end":{"line":45,"column":18}},{"start":{"line":46,"column":8},"end":{"line":48,"column":18}},{"start":{"line":49,"column":8},"end":{"line":51,"column":18}}]}},"s":{"0":0,"1":0,"2":0,"3":0,"4":0,"5":0,"6":0,"7":0,"8":0,"9":0,"10":0,"11":0,"12":0,"13":0,"14":0,"15":0,"16":0,"17":0,"18":0,"19":0,"20":0,"21":0,"22":0,"23":0,"24":0,"25":0,"26":0,"27":0,"28":0,"29":0,"30":0,"31":0,"32":0,"33":0,"34":0,"35":0},"f":{"0":0,"1":0,"2":0,"3":0,"4":0,"5":0,"6":0},"b":{"0":[0,0],"1":[0,0],"2":[0,0],"3":[0,0],"4":[0,0],"5":[0,0,0]}}
,"/home/runner/work/plugin-templates/plugin-templates/src/index.ts": {"path":"/home/runner/work/plugin-templates/plugin-templates/src/index.ts","statementMap":{"0":{"start":{"line":1,"column":0},"end":{"line":1,"column":25}},"1":{"start":{"line":2,"column":0},"end":{"line":2,"column":62}},"2":{"start":{"line":3,"column":0},"end":{"line":3,"column":34}},"3":{"start":{"line":4,"column":0},"end":{"line":4,"column":55}},"4":{"start":{"line":5,"column":0},"end":{"line":5,"column":86}},"5":{"start":{"line":6,"column":0},"end":{"line":6,"column":67}},"6":{"start":{"line":7,"column":0},"end":{"line":7,"column":58}},"7":{"start":{"line":8,"column":0},"end":{"line":8,"column":56}},"8":{"start":{"line":9,"column":0},"end":{"line":9,"column":29}},"9":{"start":{"line":10,"column":0},"end":{"line":10,"column":34}},"10":{"start":{"line":11,"column":0},"end":{"line":11,"column":48}},"11":{"start":{"line":13,"column":26},"end":{"line":13,"column":77}},"12":{"start":{"line":15,"column":0},"end":{"line":258,"column":3}},"13":{"start":{"line":18,"column":8},"end":{"line":20,"column":11}},"14":{"start":{"line":24,"column":8},"end":{"line":58,"column":11}},"15":{"start":{"line":62,"column":33},"end":{"line":62,"column":51}},"16":{"start":{"line":64,"column":8},"end":{"line":64,"column":88}},"17":{"start":{"line":65,"column":8},"end":{"line":65,"column":82}},"18":{"start":{"line":66,"column":8},"end":{"line":66,"column":90}},"19":{"start":{"line":67,"column":8},"end":{"line":67,"column":90}},"20":{"start":{"line":68,"column":8},"end":{"line":68,"column":86}},"21":{"start":{"line":73,"column":12},"end":{"line":73,"column":45}},"22":{"start":{"line":75,"column":33},"end":{"line":75,"column":97}},"23":{"start":{"line":76,"column":23},"end":{"line":76,"column":45}},"24":{"start":{"line":77,"column":23},"end":{"line":77,"column":77}},"25":{"start":{"line":81,"column":8},"end":{"line":81,"column":58}},"26":{"start":{"line":85,"column":48},"end":{"line":90,"column":null}},"27":{"start":{"line":85,"column":104},"end":{"line":90,"column":null}},"28":{"start":{"line":86,"column":35},"end":{"line":86,"column":71}},"29":{"start":{"line":87,"column":12},"end":{"line":89,"column":null}},"30":{"start":{"line":88,"column":16},"end":{"line":88,"column":60}},"31":{"start":{"line":92,"column":44},"end":{"line":95,"column":null}},"32":{"start":{"line":92,"column":77},"end":{"line":95,"column":null}},"33":{"start":{"line":93,"column":35},"end":{"line":93,"column":79}},"34":{"start":{"line":94,"column":12},"end":{"line":94,"column":68}},"35":{"start":{"line":99,"column":31},"end":{"line":99,"column":49}},"36":{"start":{"line":101,"column":8},"end":{"line":107,"column":12}},"37":{"start":{"line":104,"column":32},"end":{"line":106,"column":null}},"38":{"start":{"line":105,"column":16},"end":{"line":105,"column":74}},"39":{"start":{"line":109,"column":8},"end":{"line":115,"column":12}},"40":{"start":{"line":112,"column":32},"end":{"line":114,"column":null}},"41":{"start":{"line":113,"column":16},"end":{"line":113,"column":74}},"42":{"start":{"line":117,"column":8},"end":{"line":123,"column":12}},"43":{"start":{"line":120,"column":32},"end":{"line":122,"column":null}},"44":{"start":{"line":121,"column":16},"end":{"line":121,"column":77}},"45":{"start":{"line":125,"column":8},"end":{"line":138,"column":12}},"46":{"start":{"line":128,"column":32},"end":{"line":137,"column":null}},"47":{"start":{"line":129,"column":37},"end":{"line":129,"column":114}},"48":{"start":{"line":130,"column":37},"end":{"line":130,"column":114}},"49":{"start":{"line":132,"column":42},"end":{"line":132,"column":82}},"50":{"start":{"line":133,"column":42},"end":{"line":133,"column":82}},"51":{"start":{"line":135,"column":16},"end":{"line":135,"column":102}},"52":{"start":{"line":136,"column":16},"end":{"line":136,"column":66}},"53":{"start":{"line":140,"column":8},"end":{"line":150,"column":12}},"54":{"start":{"line":143,"column":32},"end":{"line":149,"column":null}},"55":{"start":{"line":144,"column":35},"end":{"line":144,"column":71}},"56":{"start":{"line":145,"column":16},"end":{"line":148,"column":null}},"57":{"start":{"line":146,"column":20},"end":{"line":146,"column":88}},"58":{"start":{"line":147,"column":20},"end":{"line":147,"column":105}},"59":{"start":{"line":152,"column":8},"end":{"line":162,"column":12}},"60":{"start":{"line":155,"column":32},"end":{"line":161,"column":null}},"61":{"start":{"line":156,"column":35},"end":{"line":156,"column":71}},"62":{"start":{"line":157,"column":16},"end":{"line":160,"column":null}},"63":{"start":{"line":158,"column":20},"end":{"line":158,"column":88}},"64":{"start":{"line":159,"column":20},"end":{"line":159,"column":106}},"65":{"start":{"line":164,"column":8},"end":{"line":174,"column":12}},"66":{"start":{"line":167,"column":32},"end":{"line":173,"column":null}},"67":{"start":{"line":168,"column":33},"end":{"line":168,"column":110}},"68":{"start":{"line":169,"column":16},"end":{"line":171,"column":null}},"69":{"start":{"line":170,"column":20},"end":{"line":170,"column":99}},"70":{"start":{"line":172,"column":16},"end":{"line":172,"column":94}},"71":{"start":{"line":176,"column":8},"end":{"line":186,"column":12}},"72":{"start":{"line":179,"column":32},"end":{"line":185,"column":null}},"73":{"start":{"line":180,"column":33},"end":{"line":180,"column":110}},"74":{"start":{"line":181,"column":16},"end":{"line":183,"column":null}},"75":{"start":{"line":182,"column":20},"end":{"line":182,"column":99}},"76":{"start":{"line":184,"column":16},"end":{"line":184,"column":95}},"77":{"start":{"line":188,"column":8},"end":{"line":194,"column":12}},"78":{"start":{"line":191,"column":32},"end":{"line":193,"column":null}},"79":{"start":{"line":192,"column":16},"end":{"line":192,"column":40}},"80":{"start":{"line":196,"column":8},"end":{"line":208,"column":12}},"81":{"start":{"line":199,"column":48},"end":{"line":207,"column":null}},"82":{"start":{"line":200,"column":16},"end":{"line":203,"column":null}},"83":{"start":{"line":201,"column":43},"end":{"line":201,"column":82}},"84":{"start":{"line":202,"column":20},"end":{"line":202,"column":49}},"85":{"start":{"line":204,"column":16},"end":{"line":204,"column":59}},"86":{"start":{"line":206,"column":16},"end":{"line":206,"column":62}},"87":{"start":{"line":212,"column":8},"end":{"line":250,"column":11}},"88":{"start":{"line":252,"column":8},"end":{"line":252,"column":40}},"89":{"start":{"line":256,"column":8},"end":{"line":256,"column":118}}},"fnMap":{"0":{"name":"(anonymous_7)","decl":{"start":{"line":16,"column":13},"end":{"line":16,"column":null}},"loc":{"start":{"line":16,"column":13},"end":{"line":257,"column":null}}},"1":{"name":"(anonymous_9)","decl":{"start":{"line":85,"column":48},"end":{"line":85,"column":55}},"loc":{"start":{"line":85,"column":104},"end":{"line":90,"column":null}}},"2":{"name":"(anonymous_10)","decl":{"start":{"line":85,"column":104},"end":{"line":85,"column":null}},"loc":{"start":{"line":85,"column":104},"end":{"line":90,"column":9}}},"3":{"name":"(anonymous_11)","decl":{"start":{"line":92,"column":44},"end":{"line":92,"column":51}},"loc":{"start":{"line":92,"column":77},"end":{"line":95,"column":null}}},"4":{"name":"(anonymous_12)","decl":{"start":{"line":92,"column":77},"end":{"line":92,"column":null}},"loc":{"start":{"line":92,"column":77},"end":{"line":95,"column":9}}},"5":{"name":"(anonymous_13)","decl":{"start":{"line":104,"column":21},"end":{"line":104,"column":30}},"loc":{"start":{"line":104,"column":32},"end":{"line":106,"column":null}}},"6":{"name":"(anonymous_14)","decl":{"start":{"line":104,"column":32},"end":{"line":104,"column":null}},"loc":{"start":{"line":104,"column":32},"end":{"line":106,"column":13}}},"7":{"name":"(anonymous_15)","decl":{"start":{"line":112,"column":21},"end":{"line":112,"column":30}},"loc":{"start":{"line":112,"column":32},"end":{"line":114,"column":null}}},"8":{"name":"(anonymous_16)","decl":{"start":{"line":112,"column":32},"end":{"line":112,"column":null}},"loc":{"start":{"line":112,"column":32},"end":{"line":114,"column":13}}},"9":{"name":"(anonymous_17)","decl":{"start":{"line":120,"column":21},"end":{"line":120,"column":30}},"loc":{"start":{"line":120,"column":32},"end":{"line":122,"column":null}}},"10":{"name":"(anonymous_18)","decl":{"start":{"line":120,"column":32},"end":{"line":120,"column":null}},"loc":{"start":{"line":120,"column":32},"end":{"line":122,"column":13}}},"11":{"name":"(anonymous_19)","decl":{"start":{"line":128,"column":21},"end":{"line":128,"column":30}},"loc":{"start":{"line":128,"column":32},"end":{"line":137,"column":null}}},"12":{"name":"(anonymous_20)","decl":{"start":{"line":128,"column":32},"end":{"line":128,"column":null}},"loc":{"start":{"line":128,"column":32},"end":{"line":137,"column":13}}},"13":{"name":"(anonymous_21)","decl":{"start":{"line":143,"column":21},"end":{"line":143,"column":30}},"loc":{"start":{"line":143,"column":32},"end":{"line":149,"column":null}}},"14":{"name":"(anonymous_22)","decl":{"start":{"line":143,"column":32},"end":{"line":143,"column":null}},"loc":{"start":{"line":143,"column":32},"end":{"line":149,"column":13}}},"15":{"name":"(anonymous_23)","decl":{"start":{"line":155,"column":21},"end":{"line":155,"column":30}},"loc":{"start":{"line":155,"column":32},"end":{"line":161,"column":null}}},"16":{"name":"(anonymous_24)","decl":{"start":{"line":155,"column":32},"end":{"line":155,"column":null}},"loc":{"start":{"line":155,"column":32},"end":{"line":161,"column":13}}},"17":{"name":"(anonymous_25)","decl":{"start":{"line":167,"column":21},"end":{"line":167,"column":30}},"loc":{"start":{"line":167,"column":32},"end":{"line":173,"column":null}}},"18":{"name":"(anonymous_26)","decl":{"start":{"line":167,"column":32},"end":{"line":167,"column":null}},"loc":{"start":{"line":167,"column":32},"end":{"line":173,"column":13}}},"19":{"name":"(anonymous_27)","decl":{"start":{"line":179,"column":21},"end":{"line":179,"column":30}},"loc":{"start":{"line":179,"column":32},"end":{"line":185,"column":null}}},"20":{"name":"(anonymous_28)","decl":{"start":{"line":179,"column":32},"end":{"line":179,"column":null}},"loc":{"start":{"line":179,"column":32},"end":{"line":185,"column":13}}},"21":{"name":"(anonymous_29)","decl":{"start":{"line":191,"column":21},"end":{"line":191,"column":30}},"loc":{"start":{"line":191,"column":32},"end":{"line":193,"column":null}}},"22":{"name":"(anonymous_30)","decl":{"start":{"line":191,"column":32},"end":{"line":191,"column":null}},"loc":{"start":{"line":191,"column":32},"end":{"line":193,"column":13}}},"23":{"name":"(anonymous_31)","decl":{"start":{"line":199,"column":21},"end":{"line":199,"column":28}},"loc":{"start":{"line":199,"column":48},"end":{"line":207,"column":null}}},"24":{"name":"(anonymous_32)","decl":{"start":{"line":199,"column":48},"end":{"line":199,"column":null}},"loc":{"start":{"line":199,"column":48},"end":{"line":207,"column":13}}}},"branchMap":{"0":{"loc":{"start":{"line":87,"column":12},"end":{"line":89,"column":null}},"type":"if","locations":[{"start":{"line":87,"column":12},"end":{"line":89,"column":null}},{"start":{"line":87,"column":12},"end":{"line":89,"column":null}}]},"1":{"loc":{"start":{"line":132,"column":57},"end":{"line":132,"column":75}},"type":"cond-expr","locations":[{"start":{"line":132,"column":57},"end":{"line":132,"column":75}},{"start":{"line":132,"column":78},"end":{"line":132,"column":82}}]},"2":{"loc":{"start":{"line":133,"column":57},"end":{"line":133,"column":75}},"type":"cond-expr","locations":[{"start":{"line":133,"column":57},"end":{"line":133,"column":75}},{"start":{"line":133,"column":78},"end":{"line":133,"column":82}}]},"3":{"loc":{"start":{"line":145,"column":16},"end":{"line":148,"column":null}},"type":"if","locations":[{"start":{"line":145,"column":16},"end":{"line":148,"column":null}},{"start":{"line":145,"column":16},"end":{"line":148,"column":null}}]},"4":{"loc":{"start":{"line":157,"column":16},"end":{"line":160,"column":null}},"type":"if","locations":[{"start":{"line":157,"column":16},"end":{"line":160,"column":null}},{"start":{"line":157,"column":16},"end":{"line":160,"column":null}}]},"5":{"loc":{"start":{"line":169,"column":16},"end":{"line":171,"column":null}},"type":"if","locations":[{"start":{"line":169,"column":16},"end":{"line":171,"column":null}},{"start":{"line":169,"column":16},"end":{"line":171,"column":null}}]},"6":{"loc":{"start":{"line":181,"column":16},"end":{"line":183,"column":null}},"type":"if","locations":[{"start":{"line":181,"column":16},"end":{"line":183,"column":null}},{"start":{"line":181,"column":16},"end":{"line":183,"column":null}}]},"7":{"loc":{"start":{"line":200,"column":16},"end":{"line":203,"column":null}},"type":"if","locations":[{"start":{"line":200,"column":16},"end":{"line":203,"column":null}},{"start":{"line":200,"column":16},"end":{"line":203,"column":null}}]}},"s":{"0":0,"1":0,"2":0,"3":0,"4":0,"5":0,"6":0,"7":0,"8":0,"9":0,"10":0,"11":0,"12":0,"13":0,"14":0,"15":0,"16":0,"17":0,"18":0,"19":0,"20":0,"21":0,"22":0,"23":0,"24":0,"25":0,"26":0,"27":0,"28":0,"29":0,"30":0,"31":0,"32":0,"33":0,"34":0,"35":0,"36":0,"37":0,"38":0,"39":0,"40":0,"41":0,"42":0,"43":0,"44":0,"45":0,"46":0,"47":0,"48":0,"49":0,"50":0,"51":0,"52":0,"53":0,"54":0,"55":0,"56":0,"57":0,"58":0,"59":0,"60":0,"61":0,"62":0,"63":0,"64":0,"65":0,"66":0,"67":0,"68":0,"69":0,"70":0,"71":0,"72":0,"73":0,"74":0,"75":0,"76":0,"77":0,"78":0,"79":0,"80":0,"81":0,"82":0,"83":0,"84":0,"85":0,"86":0,"87":0,"88":0,"89":0},"f":{"0":0,"1":0,"2":0,"3":0,"4":0,"5":0,"6":0,"7":0,"8":0,"9":0,"10":0,"11":0,"12":0,"13":0,"14":0,"15":0,"16":0,"17":0,"18":0,"19":0,"20":0,"21":0,"22":0,"23":0,"24":0},"b":{"0":[0,0],"1":[0,0],"2":[0,0],"3":[0,0],"4":[0,0],"5":[0,0],"6":[0,0],"7":[0,0]}}
,"/home/runner/work/plugin-templates/plugin-templates/src/legacyTemplates.ts": {"path":"/home/runner/work/plugin-templates/plugin-templates/src/legacyTemplates.ts","statementMap":{"0":{"start":{"line":1,"column":0},"end":{"line":1,"column":25}},"1":{"start":{"line":3,"column":0},"end":{"line":3,"column":47}},"2":{"start":{"line":4,"column":0},"end":{"line":4,"column":66}},"3":{"start":{"line":7,"column":4},"end":{"line":14,"column":165}},"4":{"start":{"line":16,"column":30},"end":{"line":19,"column":null}},"5":{"start":{"line":16,"column":81},"end":{"line":19,"column":null}},"6":{"start":{"line":17,"column":24},"end":{"line":17,"column":93}},"7":{"start":{"line":18,"column":4},"end":{"line":18,"column":37}},"8":{"start":{"line":21,"column":24},"end":{"line":23,"column":null}},"9":{"start":{"line":21,"column":52},"end":{"line":23,"column":null}},"10":{"start":{"line":22,"column":4},"end":{"line":22,"column":53}},"11":{"start":{"line":25,"column":13},"end":{"line":59,"column":null}},"12":{"start":{"line":25,"column":115},"end":{"line":59,"column":null}},"13":{"start":{"line":26,"column":15},"end":{"line":26,"column":41}},"14":{"start":{"line":28,"column":19},"end":{"line":28,"column":23}},"15":{"start":{"line":29,"column":25},"end":{"line":29,"column":29}},"16":{"start":{"line":31,"column":25},"end":{"line":31,"column":50}},"17":{"start":{"line":33,"column":4},"end":{"line":54,"column":null}},"18":{"start":{"line":34,"column":8},"end":{"line":53,"column":null}},"19":{"start":{"line":35,"column":38},"end":{"line":35,"column":68}},"20":{"start":{"line":36,"column":12},"end":{"line":50,"column":null}},"21":{"start":{"line":37,"column":36},"end":{"line":37,"column":68}},"22":{"start":{"line":38,"column":16},"end":{"line":49,"column":null}},"23":{"start":{"line":39,"column":20},"end":{"line":39,"column":92}},"24":{"start":{"line":39,"column":35},"end":{"line":39,"column":92}},"25":{"start":{"line":40,"column":20},"end":{"line":40,"column":82}},"26":{"start":{"line":40,"column":41},"end":{"line":40,"column":82}},"27":{"start":{"line":42,"column":41},"end":{"line":42,"column":80}},"28":{"start":{"line":44,"column":33},"end":{"line":44,"column":137}},"29":{"start":{"line":45,"column":20},"end":{"line":45,"column":66}},"30":{"start":{"line":47,"column":36},"end":{"line":47,"column":56}},"31":{"start":{"line":48,"column":20},"end":{"line":48,"column":58}},"32":{"start":{"line":52,"column":12},"end":{"line":52,"column":71}},"33":{"start":{"line":56,"column":4},"end":{"line":58,"column":null}},"34":{"start":{"line":57,"column":8},"end":{"line":57,"column":109}}},"fnMap":{"0":{"name":"(anonymous_7)","decl":{"start":{"line":16,"column":30},"end":{"line":16,"column":37}},"loc":{"start":{"line":16,"column":81},"end":{"line":19,"column":null}}},"1":{"name":"(anonymous_8)","decl":{"start":{"line":16,"column":81},"end":{"line":16,"column":null}},"loc":{"start":{"line":16,"column":81},"end":{"line":19,"column":1}}},"2":{"name":"(anonymous_9)","decl":{"start":{"line":21,"column":24},"end":{"line":21,"column":50}},"loc":{"start":{"line":21,"column":52},"end":{"line":23,"column":null}}},"3":{"name":"(anonymous_10)","decl":{"start":{"line":21,"column":52},"end":{"line":21,"column":null}},"loc":{"start":{"line":21,"column":52},"end":{"line":23,"column":1}}},"4":{"name":"(anonymous_11)","decl":{"start":{"line":25,"column":35},"end":{"line":25,"column":42}},"loc":{"start":{"line":25,"column":115},"end":{"line":59,"column":null}}},"5":{"name":"(anonymous_12)","decl":{"start":{"line":25,"column":115},"end":{"line":25,"column":null}},"loc":{"start":{"line":25,"column":115},"end":{"line":59,"column":1}}}},"branchMap":{"0":{"loc":{"start":{"line":33,"column":4},"end":{"line":54,"column":null}},"type":"if","locations":[{"start":{"line":33,"column":4},"end":{"line":54,"column":null}},{"start":{"line":33,"column":4},"end":{"line":54,"column":null}}]},"1":{"loc":{"start":{"line":38,"column":16},"end":{"line":49,"column":null}},"type":"if","locations":[{"start":{"line":38,"column":16},"end":{"line":49,"column":null}},{"start":{"line":38,"column":16},"end":{"line":49,"column":null}}]},"2":{"loc":{"start":{"line":38,"column":20},"end":{"line":38,"column":47}},"type":"binary-expr","locations":[{"start":{"line":38,"column":20},"end":{"line":38,"column":47}},{"start":{"line":38,"column":51},"end":{"line":38,"column":88}}]},"3":{"loc":{"start":{"line":39,"column":20},"end":{"line":39,"column":92}},"type":"if","locations":[{"start":{"line":39,"column":20},"end":{"line":39,"column":92}},{"start":{"line":39,"column":20},"end":{"line":39,"column":92}}]},"4":{"loc":{"start":{"line":40,"column":20},"end":{"line":40,"column":82}},"type":"if","locations":[{"start":{"line":40,"column":20},"end":{"line":40,"column":82}},{"start":{"line":40,"column":20},"end":{"line":40,"column":82}}]},"5":{"loc":{"start":{"line":56,"column":4},"end":{"line":58,"column":null}},"type":"if","locations":[{"start":{"line":56,"column":4},"end":{"line":58,"column":null}},{"start":{"line":56,"column":4},"end":{"line":58,"column":null}}]}},"s":{"0":0,"1":0,"2":0,"3":0,"4":0,"5":0,"6":0,"7":0,"8":0,"9":0,"10":0,"11":0,"12":0,"13":0,"14":0,"15":0,"16":0,"17":0,"18":0,"19":0,"20":0,"21":0,"22":0,"23":0,"24":0,"25":0,"26":0,"27":0,"28":0,"29":0,"30":0,"31":0,"32":0,"33":0,"34":0},"f":{"0":0,"1":0,"2":0,"3":0,"4":0,"5":0},"b":{"0":[0,0],"1":[0,0],"2":[0,0],"3":[0,0],"4":[0,0],"5":[0,0]}}
,"/home/runner/work/plugin-templates/plugin-templates/src/logger.ts": {"path":"/home/runner/work/plugin-templates/plugin-templates/src/logger.ts","statementMap":{"0":{"start":{"line":1,"column":0},"end":{"line":1,"column":25}},"1":{"start":{"line":3,"column":11},"end":{"line":3,"column":37}},"2":{"start":{"line":9,"column":8},"end":{"line":9,"column":59}},"3":{"start":{"line":13,"column":8},"end":{"line":13,"column":94}},"4":{"start":{"line":5,"column":0},"end":{"line":5,"column":13}}},"fnMap":{"0":{"name":"(anonymous_7)","decl":{"start":{"line":8,"column":4},"end":{"line":8,"column":16}},"loc":{"start":{"line":8,"column":34},"end":{"line":10,"column":5}}},"1":{"name":"(anonymous_8)","decl":{"start":{"line":12,"column":17},"end":{"line":12,"column":20}},"loc":{"start":{"line":12,"column":36},"end":{"line":14,"column":null}}}},"branchMap":{},"s":{"0":1,"1":1,"2":1,"3":0,"4":1},"f":{"0":1,"1":0},"b":{}}
,"/home/runner/work/plugin-templates/plugin-templates/src/parser.ts": {"path":"/home/runner/work/plugin-templates/plugin-templates/src/parser.ts","statementMap":{"0":{"start":{"line":1,"column":0},"end":{"line":1,"column":25}},"1":{"start":{"line":2,"column":0},"end":{"line":2,"column":57}},"2":{"start":{"line":5,"column":0},"end":{"line":5,"column":50}},"3":{"start":{"line":7,"column":0},"end":{"line":7,"column":63}},"4":{"start":{"line":9,"column":0},"end":{"line":9,"column":69}},"5":{"start":{"line":10,"column":0},"end":{"line":10,"column":42}},"6":{"start":{"line":16,"column":20},"end":{"line":16,"column":43}},"7":{"start":{"line":26,"column":33},"end":{"line":26,"column":49}},"8":{"start":{"line":27,"column":32},"end":{"line":27,"column":47}},"9":{"start":{"line":28,"column":34},"end":{"line":28,"column":53}},"10":{"start":{"line":29,"column":31},"end":{"line":29,"column":52}},"11":{"start":{"line":35,"column":12},"end":{"line":35,"column":138}},"12":{"start":{"line":38,"column":8},"end":{"line":38,"column":38}},"13":{"start":{"line":39,"column":8},"end":{"line":39,"column":39}},"14":{"start":{"line":40,"column":8},"end":{"line":40,"column":29}},"15":{"start":{"line":41,"column":8},"end":{"line":41,"column":50}},"16":{"start":{"line":45,"column":8},"end":{"line":51,"column":null}},"17":{"start":{"line":55,"column":31},"end":{"line":55,"column":33}},"18":{"start":{"line":56,"column":8},"end":{"line":58,"column":11}},"19":{"start":{"line":57,"column":12},"end":{"line":57,"column":122}},"20":{"start":{"line":59,"column":8},"end":{"line":59,"column":30}},"21":{"start":{"line":63,"column":8},"end":{"line":70,"column":null}},"22":{"start":{"line":64,"column":12},"end":{"line":69,"column":null}},"23":{"start":{"line":65,"column":37},"end":{"line":65,"column":76}},"24":{"start":{"line":66,"column":16},"end":{"line":66,"column":33}},"25":{"start":{"line":68,"column":16},"end":{"line":68,"column":221}},"26":{"start":{"line":74,"column":8},"end":{"line":76,"column":null}},"27":{"start":{"line":75,"column":12},"end":{"line":75,"column":22}},"28":{"start":{"line":78,"column":8},"end":{"line":78,"column":56}},"29":{"start":{"line":80,"column":64},"end":{"line":80,"column":66}},"30":{"start":{"line":81,"column":8},"end":{"line":83,"column":11}},"31":{"start":{"line":82,"column":12},"end":{"line":82,"column":109}},"32":{"start":{"line":85,"column":8},"end":{"line":85,"column":76}},"33":{"start":{"line":86,"column":32},"end":{"line":86,"column":76}},"34":{"start":{"line":88,"column":8},"end":{"line":90,"column":null}},"35":{"start":{"line":89,"column":12},"end":{"line":89,"column":24}},"36":{"start":{"line":98,"column":8},"end":{"line":108,"column":null}},"37":{"start":{"line":99,"column":12},"end":{"line":99,"column":61}},"38":{"start":{"line":101,"column":12},"end":{"line":101,"column":89}},"39":{"start":{"line":102,"column":12},"end":{"line":102,"column":74}},"40":{"start":{"line":104,"column":29},"end":{"line":104,"column":230}},"41":{"start":{"line":105,"column":12},"end":{"line":105,"column":37}},"42":{"start":{"line":107,"column":12},"end":{"line":107,"column":33}},"43":{"start":{"line":110,"column":8},"end":{"line":110,"column":78}},"44":{"start":{"line":114,"column":44},"end":{"line":114,"column":46}},"45":{"start":{"line":115,"column":21},"end":{"line":117,"column":null}},"46":{"start":{"line":120,"column":8},"end":{"line":127,"column":null}},"47":{"start":{"line":121,"column":12},"end":{"line":123,"column":null}},"48":{"start":{"line":122,"column":16},"end":{"line":122,"column":111}},"49":{"start":{"line":125,"column":33},"end":{"line":125,"column":79}},"50":{"start":{"line":126,"column":12},"end":{"line":126,"column":50}},"51":{"start":{"line":129,"column":8},"end":{"line":129,"column":19}},"52":{"start":{"line":133,"column":21},"end":{"line":138,"column":10}},"53":{"start":{"line":140,"column":8},"end":{"line":142,"column":null}},"54":{"start":{"line":141,"column":12},"end":{"line":141,"column":74}},"55":{"start":{"line":144,"column":8},"end":{"line":146,"column":null}},"56":{"start":{"line":145,"column":12},"end":{"line":145,"column":124}},"57":{"start":{"line":145,"column":92},"end":{"line":145,"column":100}},"58":{"start":{"line":145,"column":114},"end":{"line":145,"column":122}},"59":{"start":{"line":148,"column":8},"end":{"line":155,"column":null}},"60":{"start":{"line":149,"column":29},"end":{"line":149,"column":85}},"61":{"start":{"line":150,"column":12},"end":{"line":154,"column":null}},"62":{"start":{"line":151,"column":16},"end":{"line":151,"column":39}},"63":{"start":{"line":153,"column":16},"end":{"line":153,"column":77}},"64":{"start":{"line":157,"column":8},"end":{"line":160,"column":null}},"65":{"start":{"line":158,"column":31},"end":{"line":158,"column":84}},"66":{"start":{"line":159,"column":12},"end":{"line":159,"column":121}},"67":{"start":{"line":162,"column":8},"end":{"line":162,"column":20}},"68":{"start":{"line":171,"column":8},"end":{"line":171,"column":48}},"69":{"start":{"line":173,"column":44},"end":{"line":194,"column":9}},"70":{"start":{"line":174,"column":29},"end":{"line":174,"column":53}},"71":{"start":{"line":176,"column":12},"end":{"line":178,"column":null}},"72":{"start":{"line":177,"column":16},"end":{"line":177,"column":28}},"73":{"start":{"line":180,"column":46},"end":{"line":186,"column":35}},"74":{"start":{"line":181,"column":16},"end":{"line":185,"column":null}},"75":{"start":{"line":182,"column":20},"end":{"line":182,"column":33}},"76":{"start":{"line":184,"column":20},"end":{"line":184,"column":32}},"77":{"start":{"line":186,"column":29},"end":{"line":186,"column":34}},"78":{"start":{"line":188,"column":12},"end":{"line":190,"column":null}},"79":{"start":{"line":189,"column":16},"end":{"line":189,"column":28}},"80":{"start":{"line":192,"column":34},"end":{"line":192,"column":62}},"81":{"start":{"line":193,"column":12},"end":{"line":193,"column":67}},"82":{"start":{"line":196,"column":29},"end":{"line":219,"column":9}},"83":{"start":{"line":197,"column":12},"end":{"line":216,"column":null}},"84":{"start":{"line":199,"column":32},"end":{"line":199,"column":79}},"85":{"start":{"line":200,"column":32},"end":{"line":200,"column":63}},"86":{"start":{"line":201,"column":16},"end":{"line":203,"column":null}},"87":{"start":{"line":202,"column":20},"end":{"line":202,"column":29}},"88":{"start":{"line":205,"column":35},"end":{"line":205,"column":45}},"89":{"start":{"line":208,"column":16},"end":{"line":210,"column":null}},"90":{"start":{"line":209,"column":20},"end":{"line":209,"column":29}},"91":{"start":{"line":212,"column":33},"end":{"line":212,"column":54}},"92":{"start":{"line":213,"column":38},"end":{"line":213,"column":95}},"93":{"start":{"line":215,"column":16},"end":{"line":215,"column":87}},"94":{"start":{"line":218,"column":12},"end":{"line":218,"column":36}},"95":{"start":{"line":221,"column":39},"end":{"line":221,"column":68}},"96":{"start":{"line":222,"column":8},"end":{"line":224,"column":null}},"97":{"start":{"line":223,"column":12},"end":{"line":223,"column":32}},"98":{"start":{"line":226,"column":37},"end":{"line":226,"column":144}},"99":{"start":{"line":227,"column":8},"end":{"line":227,"column":101}},"100":{"start":{"line":229,"column":8},"end":{"line":229,"column":68}},"101":{"start":{"line":233,"column":8},"end":{"line":235,"column":null}},"102":{"start":{"line":234,"column":12},"end":{"line":234,"column":24}},"103":{"start":{"line":237,"column":8},"end":{"line":237,"column":67}},"104":{"start":{"line":239,"column":8},"end":{"line":284,"column":null}},"105":{"start":{"line":240,"column":38},"end":{"line":240,"column":64}},"106":{"start":{"line":241,"column":38},"end":{"line":241,"column":66}},"107":{"start":{"line":243,"column":36},"end":{"line":243,"column":38}},"108":{"start":{"line":244,"column":37},"end":{"line":246,"column":14}},"109":{"start":{"line":248,"column":12},"end":{"line":254,"column":null}},"110":{"start":{"line":249,"column":16},"end":{"line":253,"column":null}},"111":{"start":{"line":250,"column":20},"end":{"line":250,"column":77}},"112":{"start":{"line":252,"column":20},"end":{"line":252,"column":76}},"113":{"start":{"line":256,"column":35},"end":{"line":256,"column":96}},"114":{"start":{"line":257,"column":12},"end":{"line":259,"column":null}},"115":{"start":{"line":258,"column":16},"end":{"line":258,"column":28}},"116":{"start":{"line":261,"column":43},"end":{"line":261,"column":103}},"117":{"start":{"line":262,"column":32},"end":{"line":262,"column":82}},"118":{"start":{"line":265,"column":12},"end":{"line":265,"column":62}},"119":{"start":{"line":267,"column":25},"end":{"line":270,"column":null}},"120":{"start":{"line":273,"column":33},"end":{"line":273,"column":55}},"121":{"start":{"line":274,"column":37},"end":{"line":274,"column":69}},"122":{"start":{"line":276,"column":12},"end":{"line":278,"column":null}},"123":{"start":{"line":281,"column":12},"end":{"line":281,"column":61}},"124":{"start":{"line":282,"column":12},"end":{"line":282,"column":141}},"125":{"start":{"line":283,"column":12},"end":{"line":283,"column":24}},"126":{"start":{"line":31,"column":0},"end":{"line":31,"column":13}}},"fnMap":{"0":{"name":"(anonymous_7)","decl":{"start":{"line":37,"column":4},"end":{"line":37,"column":16}},"loc":{"start":{"line":37,"column":92},"end":{"line":42,"column":5}}},"1":{"name":"(anonymous_8)","decl":{"start":{"line":44,"column":12},"end":{"line":44,"column":29}},"loc":{"start":{"line":44,"column":29},"end":{"line":52,"column":5}}},"2":{"name":"(anonymous_9)","decl":{"start":{"line":54,"column":12},"end":{"line":54,"column":38}},"loc":{"start":{"line":54,"column":120},"end":{"line":60,"column":5}}},"3":{"name":"(anonymous_10)","decl":{"start":{"line":56,"column":34},"end":{"line":56,"column":46}},"loc":{"start":{"line":56,"column":49},"end":{"line":58,"column":9}}},"4":{"name":"(anonymous_11)","decl":{"start":{"line":62,"column":12},"end":{"line":62,"column":30}},"loc":{"start":{"line":62,"column":54},"end":{"line":71,"column":5}}},"5":{"name":"(anonymous_12)","decl":{"start":{"line":73,"column":18},"end":{"line":73,"column":35}},"loc":{"start":{"line":73,"column":85},"end":{"line":111,"column":null}}},"6":{"name":"(anonymous_14)","decl":{"start":{"line":81,"column":35},"end":{"line":81,"column":47}},"loc":{"start":{"line":81,"column":50},"end":{"line":83,"column":9}}},"7":{"name":"(anonymous_15)","decl":{"start":{"line":113,"column":12},"end":{"line":113,"column":33}},"loc":{"start":{"line":113,"column":121},"end":{"line":130,"column":5}}},"8":{"name":"(anonymous_16)","decl":{"start":{"line":132,"column":18},"end":{"line":132,"column":33}},"loc":{"start":{"line":132,"column":80},"end":{"line":163,"column":null}}},"9":{"name":"(anonymous_18)","decl":{"start":{"line":145,"column":87},"end":{"line":145,"column":88}},"loc":{"start":{"line":145,"column":92},"end":{"line":145,"column":100}}},"10":{"name":"(anonymous_19)","decl":{"start":{"line":145,"column":109},"end":{"line":145,"column":110}},"loc":{"start":{"line":145,"column":114},"end":{"line":145,"column":122}}},"11":{"name":"(anonymous_20)","decl":{"start":{"line":165,"column":12},"end":{"line":165,"column":34}},"loc":{"start":{"line":165,"column":55},"end":{"line":230,"column":5}}},"12":{"name":"(anonymous_21)","decl":{"start":{"line":173,"column":44},"end":{"line":173,"column":47}},"loc":{"start":{"line":173,"column":49},"end":{"line":194,"column":9}}},"13":{"name":"(anonymous_22)","decl":{"start":{"line":180,"column":59},"end":{"line":180,"column":60}},"loc":{"start":{"line":180,"column":74},"end":{"line":186,"column":13}}},"14":{"name":"(anonymous_23)","decl":{"start":{"line":186,"column":22},"end":{"line":186,"column":25}},"loc":{"start":{"line":186,"column":29},"end":{"line":186,"column":34}}},"15":{"name":"(anonymous_24)","decl":{"start":{"line":196,"column":29},"end":{"line":196,"column":30}},"loc":{"start":{"line":196,"column":80},"end":{"line":219,"column":9}}},"16":{"name":"(anonymous_25)","decl":{"start":{"line":232,"column":17},"end":{"line":232,"column":30}},"loc":{"start":{"line":232,"column":52},"end":{"line":285,"column":null}}}},"branchMap":{"0":{"loc":{"start":{"line":74,"column":8},"end":{"line":76,"column":null}},"type":"if","locations":[{"start":{"line":74,"column":8},"end":{"line":76,"column":null}},{"start":{"line":74,"column":8},"end":{"line":76,"column":null}}]},"1":{"loc":{"start":{"line":88,"column":8},"end":{"line":90,"column":null}},"type":"if","locations":[{"start":{"line":88,"column":8},"end":{"line":90,"column":null}},{"start":{"line":88,"column":8},"end":{"line":90,"column":null}}]},"2":{"loc":{"start":{"line":121,"column":12},"end":{"line":123,"column":null}},"type":"if","locations":[{"start":{"line":121,"column":12},"end":{"line":123,"column":null}},{"start":{"line":121,"column":12},"end":{"line":123,"column":null}}]},"3":{"loc":{"start":{"line":140,"column":8},"end":{"line":142,"column":null}},"type":"if","locations":[{"start":{"line":140,"column":8},"end":{"line":142,"column":null}},{"start":{"line":140,"column":8},"end":{"line":142,"column":null}}]},"4":{"loc":{"start":{"line":144,"column":8},"end":{"line":146,"column":null}},"type":"if","locations":[{"start":{"line":144,"column":8},"end":{"line":146,"column":null}},{"start":{"line":144,"column":8},"end":{"line":146,"column":null}}]},"5":{"loc":{"start":{"line":148,"column":8},"end":{"line":155,"column":null}},"type":"if","locations":[{"start":{"line":148,"column":8},"end":{"line":155,"column":null}},{"start":{"line":148,"column":8},"end":{"line":155,"column":null}}]},"6":{"loc":{"start":{"line":150,"column":12},"end":{"line":154,"column":null}},"type":"if","locations":[{"start":{"line":150,"column":12},"end":{"line":154,"column":null}},{"start":{"line":150,"column":12},"end":{"line":154,"column":null}}]},"7":{"loc":{"start":{"line":157,"column":8},"end":{"line":160,"column":null}},"type":"if","locations":[{"start":{"line":157,"column":8},"end":{"line":160,"column":null}},{"start":{"line":157,"column":8},"end":{"line":160,"column":null}}]},"8":{"loc":{"start":{"line":176,"column":12},"end":{"line":178,"column":null}},"type":"if","locations":[{"start":{"line":176,"column":12},"end":{"line":178,"column":null}},{"start":{"line":176,"column":12},"end":{"line":178,"column":null}}]},"9":{"loc":{"start":{"line":176,"column":16},"end":{"line":176,"column":37}},"type":"binary-expr","locations":[{"start":{"line":176,"column":16},"end":{"line":176,"column":37}},{"start":{"line":176,"column":41},"end":{"line":176,"column":62}}]},"10":{"loc":{"start":{"line":181,"column":16},"end":{"line":185,"column":null}},"type":"if","locations":[{"start":{"line":181,"column":16},"end":{"line":185,"column":null}},{"start":{"line":181,"column":16},"end":{"line":185,"column":null}}]},"11":{"loc":{"start":{"line":181,"column":20},"end":{"line":181,"column":25}},"type":"binary-expr","locations":[{"start":{"line":181,"column":20},"end":{"line":181,"column":25}},{"start":{"line":181,"column":29},"end":{"line":181,"column":42}}]},"12":{"loc":{"start":{"line":188,"column":12},"end":{"line":190,"column":null}},"type":"if","locations":[{"start":{"line":188,"column":12},"end":{"line":190,"column":null}},{"start":{"line":188,"column":12},"end":{"line":190,"column":null}}]},"13":{"loc":{"start":{"line":201,"column":16},"end":{"line":203,"column":null}},"type":"if","locations":[{"start":{"line":201,"column":16},"end":{"line":203,"column":null}},{"start":{"line":201,"column":16},"end":{"line":203,"column":null}}]},"14":{"loc":{"start":{"line":208,"column":16},"end":{"line":210,"column":null}},"type":"if","locations":[{"start":{"line":208,"column":16},"end":{"line":210,"column":null}},{"start":{"line":208,"column":16},"end":{"line":210,"column":null}}]},"15":{"loc":{"start":{"line":222,"column":8},"end":{"line":224,"column":null}},"type":"if","locations":[{"start":{"line":222,"column":8},"end":{"line":224,"column":null}},{"start":{"line":222,"column":8},"end":{"line":224,"column":null}}]},"16":{"loc":{"start":{"line":233,"column":8},"end":{"line":235,"column":null}},"type":"if","locations":[{"start":{"line":233,"column":8},"end":{"line":235,"column":null}},{"start":{"line":233,"column":8},"end":{"line":235,"column":null}}]},"17":{"loc":{"start":{"line":249,"column":16},"end":{"line":253,"column":null}},"type":"if","locations":[{"start":{"line":249,"column":16},"end":{"line":253,"column":null}},{"start":{"line":249,"column":16},"end":{"line":253,"column":null}}]},"18":{"loc":{"start":{"line":257,"column":12},"end":{"line":259,"column":null}},"type":"if","locations":[{"start":{"line":257,"column":12},"end":{"line":259,"column":null}},{"start":{"line":257,"column":12},"end":{"line":259,"column":null}}]}},"s":{"0":1,"1":1,"2":1,"3":1,"4":1,"5":1,"6":1,"7":1,"8":1,"9":1,"10":1,"11":28,"12":28,"13":28,"14":28,"15":28,"16":56,"17":21,"18":21,"19":39,"20":21,"21":23,"22":41,"23":41,"24":41,"25":1,"26":31,"27":8,"28":23,"29":22,"30":22,"31":40,"32":22,"33":22,"34":22,"35":1,"36":21,"37":21,"38":0,"39":0,"40":0,"41":0,"42":0,"43":21,"44":29,"45":29,"46":29,"47":36,"48":0,"49":36,"50":36,"51":29,"52":29,"53":29,"54":1,"55":29,"56":2,"57":5,"58":5,"59":29,"60":2,"61":2,"62":1,"63":1,"64":28,"65":2,"66":2,"67":27,"68":32,"69":32,"70":32,"71":32,"72":6,"73":26,"74":248,"75":26,"76":222,"77":248,"78":26,"79":0,"80":26,"81":26,"82":32,"83":26,"84":104,"85":104,"86":104,"87":96,"88":8,"89":8,"90":0,"91":8,"92":8,"93":8,"94":26,"95":32,"96":32,"97":6,"98":26,"99":26,"100":26,"101":32,"102":0,"103":32,"104":32,"105":32,"106":31,"107":31,"108":31,"109":31,"110":48,"111":7,"112":41,"113":31,"114":30,"115":1,"116":29,"117":29,"118":27,"119":27,"120":27,"121":27,"122":27,"123":15,"124":15,"125":15,"126":1},"f":{"0":28,"1":56,"2":21,"3":39,"4":23,"5":31,"6":40,"7":29,"8":29,"9":5,"10":5,"11":32,"12":32,"13":248,"14":248,"15":26,"16":32},"b":{"0":[8,23],"1":[1,21],"2":[0,36],"3":[1,28],"4":[2,27],"5":[2,27],"6":[1,1],"7":[2,26],"8":[6,26],"9":[32,32],"10":[26,222],"11":[248,222],"12":[0,26],"13":[96,8],"14":[0,8],"15":[6,26],"16":[0,32],"17":[7,41],"18":[1,29]}}
,"/home/runner/work/plugin-templates/plugin-templates/src/helpers/case.ts": {"path":"/home/runner/work/plugin-templates/plugin-templates/src/helpers/case.ts","statementMap":{"0":{"start":{"line":1,"column":0},"end":{"line":1,"column":68}},"1":{"start":{"line":3,"column":13},"end":{"line":16,"column":2}},"2":{"start":{"line":4,"column":4},"end":{"line":15,"column":7}},"3":{"start":{"line":5,"column":19},"end":{"line":5,"column":47}},"4":{"start":{"line":7,"column":8},"end":{"line":14,"column":null}},"5":{"start":{"line":9,"column":16},"end":{"line":9,"column":40}},"6":{"start":{"line":11,"column":16},"end":{"line":11,"column":40}},"7":{"start":{"line":13,"column":16},"end":{"line":13,"column":77}}},"fnMap":{"0":{"name":"(anonymous_0)","decl":{"start":{"line":3,"column":50},"end":{"line":3,"column":53}},"loc":{"start":{"line":3,"column":56},"end":{"line":16,"column":1}}},"1":{"name":"(anonymous_1)","decl":{"start":{"line":4,"column":40},"end":{"line":4,"column":41}},"loc":{"start":{"line":4,"column":64},"end":{"line":15,"column":5}}}},"branchMap":{"0":{"loc":{"start":{"line":8,"column":12},"end":{"line":9,"column":40}},"type":"switch","locations":[{"start":{"line":8,"column":12},"end":{"line":9,"column":40}},{"start":{"line":10,"column":12},"end":{"line":11,"column":40}},{"start":{"line":12,"column":12},"end":{"line":13,"column":77}}]}},"s":{"0":1,"1":1,"2":28,"3":4,"4":4,"5":2,"6":1,"7":1},"f":{"0":28,"1":4},"b":{"0":[2,1,1]}}
,"/home/runner/work/plugin-templates/plugin-templates/src/helpers/compare.ts": {"path":"/home/runner/work/plugin-templates/plugin-templates/src/helpers/compare.ts","statementMap":{"0":{"start":{"line":1,"column":0},"end":{"line":1,"column":68}},"1":{"start":{"line":3,"column":13},"end":{"line":42,"column":2}},"2":{"start":{"line":4,"column":4},"end":{"line":41,"column":7}},"3":{"start":{"line":5,"column":8},"end":{"line":40,"column":null}},"4":{"start":{"line":9,"column":16},"end":{"line":9,"column":34}},"5":{"start":{"line":13,"column":16},"end":{"line":13,"column":35}},"6":{"start":{"line":17,"column":16},"end":{"line":17,"column":34}},"7":{"start":{"line":21,"column":16},"end":{"line":21,"column":35}},"8":{"start":{"line":25,"column":16},"end":{"line":25,"column":33}},"9":{"start":{"line":29,"column":16},"end":{"line":29,"column":34}},"10":{"start":{"line":33,"column":16},"end":{"line":33,"column":33}},"11":{"start":{"line":37,"column":16},"end":{"line":37,"column":34}},"12":{"start":{"line":39,"column":16},"end":{"line":39,"column":94}}},"fnMap":{"0":{"name":"(anonymous_0)","decl":{"start":{"line":3,"column":53},"end":{"line":3,"column":56}},"loc":{"start":{"line":3,"column":59},"end":{"line":42,"column":1}}},"1":{"name":"(anonymous_1)","decl":{"start":{"line":4,"column":43},"end":{"line":4,"column":44}},"loc":{"start":{"line":4,"column":73},"end":{"line":41,"column":5}}}},"branchMap":{"0":{"loc":{"start":{"line":6,"column":12},"end":{"line":6,"column":22}},"type":"switch","locations":[{"start":{"line":6,"column":12},"end":{"line":6,"column":22}},{"start":{"line":7,"column":12},"end":{"line":7,"column":22}},{"start":{"line":8,"column":12},"end":{"line":9,"column":34}},{"start":{"line":10,"column":12},"end":{"line":10,"column":23}},{"start":{"line":11,"column":12},"end":{"line":11,"column":23}},{"start":{"line":12,"column":12},"end":{"line":13,"column":35}},{"start":{"line":14,"column":12},"end":{"line":14,"column":22}},{"start":{"line":15,"column":12},"end":{"line":15,"column":22}},{"start":{"line":16,"column":12},"end":{"line":17,"column":34}},{"start":{"line":18,"column":12},"end":{"line":18,"column":23}},{"start":{"line":19,"column":12},"end":{"line":19,"column":23}},{"start":{"line":20,"column":12},"end":{"line":21,"column":35}},{"start":{"line":22,"column":12},"end":{"line":22,"column":21}},{"start":{"line":23,"column":12},"end":{"line":23,"column":22}},{"start":{"line":24,"column":12},"end":{"line":25,"column":33}},{"start":{"line":26,"column":12},"end":{"line":26,"column":22}},{"start":{"line":27,"column":12},"end":{"line":27,"column":23}},{"start":{"line":28,"column":12},"end":{"line":29,"column":34}},{"start":{"line":30,"column":12},"end":{"line":30,"column":21}},{"start":{"line":31,"column":12},"end":{"line":31,"column":22}},{"start":{"line":32,"column":12},"end":{"line":33,"column":33}},{"start":{"line":34,"column":12},"end":{"line":34,"column":22}},{"start":{"line":35,"column":12},"end":{"line":35,"column":23}},{"start":{"line":36,"column":12},"end":{"line":37,"column":34}},{"start":{"line":38,"column":12},"end":{"line":39,"column":94}}]}},"s":{"0":1,"1":1,"2":28,"3":18,"4":7,"5":1,"6":3,"7":1,"8":1,"9":1,"10":2,"11":1,"12":1},"f":{"0":28,"1":18},"b":{"0":[7,7,7,1,1,1,3,3,3,1,1,1,1,1,1,1,1,1,2,2,2,1,1,1,1]}}
,"/home/runner/work/plugin-templates/plugin-templates/src/helpers/condition.ts": {"path":"/home/runner/work/plugin-templates/plugin-templates/src/helpers/condition.ts","statementMap":{"0":{"start":{"line":1,"column":0},"end":{"line":1,"column":68}},"1":{"start":{"line":3,"column":13},"end":{"line":19,"column":2}},"2":{"start":{"line":4,"column":4},"end":{"line":18,"column":7}},"3":{"start":{"line":5,"column":8},"end":{"line":17,"column":null}},"4":{"start":{"line":8,"column":16},"end":{"line":8,"column":27}},"5":{"start":{"line":11,"column":16},"end":{"line":11,"column":34}},"6":{"start":{"line":14,"column":16},"end":{"line":14,"column":34}},"7":{"start":{"line":16,"column":16},"end":{"line":16,"column":85}}},"fnMap":{"0":{"name":"(anonymous_0)","decl":{"start":{"line":3,"column":55},"end":{"line":3,"column":58}},"loc":{"start":{"line":3,"column":61},"end":{"line":19,"column":1}}},"1":{"name":"(anonymous_1)","decl":{"start":{"line":4,"column":45},"end":{"line":4,"column":46}},"loc":{"start":{"line":4,"column":75},"end":{"line":18,"column":5}}}},"branchMap":{"0":{"loc":{"start":{"line":6,"column":12},"end":{"line":6,"column":21}},"type":"switch","locations":[{"start":{"line":6,"column":12},"end":{"line":6,"column":21}},{"start":{"line":7,"column":12},"end":{"line":8,"column":27}},{"start":{"line":9,"column":12},"end":{"line":9,"column":22}},{"start":{"line":10,"column":12},"end":{"line":11,"column":34}},{"start":{"line":12,"column":12},"end":{"line":12,"column":22}},{"start":{"line":13,"column":12},"end":{"line":14,"column":34}},{"start":{"line":15,"column":12},"end":{"line":16,"column":85}}]},"1":{"loc":{"start":{"line":11,"column":24},"end":{"line":11,"column":26}},"type":"binary-expr","locations":[{"start":{"line":11,"column":24},"end":{"line":11,"column":26}},{"start":{"line":11,"column":30},"end":{"line":11,"column":32}}]},"2":{"loc":{"start":{"line":14,"column":24},"end":{"line":14,"column":26}},"type":"binary-expr","locations":[{"start":{"line":14,"column":24},"end":{"line":14,"column":26}},{"start":{"line":14,"column":30},"end":{"line":14,"column":32}}]}},"s":{"0":1,"1":1,"2":28,"3":9,"4":3,"5":4,"6":1,"7":1},"f":{"0":28,"1":9},"b":{"0":[3,3,4,4,1,1,1],"1":[4,4],"2":[1,0]}}
,"/home/runner/work/plugin-templates/plugin-templates/src/helpers/context.ts": {"path":"/home/runner/work/plugin-templates/plugin-templates/src/helpers/context.ts","statementMap":{"0":{"start":{"line":7,"column":8},"end":{"line":7,"column":42}},"1":{"start":{"line":3,"column":0},"end":{"line":3,"column":13}}},"fnMap":{"0":{"name":"(anonymous_0)","decl":{"start":{"line":6,"column":4},"end":{"line":6,"column":16}},"loc":{"start":{"line":6,"column":43},"end":{"line":8,"column":5}}}},"branchMap":{},"s":{"0":28,"1":1},"f":{"0":28},"b":{}}
,"/home/runner/work/plugin-templates/plugin-templates/src/helpers/custom_datetime.ts": {"path":"/home/runner/work/plugin-templates/plugin-templates/src/helpers/custom_datetime.ts","statementMap":{"0":{"start":{"line":1,"column":0},"end":{"line":1,"column":68}},"1":{"start":{"line":3,"column":13},"end":{"line":7,"column":2}},"2":{"start":{"line":4,"column":4},"end":{"line":6,"column":7}},"3":{"start":{"line":5,"column":8},"end":{"line":5,"column":69}}},"fnMap":{"0":{"name":"(anonymous_0)","decl":{"start":{"line":3,"column":60},"end":{"line":3,"column":63}},"loc":{"start":{"line":3,"column":66},"end":{"line":7,"column":1}}},"1":{"name":"(anonymous_1)","decl":{"start":{"line":4,"column":51},"end":{"line":4,"column":52}},"loc":{"start":{"line":4,"column":63},"end":{"line":6,"column":5}}}},"branchMap":{},"s":{"0":1,"1":1,"2":28,"3":1},"f":{"0":28,"1":1},"b":{}}
,"/home/runner/work/plugin-templates/plugin-templates/src/helpers/datetime.ts": {"path":"/home/runner/work/plugin-templates/plugin-templates/src/helpers/datetime.ts","statementMap":{"0":{"start":{"line":1,"column":0},"end":{"line":1,"column":68}},"1":{"start":{"line":2,"column":0},"end":{"line":2,"column":94}},"2":{"start":{"line":3,"column":0},"end":{"line":3,"column":33}},"3":{"start":{"line":5,"column":15},"end":{"line":5,"column":23}},"4":{"start":{"line":6,"column":17},"end":{"line":6,"column":27}},"5":{"start":{"line":7,"column":17},"end":{"line":7,"column":27}},"6":{"start":{"line":8,"column":20},"end":{"line":8,"column":33}},"7":{"start":{"line":9,"column":21},"end":{"line":9,"column":35}},"8":{"start":{"line":10,"column":19},"end":{"line":10,"column":31}},"9":{"start":{"line":11,"column":20},"end":{"line":11,"column":33}},"10":{"start":{"line":12,"column":22},"end":{"line":12,"column":37}},"11":{"start":{"line":13,"column":22},"end":{"line":13,"column":37}},"12":{"start":{"line":15,"column":13},"end":{"line":94,"column":2}},"13":{"start":{"line":16,"column":42},"end":{"line":62,"column":6}},"14":{"start":{"line":64,"column":4},"end":{"line":93,"column":7}},"15":{"start":{"line":65,"column":23},"end":{"line":65,"column":50}},"16":{"start":{"line":66,"column":22},"end":{"line":66,"column":48}},"17":{"start":{"line":68,"column":20},"end":{"line":68,"column":48}},"18":{"start":{"line":70,"column":8},"end":{"line":75,"column":null}},"19":{"start":{"line":71,"column":31},"end":{"line":71,"column":126}},"20":{"start":{"line":72,"column":12},"end":{"line":72,"column":45}},"21":{"start":{"line":73,"column":12},"end":{"line":73,"column":47}},"22":{"start":{"line":74,"column":12},"end":{"line":74,"column":45}},"23":{"start":{"line":77,"column":8},"end":{"line":83,"column":null}},"24":{"start":{"line":78,"column":31},"end":{"line":78,"column":126}},"25":{"start":{"line":79,"column":12},"end":{"line":79,"column":47}},"26":{"start":{"line":80,"column":12},"end":{"line":80,"column":51}},"27":{"start":{"line":81,"column":12},"end":{"line":81,"column":51}},"28":{"start":{"line":82,"column":12},"end":{"line":82,"column":39}},"29":{"start":{"line":85,"column":8},"end":{"line":85,"column":55}},"30":{"start":{"line":86,"column":8},"end":{"line":86,"column":57}},"31":{"start":{"line":87,"column":8},"end":{"line":87,"column":53}},"32":{"start":{"line":88,"column":8},"end":{"line":88,"column":55}},"33":{"start":{"line":89,"column":8},"end":{"line":89,"column":59}},"34":{"start":{"line":90,"column":8},"end":{"line":90,"column":59}},"35":{"start":{"line":92,"column":8},"end":{"line":92,"column":101}}},"fnMap":{"0":{"name":"(anonymous_0)","decl":{"start":{"line":15,"column":54},"end":{"line":15,"column":55}},"loc":{"start":{"line":15,"column":62},"end":{"line":94,"column":1}}},"1":{"name":"(anonymous_1)","decl":{"start":{"line":64,"column":44},"end":{"line":64,"column":54}},"loc":{"start":{"line":64,"column":61},"end":{"line":93,"column":5}}}},"branchMap":{"0":{"loc":{"start":{"line":70,"column":8},"end":{"line":75,"column":null}},"type":"if","locations":[{"start":{"line":70,"column":8},"end":{"line":75,"column":null}},{"start":{"line":70,"column":8},"end":{"line":75,"column":null}}]},"1":{"loc":{"start":{"line":77,"column":8},"end":{"line":83,"column":null}},"type":"if","locations":[{"start":{"line":77,"column":8},"end":{"line":83,"column":null}},{"start":{"line":77,"column":8},"end":{"line":83,"column":null}}]}},"s":{"0":1,"1":1,"2":1,"3":1,"4":1,"5":1,"6":1,"7":1,"8":1,"9":1,"10":1,"11":1,"12":1,"13":28,"14":28,"15":13,"16":13,"17":12,"18":12,"19":3,"20":2,"21":2,"22":2,"23":11,"24":3,"25":2,"26":2,"27":2,"28":2,"29":10,"30":10,"31":10,"32":10,"33":10,"34":10,"35":10},"f":{"0":28,"1":13},"b":{"0":[3,9],"1":[3,8]}}
,"/home/runner/work/plugin-templates/plugin-templates/src/helpers/helper.ts": {"path":"/home/runner/work/plugin-templates/plugin-templates/src/helpers/helper.ts","statementMap":{"0":{"start":{"line":1,"column":0},"end":{"line":1,"column":57}},"1":{"start":{"line":14,"column":8},"end":{"line":14,"column":23}},"2":{"start":{"line":15,"column":8},"end":{"line":15,"column":25}},"3":{"start":{"line":19,"column":8},"end":{"line":19,"column":55}},"4":{"start":{"line":9,"column":0},"end":{"line":9,"column":13}}},"fnMap":{"0":{"name":"(anonymous_0)","decl":{"start":{"line":13,"column":4},"end":{"line":13,"column":16}},"loc":{"start":{"line":13,"column":45},"end":{"line":16,"column":5}}},"1":{"name":"(anonymous_1)","decl":{"start":{"line":18,"column":11},"end":{"line":18,"column":19}},"loc":{"start":{"line":18,"column":19},"end":{"line":20,"column":5}}}},"branchMap":{},"s":{"0":1,"1":196,"2":196,"3":196,"4":1},"f":{"0":196,"1":196},"b":{}}
,"/home/runner/work/plugin-templates/plugin-templates/src/helpers/index.ts": {"path":"/home/runner/work/plugin-templates/plugin-templates/src/helpers/index.ts","statementMap":{"0":{"start":{"line":3,"column":0},"end":{"line":3,"column":42}},"1":{"start":{"line":5,"column":0},"end":{"line":5,"column":57}},"2":{"start":{"line":6,"column":0},"end":{"line":6,"column":42}},"3":{"start":{"line":7,"column":0},"end":{"line":7,"column":36}},"4":{"start":{"line":8,"column":0},"end":{"line":8,"column":46}},"5":{"start":{"line":9,"column":0},"end":{"line":9,"column":40}},"6":{"start":{"line":10,"column":0},"end":{"line":10,"column":44}},"7":{"start":{"line":11,"column":0},"end":{"line":11,"column":36}},"8":{"start":{"line":25,"column":24},"end":{"line":25,"column":59}},"9":{"start":{"line":26,"column":8},"end":{"line":28,"column":null}},"10":{"start":{"line":27,"column":12},"end":{"line":27,"column":39}},"11":{"start":{"line":13,"column":0},"end":{"line":13,"column":13}},"12":{"start":{"line":14,"column":19},"end":{"line":22,"column":6}}},"fnMap":{"0":{"name":"(anonymous_0)","decl":{"start":{"line":24,"column":4},"end":{"line":24,"column":10}},"loc":{"start":{"line":24,"column":61},"end":{"line":29,"column":5}}}},"branchMap":{},"s":{"0":1,"1":1,"2":1,"3":1,"4":1,"5":1,"6":1,"7":1,"8":28,"9":28,"10":196,"11":1,"12":1},"f":{"0":28},"b":{}}
,"/home/runner/work/plugin-templates/plugin-templates/src/helpers/math.ts": {"path":"/home/runner/work/plugin-templates/plugin-templates/src/helpers/math.ts","statementMap":{"0":{"start":{"line":1,"column":0},"end":{"line":1,"column":68}},"1":{"start":{"line":3,"column":13},"end":{"line":30,"column":2}},"2":{"start":{"line":4,"column":4},"end":{"line":29,"column":7}},"3":{"start":{"line":5,"column":19},"end":{"line":5,"column":43}},"4":{"start":{"line":6,"column":19},"end":{"line":6,"column":43}},"5":{"start":{"line":8,"column":8},"end":{"line":10,"column":null}},"6":{"start":{"line":9,"column":12},"end":{"line":9,"column":99}},"7":{"start":{"line":12,"column":8},"end":{"line":28,"column":null}},"8":{"start":{"line":14,"column":16},"end":{"line":14,"column":31}},"9":{"start":{"line":16,"column":16},"end":{"line":16,"column":31}},"10":{"start":{"line":18,"column":16},"end":{"line":18,"column":31}},"11":{"start":{"line":20,"column":16},"end":{"line":20,"column":31}},"12":{"start":{"line":22,"column":16},"end":{"line":22,"column":32}},"13":{"start":{"line":24,"column":16},"end":{"line":24,"column":67}},"14":{"start":{"line":24,"column":25},"end":{"line":24,"column":67}},"15":{"start":{"line":25,"column":16},"end":{"line":25,"column":31}},"16":{"start":{"line":27,"column":16},"end":{"line":27,"column":80}}},"fnMap":{"0":{"name":"(anonymous_0)","decl":{"start":{"line":3,"column":50},"end":{"line":3,"column":53}},"loc":{"start":{"line":3,"column":56},"end":{"line":30,"column":1}}},"1":{"name":"(anonymous_1)","decl":{"start":{"line":4,"column":40},"end":{"line":4,"column":41}},"loc":{"start":{"line":4,"column":75},"end":{"line":29,"column":5}}}},"branchMap":{"0":{"loc":{"start":{"line":8,"column":8},"end":{"line":10,"column":null}},"type":"if","locations":[{"start":{"line":8,"column":8},"end":{"line":10,"column":null}},{"start":{"line":8,"column":8},"end":{"line":10,"column":null}}]},"1":{"loc":{"start":{"line":8,"column":12},"end":{"line":8,"column":28}},"type":"binary-expr","locations":[{"start":{"line":8,"column":12},"end":{"line":8,"column":28}},{"start":{"line":8,"column":32},"end":{"line":8,"column":48}}]},"2":{"loc":{"start":{"line":13,"column":12},"end":{"line":14,"column":31}},"type":"switch","locations":[{"start":{"line":13,"column":12},"end":{"line":14,"column":31}},{"start":{"line":15,"column":12},"end":{"line":16,"column":31}},{"start":{"line":17,"column":12},"end":{"line":18,"column":31}},{"start":{"line":19,"column":12},"end":{"line":20,"column":31}},{"start":{"line":21,"column":12},"end":{"line":22,"column":32}},{"start":{"line":23,"column":12},"end":{"line":25,"column":31}},{"start":{"line":26,"column":12},"end":{"line":27,"column":80}}]},"3":{"loc":{"start":{"line":24,"column":16},"end":{"line":24,"column":67}},"type":"if","locations":[{"start":{"line":24,"column":16},"end":{"line":24,"column":67}},{"start":{"line":24,"column":16},"end":{"line":24,"column":67}}]}},"s":{"0":1,"1":1,"2":28,"3":17,"4":17,"5":17,"6":2,"7":15,"8":2,"9":2,"10":5,"11":3,"12":1,"13":2,"14":1,"15":1,"16":0},"f":{"0":28,"1":17},"b":{"0":[2,15],"1":[17,15],"2":[2,2,5,3,1,2,0],"3":[1,1]}}
,"/home/runner/work/plugin-templates/plugin-templates/src/helpers/repeat.ts": {"path":"/home/runner/work/plugin-templates/plugin-templates/src/helpers/repeat.ts","statementMap":{"0":{"start":{"line":1,"column":0},"end":{"line":1,"column":68}},"1":{"start":{"line":3,"column":13},"end":{"line":17,"column":2}},"2":{"start":{"line":4,"column":4},"end":{"line":16,"column":7}},"3":{"start":{"line":5,"column":20},"end":{"line":5,"column":43}},"4":{"start":{"line":7,"column":8},"end":{"line":9,"column":null}},"5":{"start":{"line":8,"column":12},"end":{"line":8,"column":86}},"6":{"start":{"line":11,"column":18},"end":{"line":11,"column":20}},"7":{"start":{"line":12,"column":8},"end":{"line":14,"column":null}},"8":{"start":{"line":12,"column":21},"end":{"line":12,"column":22}},"9":{"start":{"line":13,"column":12},"end":{"line":13,"column":62}},"10":{"start":{"line":15,"column":8},"end":{"line":15,"column":19}}},"fnMap":{"0":{"name":"(anonymous_0)","decl":{"start":{"line":3,"column":52},"end":{"line":3,"column":53}},"loc":{"start":{"line":3,"column":60},"end":{"line":17,"column":1}}},"1":{"name":"(anonymous_1)","decl":{"start":{"line":4,"column":42},"end":{"line":4,"column":52}},"loc":{"start":{"line":4,"column":67},"end":{"line":16,"column":5}}}},"branchMap":{"0":{"loc":{"start":{"line":7,"column":8},"end":{"line":9,"column":null}},"type":"if","locations":[{"start":{"line":7,"column":8},"end":{"line":9,"column":null}},{"start":{"line":7,"column":8},"end":{"line":9,"column":null}}]}},"s":{"0":1,"1":1,"2":28,"3":5,"4":5,"5":2,"6":3,"7":3,"8":3,"9":7,"10":3},"f":{"0":28,"1":5},"b":{"0":[2,3]}}
,"/home/runner/work/plugin-templates/plugin-templates/src/helpers/utils/attributes.ts": {"path":"/home/runner/work/plugin-templates/plugin-templates/src/helpers/utils/attributes.ts","statementMap":{"0":{"start":{"line":1,"column":0},"end":{"line":1,"column":null}},"1":{"start":{"line":2,"column":4},"end":{"line":2,"column":null}},"2":{"start":{"line":3,"column":4},"end":{"line":3,"column":null}},"3":{"start":{"line":4,"column":4},"end":{"line":4,"column":null}},"4":{"start":{"line":22,"column":24},"end":{"line":22,"column":53}},"5":{"start":{"line":25,"column":8},"end":{"line":37,"column":null}},"6":{"start":{"line":27,"column":16},"end":{"line":27,"column":34}},"7":{"start":{"line":29,"column":26},"end":{"line":29,"column":95}},"8":{"start":{"line":30,"column":16},"end":{"line":32,"column":null}},"9":{"start":{"line":31,"column":20},"end":{"line":31,"column":105}},"10":{"start":{"line":33,"column":16},"end":{"line":33,"column":25}},"11":{"start":{"line":36,"column":16},"end":{"line":36,"column":55}},"12":{"start":{"line":41,"column":33},"end":{"line":41,"column":35}},"13":{"start":{"line":43,"column":8},"end":{"line":45,"column":null}},"14":{"start":{"line":44,"column":12},"end":{"line":44,"column":null}},"15":{"start":{"line":47,"column":8},"end":{"line":53,"column":null}},"16":{"start":{"line":48,"column":12},"end":{"line":52,"column":null}},"17":{"start":{"line":49,"column":16},"end":{"line":49,"column":98}},"18":{"start":{"line":51,"column":16},"end":{"line":51,"column":64}},"19":{"start":{"line":55,"column":8},"end":{"line":55,"column":32}},"20":{"start":{"line":21,"column":0},"end":{"line":21,"column":13}}},"fnMap":{"0":{"name":"(anonymous_0)","decl":{"start":{"line":1,"column":0},"end":{"line":1,"column":12}},"loc":{"start":{"line":1,"column":30},"end":{"line":5,"column":1}}},"1":{"name":"(anonymous_1)","decl":{"start":{"line":22,"column":4},"end":{"line":22,"column":24}},"loc":{"start":{"line":22,"column":53},"end":{"line":22,"column":57}}},"2":{"name":"(anonymous_2)","decl":{"start":{"line":24,"column":12},"end":{"line":24,"column":26}},"loc":{"start":{"line":24,"column":71},"end":{"line":38,"column":5}}},"3":{"name":"(anonymous_3)","decl":{"start":{"line":40,"column":4},"end":{"line":40,"column":9}},"loc":{"start":{"line":40,"column":38},"end":{"line":56,"column":5}}}},"branchMap":{"0":{"loc":{"start":{"line":1,"column":12},"end":{"line":1,"column":30}},"type":"binary-expr","locations":[{"start":{"line":1,"column":12},"end":{"line":1,"column":30}},{"start":{"line":1,"column":12},"end":{"line":1,"column":null}}]},"1":{"loc":{"start":{"line":26,"column":12},"end":{"line":27,"column":34}},"type":"switch","locations":[{"start":{"line":26,"column":12},"end":{"line":27,"column":34}},{"start":{"line":28,"column":12},"end":{"line":34,"column":null}},{"start":{"line":35,"column":12},"end":{"line":36,"column":55}}]},"2":{"loc":{"start":{"line":29,"column":57},"end":{"line":29,"column":84}},"type":"cond-expr","locations":[{"start":{"line":29,"column":57},"end":{"line":29,"column":84}},{"start":{"line":29,"column":87},"end":{"line":29,"column":95}}]},"3":{"loc":{"start":{"line":30,"column":16},"end":{"line":32,"column":null}},"type":"if","locations":[{"start":{"line":30,"column":16},"end":{"line":32,"column":null}},{"start":{"line":30,"column":16},"end":{"line":32,"column":null}}]},"4":{"loc":{"start":{"line":30,"column":20},"end":{"line":30,"column":41}},"type":"binary-expr","locations":[{"start":{"line":30,"column":20},"end":{"line":30,"column":41}},{"start":{"line":30,"column":45},"end":{"line":30,"column":60}}]},"5":{"loc":{"start":{"line":43,"column":8},"end":{"line":45,"column":null}},"type":"if","locations":[{"start":{"line":43,"column":8},"end":{"line":45,"column":null}},{"start":{"line":43,"column":8},"end":{"line":45,"column":null}}]},"6":{"loc":{"start":{"line":48,"column":12},"end":{"line":52,"column":null}},"type":"if","locations":[{"start":{"line":48,"column":12},"end":{"line":52,"column":null}},{"start":{"line":48,"column":12},"end":{"line":52,"column":null}}]}},"s":{"0":2,"1":2,"2":2,"3":2,"4":18,"5":37,"6":4,"7":18,"8":18,"9":3,"10":15,"11":15,"12":21,"13":21,"14":0,"15":21,"16":135,"17":37,"18":98,"19":18,"20":2},"f":{"0":2,"1":18,"2":37,"3":21},"b":{"0":[2,2],"1":[4,18,15],"2":[9,9],"3":[3,15],"4":[18,17],"5":[0,21],"6":[37,98]}}
,"/home/runner/work/plugin-templates/plugin-templates/src/utils/dataApi.ts": {"path":"/home/runner/work/plugin-templates/plugin-templates/src/utils/dataApi.ts","statementMap":{"0":{"start":{"line":1,"column":0},"end":{"line":1,"column":25}},"1":{"start":{"line":4,"column":13},"end":{"line":16,"column":null}},"2":{"start":{"line":4,"column":82},"end":{"line":16,"column":null}},"3":{"start":{"line":5,"column":18},"end":{"line":5,"column":19}},"4":{"start":{"line":7,"column":16},"end":{"line":7,"column":18}},"5":{"start":{"line":9,"column":4},"end":{"line":13,"column":32}},"6":{"start":{"line":10,"column":8},"end":{"line":10,"column":76}},"7":{"start":{"line":11,"column":8},"end":{"line":11,"column":45}},"8":{"start":{"line":12,"column":8},"end":{"line":12,"column":18}},"9":{"start":{"line":15,"column":4},"end":{"line":15,"column":17}}},"fnMap":{"0":{"name":"(anonymous_7)","decl":{"start":{"line":4,"column":29},"end":{"line":4,"column":36}},"loc":{"start":{"line":4,"column":82},"end":{"line":16,"column":null}}},"1":{"name":"(anonymous_8)","decl":{"start":{"line":4,"column":82},"end":{"line":4,"column":null}},"loc":{"start":{"line":4,"column":82},"end":{"line":16,"column":1}}}},"branchMap":{},"s":{"0":2,"1":2,"2":0,"3":0,"4":0,"5":0,"6":0,"7":0,"8":0,"9":0},"f":{"0":0,"1":0},"b":{}}
,"/home/runner/work/plugin-templates/plugin-templates/src/utils/dateAndTime.ts": {"path":"/home/runner/work/plugin-templates/plugin-templates/src/utils/dateAndTime.ts","statementMap":{"0":{"start":{"line":1,"column":0},"end":{"line":1,"column":33}},"1":{"start":{"line":24,"column":8},"end":{"line":24,"column":29}},"2":{"start":{"line":25,"column":8},"end":{"line":25,"column":37}},"3":{"start":{"line":26,"column":8},"end":{"line":26,"column":37}},"4":{"start":{"line":28,"column":8},"end":{"line":28,"column":35}},"5":{"start":{"line":32,"column":8},"end":{"line":32,"column":31}},"6":{"start":{"line":36,"column":8},"end":{"line":36,"column":31}},"7":{"start":{"line":40,"column":8},"end":{"line":40,"column":55}},"8":{"start":{"line":44,"column":8},"end":{"line":46,"column":null}},"9":{"start":{"line":45,"column":12},"end":{"line":45,"column":46}},"10":{"start":{"line":47,"column":8},"end":{"line":47,"column":41}},"11":{"start":{"line":51,"column":8},"end":{"line":53,"column":null}},"12":{"start":{"line":52,"column":12},"end":{"line":52,"column":46}},"13":{"start":{"line":55,"column":21},"end":{"line":55,"column":48}},"14":{"start":{"line":56,"column":8},"end":{"line":58,"column":null}},"15":{"start":{"line":57,"column":12},"end":{"line":57,"column":92}},"16":{"start":{"line":60,"column":8},"end":{"line":60,"column":34}},"17":{"start":{"line":64,"column":8},"end":{"line":64,"column":66}},"18":{"start":{"line":69,"column":28},"end":{"line":69,"column":38}},"19":{"start":{"line":70,"column":20},"end":{"line":70,"column":40}},"20":{"start":{"line":71,"column":21},"end":{"line":71,"column":67}},"21":{"start":{"line":72,"column":8},"end":{"line":72,"column":64}},"22":{"start":{"line":76,"column":21},"end":{"line":76,"column":48}},"23":{"start":{"line":78,"column":8},"end":{"line":80,"column":null}},"24":{"start":{"line":79,"column":12},"end":{"line":79,"column":92}},"25":{"start":{"line":82,"column":8},"end":{"line":86,"column":10}},"26":{"start":{"line":90,"column":21},"end":{"line":90,"column":48}},"27":{"start":{"line":92,"column":8},"end":{"line":94,"column":null}},"28":{"start":{"line":93,"column":12},"end":{"line":93,"column":92}},"29":{"start":{"line":96,"column":8},"end":{"line":100,"column":10}},"30":{"start":{"line":18,"column":0},"end":{"line":18,"column":13}}},"fnMap":{"0":{"name":"(anonymous_0)","decl":{"start":{"line":23,"column":4},"end":{"line":23,"column":16}},"loc":{"start":{"line":23,"column":70},"end":{"line":29,"column":5}}},"1":{"name":"(anonymous_1)","decl":{"start":{"line":31,"column":11},"end":{"line":31,"column":24}},"loc":{"start":{"line":31,"column":24},"end":{"line":33,"column":5}}},"2":{"name":"(anonymous_2)","decl":{"start":{"line":35,"column":11},"end":{"line":35,"column":24}},"loc":{"start":{"line":35,"column":24},"end":{"line":37,"column":5}}},"3":{"name":"(anonymous_3)","decl":{"start":{"line":39,"column":11},"end":{"line":39,"column":28}},"loc":{"start":{"line":39,"column":28},"end":{"line":41,"column":5}}},"4":{"name":"(anonymous_4)","decl":{"start":{"line":43,"column":11},"end":{"line":43,"column":26}},"loc":{"start":{"line":43,"column":60},"end":{"line":48,"column":5}}},"5":{"name":"(anonymous_5)","decl":{"start":{"line":50,"column":11},"end":{"line":50,"column":48}},"loc":{"start":{"line":50,"column":85},"end":{"line":61,"column":5}}},"6":{"name":"(anonymous_6)","decl":{"start":{"line":63,"column":11},"end":{"line":63,"column":25}},"loc":{"start":{"line":63,"column":47},"end":{"line":65,"column":5}}},"7":{"name":"(anonymous_7)","decl":{"start":{"line":67,"column":11},"end":{"line":67,"column":29}},"loc":{"start":{"line":67,"column":48},"end":{"line":73,"column":5}}},"8":{"name":"(anonymous_8)","decl":{"start":{"line":75,"column":11},"end":{"line":75,"column":20}},"loc":{"start":{"line":75,"column":50},"end":{"line":87,"column":5}}},"9":{"name":"(anonymous_9)","decl":{"start":{"line":89,"column":11},"end":{"line":89,"column":20}},"loc":{"start":{"line":89,"column":50},"end":{"line":101,"column":5}}}},"branchMap":{"0":{"loc":{"start":{"line":43,"column":56},"end":{"line":43,"column":60}},"type":"default-arg","locations":[{"start":{"line":43,"column":56},"end":{"line":43,"column":60}}]},"1":{"loc":{"start":{"line":44,"column":8},"end":{"line":46,"column":null}},"type":"if","locations":[{"start":{"line":44,"column":8},"end":{"line":46,"column":null}},{"start":{"line":44,"column":8},"end":{"line":46,"column":null}}]},"2":{"loc":{"start":{"line":50,"column":81},"end":{"line":50,"column":85}},"type":"default-arg","locations":[{"start":{"line":50,"column":81},"end":{"line":50,"column":85}}]},"3":{"loc":{"start":{"line":51,"column":8},"end":{"line":53,"column":null}},"type":"if","locations":[{"start":{"line":51,"column":8},"end":{"line":53,"column":null}},{"start":{"line":51,"column":8},"end":{"line":53,"column":null}}]},"4":{"loc":{"start":{"line":56,"column":8},"end":{"line":58,"column":null}},"type":"if","locations":[{"start":{"line":56,"column":8},"end":{"line":58,"column":null}},{"start":{"line":56,"column":8},"end":{"line":58,"column":null}}]},"5":{"loc":{"start":{"line":63,"column":43},"end":{"line":63,"column":47}},"type":"default-arg","locations":[{"start":{"line":63,"column":43},"end":{"line":63,"column":47}}]},"6":{"loc":{"start":{"line":71,"column":41},"end":{"line":71,"column":57}},"type":"cond-expr","locations":[{"start":{"line":71,"column":41},"end":{"line":71,"column":57}},{"start":{"line":71,"column":60},"end":{"line":71,"column":67}}]},"7":{"loc":{"start":{"line":78,"column":8},"end":{"line":80,"column":null}},"type":"if","locations":[{"start":{"line":78,"column":8},"end":{"line":80,"column":null}},{"start":{"line":78,"column":8},"end":{"line":80,"column":null}}]},"8":{"loc":{"start":{"line":92,"column":8},"end":{"line":94,"column":null}},"type":"if","locations":[{"start":{"line":92,"column":8},"end":{"line":94,"column":null}},{"start":{"line":92,"column":8},"end":{"line":94,"column":null}}]}},"s":{"0":2,"1":10,"2":10,"3":10,"4":10,"5":177,"6":62,"7":88,"8":300,"9":57,"10":300,"11":2,"12":0,"13":2,"14":2,"15":1,"16":1,"17":171,"18":114,"19":114,"20":114,"21":114,"22":5,"23":5,"24":2,"25":3,"26":5,"27":5,"28":2,"29":3,"30":2},"f":{"0":10,"1":177,"2":62,"3":88,"4":300,"5":2,"6":171,"7":114,"8":5,"9":5},"b":{"0":[0],"1":[57,243],"2":[0],"3":[0,2],"4":[1,1],"5":[57],"6":[114,0],"7":[2,3],"8":[2,3]}}
,"/home/runner/work/plugin-templates/plugin-templates/src/utils/folders.ts": {"path":"/home/runner/work/plugin-templates/plugin-templates/src/utils/folders.ts","statementMap":{"0":{"start":{"line":1,"column":0},"end":{"line":1,"column":25}},"1":{"start":{"line":2,"column":0},"end":{"line":2,"column":42}},"2":{"start":{"line":5,"column":13},"end":{"line":8,"column":null}},"3":{"start":{"line":5,"column":61},"end":{"line":8,"column":null}},"4":{"start":{"line":6,"column":19},"end":{"line":6,"column":58}},"5":{"start":{"line":7,"column":4},"end":{"line":7,"column":21}},"6":{"start":{"line":10,"column":13},"end":{"line":13,"column":null}},"7":{"start":{"line":10,"column":69},"end":{"line":13,"column":null}},"8":{"start":{"line":11,"column":19},"end":{"line":11,"column":78}},"9":{"start":{"line":12,"column":4},"end":{"line":12,"column":21}},"10":{"start":{"line":15,"column":13},"end":{"line":17,"column":null}},"11":{"start":{"line":15,"column":76},"end":{"line":17,"column":null}},"12":{"start":{"line":16,"column":4},"end":{"line":16,"column":null}},"13":{"start":{"line":19,"column":13},"end":{"line":26,"column":2}},"14":{"start":{"line":19,"column":76},"end":{"line":26,"column":2}},"15":{"start":{"line":20,"column":4},"end":{"line":25,"column":null}},"16":{"start":{"line":21,"column":8},"end":{"line":21,"column":78}},"17":{"start":{"line":22,"column":8},"end":{"line":22,"column":20}},"18":{"start":{"line":24,"column":8},"end":{"line":24,"column":21}}},"fnMap":{"0":{"name":"(anonymous_7)","decl":{"start":{"line":5,"column":33},"end":{"line":5,"column":59}},"loc":{"start":{"line":5,"column":61},"end":{"line":8,"column":null}}},"1":{"name":"(anonymous_8)","decl":{"start":{"line":5,"column":61},"end":{"line":5,"column":null}},"loc":{"start":{"line":5,"column":61},"end":{"line":8,"column":1}}},"2":{"name":"(anonymous_9)","decl":{"start":{"line":10,"column":28},"end":{"line":10,"column":35}},"loc":{"start":{"line":10,"column":69},"end":{"line":13,"column":null}}},"3":{"name":"(anonymous_10)","decl":{"start":{"line":10,"column":69},"end":{"line":10,"column":null}},"loc":{"start":{"line":10,"column":69},"end":{"line":13,"column":1}}},"4":{"name":"(anonymous_11)","decl":{"start":{"line":15,"column":35},"end":{"line":15,"column":42}},"loc":{"start":{"line":15,"column":76},"end":{"line":17,"column":null}}},"5":{"name":"(anonymous_12)","decl":{"start":{"line":15,"column":76},"end":{"line":15,"column":null}},"loc":{"start":{"line":15,"column":76},"end":{"line":17,"column":1}}},"6":{"name":"(anonymous_13)","decl":{"start":{"line":19,"column":31},"end":{"line":19,"column":38}},"loc":{"start":{"line":19,"column":76},"end":{"line":26,"column":2}}},"7":{"name":"(anonymous_14)","decl":{"start":{"line":19,"column":76},"end":{"line":19,"column":null}},"loc":{"start":{"line":19,"column":76},"end":{"line":26,"column":1}}}},"branchMap":{},"s":{"0":2,"1":2,"2":2,"3":0,"4":0,"5":0,"6":2,"7":0,"8":0,"9":0,"10":2,"11":0,"12":0,"13":2,"14":0,"15":0,"16":0,"17":0,"18":0},"f":{"0":0,"1":0,"2":0,"3":0,"4":0,"5":0,"6":0,"7":0},"b":{}}
[...]
,"/home/runner/work/plugin-templates/plugin-templates/src/variables/types/base.ts": {"path":"/home/runner/work/plugin-templates/plugin-templates/src/variables/types/base.ts","statementMap":{"0":{"start":{"line":2,"column":0},"end":{"line":2,"column":39}},"1":{"start":{"line":4,"column":0},"end":{"line":4,"column":13}},"2":{"start":{"line":12,"column":8},"end":{"line":12,"column":25}},"3":{"start":{"line":13,"column":8},"end":{"line":13,"column":27}},"4":{"start":{"line":17,"column":8},"end":{"line":17,"column":18}},"5":{"start":{"line":21,"column":8},"end":{"line":32,"column":10}},"6":{"start":{"line":37,"column":8},"end":{"line":37,"column":21}},"7":{"start":{"line":41,"column":8},"end":{"line":54,"column":null}},"8":{"start":{"line":42,"column":12},"end":{"line":42,"column":40}},"9":{"start":{"line":43,"column":15},"end":{"line":54,"column":null}},"10":{"start":{"line":44,"column":12},"end":{"line":53,"column":null}},"11":{"start":{"line":45,"column":37},"end":{"line":45,"column":55}},"12":{"start":{"line":46,"column":16},"end":{"line":52,"column":null}},"13":{"start":{"line":47,"column":32},"end":{"line":47,"column":36}},"14":{"start":{"line":48,"column":20},"end":{"line":50,"column":null}},"15":{"start":{"line":49,"column":24},"end":{"line":49,"column":59}},"16":{"start":{"line":51,"column":20},"end":{"line":51,"column":49}},"17":{"start":{"line":56,"column":8},"end":{"line":56,"column":43}},"18":{"start":{"line":6,"column":0},"end":{"line":6,"column":13}}},"fnMap":{"0":{"name":"(anonymous_0)","decl":{"start":{"line":11,"column":4},"end":{"line":11,"column":16}},"loc":{"start":{"line":11,"column":43},"end":{"line":14,"column":5}}},"1":{"name":"(anonymous_1)","decl":{"start":{"line":16,"column":14},"end":{"line":16,"column":23}},"loc":{"start":{"line":16,"column":23},"end":{"line":18,"column":5}}},"2":{"name":"(anonymous_2)","decl":{"start":{"line":20,"column":11},"end":{"line":20,"column":17}},"loc":{"start":{"line":20,"column":17},"end":{"line":33,"column":5}}},"3":{"name":"(anonymous_3)","decl":{"start":{"line":36,"column":11},"end":{"line":36,"column":23}},"loc":{"start":{"line":36,"column":73},"end":{"line":38,"column":5}}},"4":{"name":"(anonymous_4)","decl":{"start":{"line":40,"column":4},"end":{"line":40,"column":10}},"loc":{"start":{"line":40,"column":65},"end":{"line":57,"column":5}}}},"branchMap":{"0":{"loc":{"start":{"line":41,"column":8},"end":{"line":54,"column":null}},"type":"if","locations":[{"start":{"line":41,"column":8},"end":{"line":54,"column":null}},{"start":{"line":41,"column":8},"end":{"line":54,"column":null}}]},"1":{"loc":{"start":{"line":41,"column":12},"end":{"line":41,"column":42}},"type":"binary-expr","locations":[{"start":{"line":41,"column":12},"end":{"line":41,"column":42}},{"start":{"line":41,"column":46},"end":{"line":41,"column":87}}]},"2":{"loc":{"start":{"line":43,"column":15},"end":{"line":54,"column":null}},"type":"if","locations":[{"start":{"line":43,"column":15},"end":{"line":54,"column":null}},{"start":{"line":43,"column":15},"end":{"line":54,"column":null}}]},"3":{"loc":{"start":{"line":44,"column":12},"end":{"line":53,"column":null}},"type":"if","locations":[{"start":{"line":44,"column":12},"end":{"line":53,"column":null}},{"start":{"line":44,"column":12},"end":{"line":53,"column":null}}]},"4":{"loc":{"start":{"line":46,"column":16},"end":{"line":52,"column":null}},"type":"if","locations":[{"start":{"line":46,"column":16},"end":{"line":52,"column":null}},{"start":{"line":46,"column":16},"end":{"line":52,"column":null}}]},"5":{"loc":{"start":{"line":46,"column":20},"end":{"line":46,"column":52}},"type":"binary-expr","locations":[{"start":{"line":46,"column":20},"end":{"line":46,"column":52}},{"start":{"line":46,"column":56},"end":{"line":46,"column":99}}]},"6":{"loc":{"start":{"line":48,"column":20},"end":{"line":50,"column":null}},"type":"if","locations":[{"start":{"line":48,"column":20},"end":{"line":50,"column":null}},{"start":{"line":48,"column":20},"end":{"line":50,"column":null}}]},"7":{"loc":{"start":{"line":48,"column":24},"end":{"line":48,"column":45}},"type":"binary-expr","locations":[{"start":{"line":48,"column":24},"end":{"line":48,"column":45}},{"start":{"line":48,"column":49},"end":{"line":48,"column":88}}]}},"s":{"0":1,"1":1,"2":40,"3":40,"4":0,"5":4,"6":20,"7":100,"8":33,"9":67,"10":11,"11":11,"12":11,"13":1,"14":1,"15":1,"16":1,"17":66,"18":1},"f":{"0":40,"1":0,"2":4,"3":20,"4":100},"b":{"0":[33,67],"1":[100,89],"2":[11,56],"3":[11,0],"4":[1,10],"5":[11,11],"6":[1,0],"7":[1,1]}}
,"/home/runner/work/plugin-templates/plugin-templates/src/variables/types/boolean.ts": {"path":"/home/runner/work/plugin-templates/plugin-templates/src/variables/types/boolean.ts","statementMap":{"0":{"start":{"line":2,"column":0},"end":{"line":2,"column":39}},"1":{"start":{"line":3,"column":0},"end":{"line":3,"column":40}},"2":{"start":{"line":9,"column":8},"end":{"line":16,"column":10}},"3":{"start":{"line":21,"column":8},"end":{"line":21,"column":32}},"4":{"start":{"line":5,"column":0},"end":{"line":5,"column":13}},"5":{"start":{"line":6,"column":11},"end":{"line":6,"column":38}}},"fnMap":{"0":{"name":"(anonymous_0)","decl":{"start":{"line":8,"column":14},"end":{"line":8,"column":23}},"loc":{"start":{"line":8,"column":23},"end":{"line":17,"column":5}}},"1":{"name":"(anonymous_1)","decl":{"start":{"line":20,"column":11},"end":{"line":20,"column":23}},"loc":{"start":{"line":20,"column":73},"end":{"line":22,"column":5}}}},"branchMap":{},"s":{"0":1,"1":1,"2":0,"3":5,"4":1,"5":1},"f":{"0":0,"1":5},"b":{}}
,"/home/runner/work/plugin-templates/plugin-templates/src/variables/types/date.ts": {"path":"/home/runner/work/plugin-templates/plugin-templates/src/variables/types/date.ts","statementMap":{"0":{"start":{"line":2,"column":0},"end":{"line":2,"column":39}},"1":{"start":{"line":3,"column":0},"end":{"line":3,"column":40}},"2":{"start":{"line":9,"column":26},"end":{"line":9,"column":41}},"3":{"start":{"line":10,"column":8},"end":{"line":10,"column":103}},"4":{"start":{"line":14,"column":8},"end":{"line":14,"column":73}},"5":{"start":{"line":5,"column":0},"end":{"line":5,"column":13}},"6":{"start":{"line":6,"column":11},"end":{"line":6,"column":35}}},"fnMap":{"0":{"name":"(anonymous_0)","decl":{"start":{"line":8,"column":11},"end":{"line":8,"column":23}},"loc":{"start":{"line":8,"column":73},"end":{"line":11,"column":5}}},"1":{"name":"(anonymous_1)","decl":{"start":{"line":13,"column":14},"end":{"line":13,"column":23}},"loc":{"start":{"line":13,"column":23},"end":{"line":15,"column":5}}}},"branchMap":{},"s":{"0":1,"1":1,"2":3,"3":3,"4":0,"5":1,"6":1},"f":{"0":3,"1":0},"b":{}}
,"/home/runner/work/plugin-templates/plugin-templates/src/variables/types/enum.ts": {"path":"/home/runner/work/plugin-templates/plugin-templates/src/variables/types/enum.ts","statementMap":{"0":{"start":{"line":1,"column":0},"end":{"line":1,"column":39}},"1":{"start":{"line":2,"column":0},"end":{"line":2,"column":64}},"2":{"start":{"line":9,"column":8},"end":{"line":9,"column":27}},"3":{"start":{"line":10,"column":8},"end":{"line":10,"column":31}},"4":{"start":{"line":14,"column":28},"end":{"line":16,"column":19}},"5":{"start":{"line":15,"column":12},"end":{"line":15,"column":null}},"6":{"start":{"line":17,"column":8},"end":{"line":17,"column":77}},"7":{"start":{"line":21,"column":8},"end":{"line":21,"column":27}},"8":{"start":{"line":23,"column":8},"end":{"line":25,"column":null}},"9":{"start":{"line":24,"column":12},"end":{"line":24,"column":82}},"10":{"start":{"line":24,"column":72},"end":{"line":24,"column":80}},"11":{"start":{"line":27,"column":8},"end":{"line":29,"column":null}},"12":{"start":{"line":28,"column":12},"end":{"line":28,"column":81}},"13":{"start":{"line":28,"column":71},"end":{"line":28,"column":79}},"14":{"start":{"line":31,"column":8},"end":{"line":31,"column":43}},"15":{"start":{"line":35,"column":8},"end":{"line":52,"column":null}},"16":{"start":{"line":36,"column":28},"end":{"line":36,"column":63}},"17":{"start":{"line":37,"column":12},"end":{"line":37,"column":49}},"18":{"start":{"line":38,"column":15},"end":{"line":52,"column":null}},"19":{"start":{"line":39,"column":12},"end":{"line":51,"column":null}},"20":{"start":{"line":40,"column":37},"end":{"line":40,"column":55}},"21":{"start":{"line":41,"column":16},"end":{"line":50,"column":null}},"22":{"start":{"line":42,"column":36},"end":{"line":42,"column":73}},"23":{"start":{"line":44,"column":32},"end":{"line":44,"column":36}},"24":{"start":{"line":45,"column":20},"end":{"line":47,"column":null}},"25":{"start":{"line":46,"column":24},"end":{"line":46,"column":59}},"26":{"start":{"line":49,"column":20},"end":{"line":49,"column":58}},"27":{"start":{"line":54,"column":8},"end":{"line":54,"column":43}},"28":{"start":{"line":4,"column":0},"end":{"line":4,"column":13}},"29":{"start":{"line":5,"column":11},"end":{"line":5,"column":39}}},"fnMap":{"0":{"name":"(anonymous_0)","decl":{"start":{"line":8,"column":4},"end":{"line":8,"column":16}},"loc":{"start":{"line":8,"column":62},"end":{"line":11,"column":5}}},"1":{"name":"(anonymous_1)","decl":{"start":{"line":13,"column":14},"end":{"line":13,"column":23}},"loc":{"start":{"line":13,"column":23},"end":{"line":18,"column":5}}},"2":{"name":"(anonymous_2)","decl":{"start":{"line":14,"column":45},"end":{"line":14,"column":46}},"loc":{"start":{"line":14,"column":49},"end":{"line":16,"column":9}}},"3":{"name":"(anonymous_3)","decl":{"start":{"line":20,"column":12},"end":{"line":20,"column":18}},"loc":{"start":{"line":20,"column":50},"end":{"line":32,"column":5}}},"4":{"name":"(anonymous_4)","decl":{"start":{"line":24,"column":67},"end":{"line":24,"column":68}},"loc":{"start":{"line":24,"column":72},"end":{"line":24,"column":80}}},"5":{"name":"(anonymous_5)","decl":{"start":{"line":28,"column":66},"end":{"line":28,"column":67}},"loc":{"start":{"line":28,"column":71},"end":{"line":28,"column":79}}},"6":{"name":"(anonymous_6)","decl":{"start":{"line":34,"column":4},"end":{"line":34,"column":10}},"loc":{"start":{"line":34,"column":65},"end":{"line":55,"column":5}}}},"branchMap":{"0":{"loc":{"start":{"line":23,"column":8},"end":{"line":25,"column":null}},"type":"if","locations":[{"start":{"line":23,"column":8},"end":{"line":25,"column":null}},{"start":{"line":23,"column":8},"end":{"line":25,"column":null}}]},"1":{"loc":{"start":{"line":23,"column":12},"end":{"line":23,"column":40}},"type":"binary-expr","locations":[{"start":{"line":23,"column":12},"end":{"line":23,"column":40}},{"start":{"line":23,"column":44},"end":{"line":23,"column":62}}]},"2":{"loc":{"start":{"line":27,"column":8},"end":{"line":29,"column":null}},"type":"if","locations":[{"start":{"line":27,"column":8},"end":{"line":29,"column":null}},{"start":{"line":27,"column":8},"end":{"line":29,"column":null}}]},"3":{"loc":{"start":{"line":27,"column":12},"end":{"line":27,"column":36}},"type":"binary-expr","locations":[{"start":{"line":27,"column":12},"end":{"line":27,"column":36}},{"start":{"line":27,"column":40},"end":{"line":27,"column":58}}]},"4":{"loc":{"start":{"line":35,"column":8},"end":{"line":52,"column":null}},"type":"if","locations":[{"start":{"line":35,"column":8},"end":{"line":52,"column":null}},{"start":{"line":35,"column":8},"end":{"line":52,"column":null}}]},"5":{"loc":{"start":{"line":38,"column":15},"end":{"line":52,"column":null}},"type":"if","locations":[{"start":{"line":38,"column":15},"end":{"line":52,"column":null}},{"start":{"line":38,"column":15},"end":{"line":52,"column":null}}]},"6":{"loc":{"start":{"line":39,"column":12},"end":{"line":51,"column":null}},"type":"if","locations":[{"start":{"line":39,"column":12},"end":{"line":51,"column":null}},{"start":{"line":39,"column":12},"end":{"line":51,"column":null}}]},"7":{"loc":{"start":{"line":41,"column":16},"end":{"line":50,"column":null}},"type":"if","locations":[{"start":{"line":41,"column":16},"end":{"line":50,"column":null}},{"start":{"line":41,"column":16},"end":{"line":50,"column":null}}]},"8":{"loc":{"start":{"line":45,"column":20},"end":{"line":47,"column":null}},"type":"if","locations":[{"start":{"line":45,"column":20},"end":{"line":47,"column":null}},{"start":{"line":45,"column":20},"end":{"line":47,"column":null}}]},"9":{"loc":{"start":{"line":45,"column":24},"end":{"line":45,"column":45}},"type":"binary-expr","locations":[{"start":{"line":45,"column":24},"end":{"line":45,"column":45}},{"start":{"line":45,"column":49},"end":{"line":45,"column":88}}]}},"s":{"0":1,"1":1,"2":6,"3":6,"4":2,"5":5,"6":2,"7":6,"8":6,"9":6,"10":14,"11":0,"12":0,"13":0,"14":0,"15":6,"16":4,"17":4,"18":2,"19":2,"20":2,"21":2,"22":2,"23":2,"24":2,"25":2,"26":2,"27":0,"28":1,"29":1},"f":{"0":6,"1":2,"2":5,"3":6,"4":14,"5":0,"6":6},"b":{"0":[6,0],"1":[6,6],"2":[0,0],"3":[0,0],"4":[4,2],"5":[2,0],"6":[2,0],"7":[2,0],"8":[2,0],"9":[2,2]}}
,"/home/runner/work/plugin-templates/plugin-templates/src/variables/types/invalid.ts": {"path":"/home/runner/work/plugin-templates/plugin-templates/src/variables/types/invalid.ts","statementMap":{"0":{"start":{"line":1,"column":0},"end":{"line":1,"column":39}},"1":{"start":{"line":2,"column":0},"end":{"line":2,"column":40}},"2":{"start":{"line":6,"column":8},"end":{"line":6,"column":101}},"3":{"start":{"line":11,"column":8},"end":{"line":11,"column":36}},"4":{"start":{"line":4,"column":0},"end":{"line":4,"column":13}}},"fnMap":{"0":{"name":"(anonymous_0)","decl":{"start":{"line":5,"column":11},"end":{"line":5,"column":17}},"loc":{"start":{"line":5,"column":17},"end":{"line":7,"column":5}}},"1":{"name":"(anonymous_1)","decl":{"start":{"line":10,"column":4},"end":{"line":10,"column":10}},"loc":{"start":{"line":10,"column":65},"end":{"line":12,"column":5}}}},"branchMap":{},"s":{"0":1,"1":1,"2":0,"3":0,"4":1},"f":{"0":0,"1":0},"b":{}}
,"/home/runner/work/plugin-templates/plugin-templates/src/variables/types/number.ts": {"path":"/home/runner/work/plugin-templates/plugin-templates/src/variables/types/number.ts","statementMap":{"0":{"start":{"line":2,"column":0},"end":{"line":2,"column":39}},"1":{"start":{"line":3,"column":0},"end":{"line":3,"column":40}},"2":{"start":{"line":9,"column":8},"end":{"line":9,"column":75}},"3":{"start":{"line":14,"column":8},"end":{"line":14,"column":40}},"4":{"start":{"line":5,"column":0},"end":{"line":5,"column":13}},"5":{"start":{"line":6,"column":11},"end":{"line":6,"column":37}}},"fnMap":{"0":{"name":"(anonymous_0)","decl":{"start":{"line":8,"column":14},"end":{"line":8,"column":23}},"loc":{"start":{"line":8,"column":23},"end":{"line":10,"column":5}}},"1":{"name":"(anonymous_1)","decl":{"start":{"line":13,"column":11},"end":{"line":13,"column":23}},"loc":{"start":{"line":13,"column":73},"end":{"line":15,"column":5}}}},"branchMap":{},"s":{"0":1,"1":1,"2":0,"3":9,"4":1,"5":1},"f":{"0":0,"1":9},"b":{}}
,"/home/runner/work/plugin-templates/plugin-templates/src/variables/types/text.ts": {"path":"/home/runner/work/plugin-templates/plugin-templates/src/variables/types/text.ts","statementMap":{"0":{"start":{"line":1,"column":0},"end":{"line":1,"column":39}},"1":{"start":{"line":2,"column":0},"end":{"line":2,"column":40}},"2":{"start":{"line":8,"column":8},"end":{"line":8,"column":73}},"3":{"start":{"line":4,"column":0},"end":{"line":4,"column":13}},"4":{"start":{"line":5,"column":11},"end":{"line":5,"column":35}}},"fnMap":{"0":{"name":"(anonymous_0)","decl":{"start":{"line":7,"column":14},"end":{"line":7,"column":23}},"loc":{"start":{"line":7,"column":23},"end":{"line":9,"column":5}}}},"branchMap":{},"s":{"0":1,"1":1,"2":2,"3":1,"4":1},"f":{"0":2},"b":{}}
,"/home/runner/work/plugin-templates/plugin-templates/src/variables/types/time.ts": {"path":"/home/runner/work/plugin-templates/plugin-templates/src/variables/types/time.ts","statementMap":{"0":{"start":{"line":2,"column":0},"end":{"line":2,"column":39}},"1":{"start":{"line":3,"column":0},"end":{"line":3,"column":40}},"2":{"start":{"line":9,"column":33},"end":{"line":9,"column":49}},"3":{"start":{"line":10,"column":20},"end":{"line":10,"column":30}},"4":{"start":{"line":11,"column":8},"end":{"line":11,"column":45}},"5":{"start":{"line":12,"column":8},"end":{"line":12,"column":49}},"6":{"start":{"line":13,"column":8},"end":{"line":13,"column":97}},"7":{"start":{"line":17,"column":8},"end":{"line":17,"column":73}},"8":{"start":{"line":5,"column":0},"end":{"line":5,"column":13}},"9":{"start":{"line":6,"column":11},"end":{"line":6,"column":35}}},"fnMap":{"0":{"name":"(anonymous_0)","decl":{"start":{"line":8,"column":11},"end":{"line":8,"column":23}},"loc":{"start":{"line":8,"column":73},"end":{"line":14,"column":5}}},"1":{"name":"(anonymous_1)","decl":{"start":{"line":16,"column":14},"end":{"line":16,"column":23}},"loc":{"start":{"line":16,"column":23},"end":{"line":18,"column":5}}}},"branchMap":{},"s":{"0":1,"1":1,"2":2,"3":2,"4":2,"5":2,"6":2,"7":0,"8":1,"9":1},"f":{"0":2,"1":0},"b":{}}
,"/home/runner/work/plugin-templates/plugin-templates/src/views/defaultTemplates.ts": {"path":"/home/runner/work/plugin-templates/plugin-templates/src/views/defaultTemplates.ts","statementMap":{"0":{"start":{"line":1,"column":0},"end":{"line":1,"column":25}},"1":{"start":{"line":2,"column":0},"end":{"line":2,"column":39}},"2":{"start":{"line":4,"column":13},"end":{"line":25,"column":null}},"3":{"start":{"line":4,"column":141},"end":{"line":25,"column":null}},"4":{"start":{"line":5,"column":4},"end":{"line":5,"column":76}},"5":{"start":{"line":7,"column":4},"end":{"line":22,"column":6}},"6":{"start":{"line":24,"column":4},"end":{"line":24,"column":70}}},"fnMap":{"0":{"name":"(anonymous_7)","decl":{"start":{"line":4,"column":39},"end":{"line":4,"column":46}},"loc":{"start":{"line":4,"column":141},"end":{"line":25,"column":null}}},"1":{"name":"(anonymous_8)","decl":{"start":{"line":4,"column":141},"end":{"line":4,"column":null}},"loc":{"start":{"line":4,"column":141},"end":{"line":25,"column":1}}}},"branchMap":{"0":{"loc":{"start":{"line":14,"column":37},"end":{"line":14,"column":57}},"type":"cond-expr","locations":[{"start":{"line":14,"column":37},"end":{"line":14,"column":57}},{"start":{"line":14,"column":60},"end":{"line":14,"column":76}}]},"1":{"loc":{"start":{"line":18,"column":37},"end":{"line":18,"column":57}},"type":"cond-expr","locations":[{"start":{"line":18,"column":37},"end":{"line":18,"column":57}},{"start":{"line":18,"column":60},"end":{"line":18,"column":76}}]}},"s":{"0":0,"1":0,"2":0,"3":0,"4":0,"5":0,"6":0},"f":{"0":0,"1":0},"b":{"0":[0,0],"1":[0,0]}}
,"/home/runner/work/plugin-templates/plugin-templates/src/views/templateVariables.ts": {"path":"/home/runner/work/plugin-templates/plugin-templates/src/views/templateVariables.ts","statementMap":{"0":{"start":{"line":1,"column":0},"end":{"line":1,"column":25}},"1":{"start":{"line":2,"column":0},"end":{"line":2,"column":39}},"2":{"start":{"line":5,"column":13},"end":{"line":20,"column":null}},"3":{"start":{"line":5,"column":142},"end":{"line":20,"column":null}},"4":{"start":{"line":6,"column":4},"end":{"line":6,"column":76}},"5":{"start":{"line":8,"column":35},"end":{"line":8,"column":94}},"6":{"start":{"line":8,"column":76},"end":{"line":8,"column":93}},"7":{"start":{"line":9,"column":4},"end":{"line":17,"column":6}},"8":{"start":{"line":19,"column":4},"end":{"line":19,"column":88}}},"fnMap":{"0":{"name":"(anonymous_7)","decl":{"start":{"line":5,"column":40},"end":{"line":5,"column":47}},"loc":{"start":{"line":5,"column":142},"end":{"line":20,"column":null}}},"1":{"name":"(anonymous_8)","decl":{"start":{"line":5,"column":142},"end":{"line":5,"column":null}},"loc":{"start":{"line":5,"column":142},"end":{"line":20,"column":1}}},"2":{"name":"(anonymous_9)","decl":{"start":{"line":8,"column":64},"end":{"line":8,"column":72}},"loc":{"start":{"line":8,"column":76},"end":{"line":8,"column":93}}}},"branchMap":{},"s":{"0":1,"1":1,"2":1,"3":0,"4":0,"5":0,"6":0,"7":0,"8":0},"f":{"0":0,"1":0,"2":0},"b":{}}
}
