TN:
SF:src/actions.ts
FN:6,(anonymous_7)
FN:12,(anonymous_8)
FN:12,(anonymous_9)
FN:25,(anonymous_10)
FN:25,(anonymous_11)
FN:41,(anonymous_12)
FN:41,(anonymous_13)
FNF:7
FNH:0
FNDA:0,(anonymous_7)
FNDA:0,(anonymous_8)
FNDA:0,(anonymous_9)
FNDA:0,(anonymous_10)
FNDA:0,(anonymous_11)
FNDA:0,(anonymous_12)
FNDA:0,(anonymous_13)
DA:1,0
DA:3,0
DA:4,0
DA:6,0
DA:7,0
DA:8,0
DA:9,0
DA:12,0
DA:13,0
DA:15,0
DA:16,0
DA:17,0
DA:18,0
DA:19,0
DA:20,0
DA:25,0
DA:26,0
DA:27,0
DA:29,0
DA:30,0
DA:33,0
DA:34,0
DA:35,0
DA:36,0
DA:37,0
DA:41,0
DA:42,0
DA:44,0
DA:45,0
DA:47,0
DA:48,0
DA:50,0
DA:51,0
LF:33
LH:0
BRDA:6,0,0,0
BRDA:6,0,1,0
BRDA:16,1,0,0
BRDA:16,1,1,0
BRDA:26,2,0,0
BRDA:26,2,1,0
BRDA:29,3,0,0
BRDA:29,3,1,0
BRDA:29,4,0,0
BRDA:29,4,1,0
BRDA:43,5,0,0
BRDA:43,5,1,0
BRDA:43,5,2,0
BRF:13
BRH:0
end_of_record
TN:
SF:src/index.ts
FN:17,(anonymous_7)
FN:92,(anonymous_9)
FN:92,(anonymous_10)
FN:99,(anonymous_11)
FN:99,(anonymous_12)
FN:104,(anonymous_13)
FN:104,(anonymous_14)
FN:105,(anonymous_15)
FN:105,(anonymous_16)
FN:126,(anonymous_17)
FN:136,(anonymous_18)
FN:136,(anonymous_19)
FN:144,(anonymous_20)
FN:144,(anonymous_21)
FN:152,(anonymous_22)
FN:152,(anonymous_23)
FN:160,(anonymous_24)
FN:160,(anonymous_25)
FN:181,(anonymous_26)
FN:181,(anonymous_27)
FN:196,(anonymous_28)
FN:196,(anonymous_29)
FN:214,(anonymous_30)
FN:214,(anonymous_31)
FN:239,(anonymous_32)
FN:239,(anonymous_33)
FN:264,(anonymous_34)
FN:264,(anonymous_35)
FN:272,(anonymous_36)
FN:272,(anonymous_37)
FNF:30
FNH:0
FNDA:0,(anonymous_7)
FNDA:0,(anonymous_9)
FNDA:0,(anonymous_10)
FNDA:0,(anonymous_11)
FNDA:0,(anonymous_12)
FNDA:0,(anonymous_13)
FNDA:0,(anonymous_14)
FNDA:0,(anonymous_15)
FNDA:0,(anonymous_16)
FNDA:0,(anonymous_17)
FNDA:0,(anonymous_18)
FNDA:0,(anonymous_19)
FNDA:0,(anonymous_20)
FNDA:0,(anonymous_21)
FNDA:0,(anonymous_22)
FNDA:0,(anonymous_23)
FNDA:0,(anonymous_24)
FNDA:0,(anonymous_25)
FNDA:0,(anonymous_26)
FNDA:0,(anonymous_27)
FNDA:0,(anonymous_28)
FNDA:0,(anonymous_29)
FNDA:0,(anonymous_30)
FNDA:0,(anonymous_31)
FNDA:0,(anonymous_32)
FNDA:0,(anonymous_33)
FNDA:0,(anonymous_34)
FNDA:0,(anonymous_35)
FNDA:0,(anonymous_36)
FNDA:0,(anonymous_37)
DA:1,0
DA:2,0
DA:3,0
DA:4,0
DA:5,0
DA:6,0
DA:7,0
DA:8,0
DA:9,0
DA:10,0
DA:11,0
DA:12,0
DA:14,0
DA:16,0
DA:19,0
DA:25,0
DA:69,0
DA:71,0
DA:72,0
DA:73,0
DA:74,0
DA:75,0
DA:80,0
DA:82,0
DA:83,0
DA:84,0
DA:88,0
DA:92,0
DA:93,0
DA:94,0
DA:95,0
DA:99,0
DA:100,0
DA:101,0
DA:104,0
DA:105,0
DA:106,0
DA:107,0
DA:108,0
DA:109,0
DA:110,0
DA:113,0
DA:114,0
DA:121,0
DA:122,0
DA:123,0
DA:126,0
DA:131,0
DA:133,0
DA:136,0
DA:137,0
DA:141,0
DA:144,0
DA:145,0
DA:149,0
DA:152,0
DA:153,0
DA:157,0
DA:160,0
DA:161,0
DA:162,0
DA:164,0
DA:165,0
DA:167,0
DA:171,0
DA:173,0
DA:174,0
DA:178,0
DA:181,0
DA:182,0
DA:183,0
DA:185,0
DA:186,0
DA:188,0
DA:189,0
DA:193,0
DA:196,0
DA:197,0
DA:198,0
DA:200,0
DA:201,0
DA:203,0
DA:204,0
DA:206,0
DA:207,0
DA:211,0
DA:214,0
DA:215,0
DA:217,0
DA:218,0
DA:220,0
DA:221,0
DA:222,0
DA:225,0
DA:226,0
DA:229,0
DA:230,0
DA:232,0
DA:236,0
DA:239,0
DA:240,0
DA:242,0
DA:243,0
DA:245,0
DA:246,0
DA:247,0
DA:250,0
DA:251,0
DA:254,0
DA:255,0
DA:257,0
DA:261,0
DA:264,0
DA:265,0
DA:269,0
DA:272,0
DA:273,0
DA:274,0
DA:275,0
DA:277,0
DA:279,0
DA:285,0
DA:325,0
DA:329,0
LF:124
LH:0
BRDA:94,0,0,0
BRDA:94,0,1,0
BRDA:113,1,0,0
BRDA:113,1,1,0
BRDA:116,2,0,0
BRDA:116,2,1,0
BRDA:117,3,0,0
BRDA:117,3,1,0
BRDA:165,4,0,0
BRDA:165,4,1,0
BRDA:168,5,0,0
BRDA:168,5,1,0
BRDA:169,6,0,0
BRDA:169,6,1,0
BRDA:183,7,0,0
BRDA:183,7,1,0
BRDA:186,8,0,0
BRDA:186,8,1,0
BRDA:198,9,0,0
BRDA:198,9,1,0
BRDA:201,10,0,0
BRDA:201,10,1,0
BRDA:204,11,0,0
BRDA:204,11,1,0
BRDA:218,12,0,0
BRDA:218,12,1,0
BRDA:221,13,0,0
BRDA:221,13,1,0
BRDA:225,14,0,0
BRDA:225,14,1,0
BRDA:229,15,0,0
BRDA:229,15,1,0
BRDA:243,16,0,0
BRDA:243,16,1,0
BRDA:246,17,0,0
BRDA:246,17,1,0
BRDA:250,18,0,0
BRDA:250,18,1,0
BRDA:254,19,0,0
BRDA:254,19,1,0
BRDA:273,20,0,0
BRDA:273,20,1,0
BRF:42
BRH:0
end_of_record
TN:
SF:src/legacyTemplates.ts
FN:16,(anonymous_7)
FN:16,(anonymous_8)
FN:21,(anonymous_9)
FN:21,(anonymous_10)
FN:25,(anonymous_11)
FN:25,(anonymous_12)
FNF:6
FNH:0
FNDA:0,(anonymous_7)
FNDA:0,(anonymous_8)
FNDA:0,(anonymous_9)
FNDA:0,(anonymous_10)
FNDA:0,(anonymous_11)
FNDA:0,(anonymous_12)
DA:1,0
DA:3,0
DA:4,0
DA:7,0
DA:16,0
DA:17,0
DA:18,0
DA:21,0
DA:22,0
DA:25,0
DA:26,0
DA:28,0
DA:29,0
DA:31,0
DA:33,0
DA:34,0
DA:35,0
DA:36,0
DA:37,0
DA:38,0
DA:39,0
DA:40,0
DA:42,0
DA:44,0
DA:45,0
DA:47,0
DA:48,0
DA:52,0
DA:56,0
DA:57,0
LF:30
LH:0
BRDA:33,0,0,0
BRDA:33,0,1,0
BRDA:38,1,0,0
BRDA:38,1,1,0
BRDA:38,2,0,0
BRDA:38,2,1,0
BRDA:39,3,0,0
BRDA:39,3,1,0
BRDA:40,4,0,0
BRDA:40,4,1,0
BRDA:56,5,0,0
BRDA:56,5,1,0
BRF:12
BRH:0
end_of_record
TN:
SF:src/logger.ts
FN:8,(anonymous_7)
FN:12,(anonymous_8)
FNF:2
FNH:1
FNDA:1,(anonymous_7)
FNDA:0,(anonymous_8)
DA:1,1
DA:3,1
DA:5,1
DA:9,1
DA:13,0
LF:5
LH:4
BRF:0
BRH:0
end_of_record
TN:
SF:src/parser.ts
FN:37,(anonymous_7)
FN:44,(anonymous_8)
FN:54,(anonymous_9)
FN:56,(anonymous_10)
FN:62,(anonymous_11)
FN:73,(anonymous_12)
FN:81,(anonymous_14)
FN:113,(anonymous_15)
FN:132,(anonymous_16)
FN:145,(anonymous_18)
FN:145,(anonymous_19)
FN:165,(anonymous_20)
FN:173,(anonymous_21)
FN:180,(anonymous_22)
FN:186,(anonymous_23)
FN:196,(anonymous_24)
FN:232,(anonymous_25)
FNF:17
FNH:17
FNDA:28,(anonymous_7)
FNDA:56,(anonymous_8)
FNDA:21,(anonymous_9)
FNDA:39,(anonymous_10)
FNDA:23,(anonymous_11)
FNDA:31,(anonymous_12)
FNDA:40,(anonymous_14)
FNDA:29,(anonymous_15)
FNDA:29,(anonymous_16)
FNDA:5,(anonymous_18)
FNDA:5,(anonymous_19)
FNDA:32,(anonymous_20)
FNDA:32,(anonymous_21)
FNDA:248,(anonymous_22)
FNDA:248,(anonymous_23)
FNDA:26,(anonymous_24)
FNDA:32,(anonymous_25)
DA:1,1
DA:2,1
DA:5,1
DA:7,1
DA:9,1
DA:10,1
DA:16,1
DA:26,1
DA:27,1
DA:28,1
DA:29,1
DA:31,1
DA:35,28
DA:38,28
DA:39,28
DA:40,28
DA:41,28
DA:45,56
DA:55,21
DA:56,21
DA:57,39
DA:59,21
DA:63,23
DA:64,41
DA:65,41
DA:66,41
DA:68,1
DA:74,31
DA:75,8
DA:78,23
DA:80,22
DA:81,22
DA:82,40
DA:85,22
DA:86,22
DA:88,22
DA:89,1
DA:98,21
DA:99,21
DA:101,0
DA:102,0
DA:104,0
DA:105,0
DA:107,0
DA:110,21
DA:114,29
DA:115,29
DA:120,29
DA:121,36
DA:122,0
DA:125,36
DA:126,36
DA:129,29
DA:133,29
DA:140,29
DA:141,1
DA:144,29
DA:145,5
DA:148,29
DA:149,2
DA:150,2
DA:151,1
DA:153,1
DA:157,28
DA:158,2
DA:159,2
DA:162,27
DA:171,32
DA:173,32
DA:174,32
DA:176,32
DA:177,6
DA:180,26
DA:181,248
DA:182,26
DA:184,222
DA:186,248
DA:188,26
DA:189,0
DA:192,26
DA:193,26
DA:196,32
DA:197,26
DA:199,104
DA:200,104
DA:201,104
DA:202,96
DA:205,8
DA:208,8
DA:209,0
DA:212,8
DA:213,8
DA:215,8
DA:218,26
DA:221,32
DA:222,32
DA:223,6
DA:226,26
DA:227,26
DA:229,26
DA:233,32
DA:234,0
DA:237,32
DA:239,32
DA:240,32
DA:241,31
DA:243,31
DA:244,31
DA:248,31
DA:249,48
DA:250,7
DA:252,41
DA:256,31
DA:257,30
DA:258,1
DA:261,29
DA:262,29
DA:265,27
DA:267,27
DA:273,27
DA:274,27
DA:276,27
DA:281,15
DA:282,15
DA:283,15
LF:125
LH:116
BRDA:74,0,0,8
BRDA:74,0,1,23
BRDA:88,1,0,1
BRDA:88,1,1,21
BRDA:121,2,0,0
BRDA:121,2,1,36
BRDA:140,3,0,1
BRDA:140,3,1,28
BRDA:144,4,0,2
BRDA:144,4,1,27
BRDA:148,5,0,2
BRDA:148,5,1,27
BRDA:150,6,0,1
BRDA:150,6,1,1
BRDA:157,7,0,2
BRDA:157,7,1,26
BRDA:176,8,0,6
BRDA:176,8,1,26
BRDA:176,9,0,32
BRDA:176,9,1,32
BRDA:181,10,0,26
BRDA:181,10,1,222
BRDA:181,11,0,248
BRDA:181,11,1,222
BRDA:188,12,0,0
BRDA:188,12,1,26
BRDA:201,13,0,96
BRDA:201,13,1,8
BRDA:208,14,0,0
BRDA:208,14,1,8
BRDA:222,15,0,6
BRDA:222,15,1,26
BRDA:233,16,0,0
BRDA:233,16,1,32
BRDA:249,17,0,7
BRDA:249,17,1,41
BRDA:257,18,0,1
BRDA:257,18,1,29
BRF:38
BRH:34
end_of_record
TN:
SF:src/helpers/case.ts
FN:3,(anonymous_0)
FN:4,(anonymous_1)
FNF:2
FNH:2
FNDA:28,(anonymous_0)
FNDA:4,(anonymous_1)
DA:1,1
DA:3,1
DA:4,28
DA:5,4
DA:7,4
DA:9,2
DA:11,1
DA:13,1
LF:8
LH:8
BRDA:8,0,0,2
BRDA:8,0,1,1
BRDA:8,0,2,1
BRF:3
BRH:3
end_of_record
TN:
SF:src/helpers/compare.ts
FN:3,(anonymous_0)
FN:4,(anonymous_1)
FNF:2
FNH:2
FNDA:28,(anonymous_0)
FNDA:18,(anonymous_1)
DA:1,1
DA:3,1
DA:4,28
DA:5,18
DA:9,7
DA:13,1
DA:17,3
DA:21,1
DA:25,1
DA:29,1
DA:33,2
DA:37,1
DA:39,1
LF:13
LH:13
BRDA:6,0,0,7
BRDA:6,0,1,7
BRDA:6,0,2,7
BRDA:6,0,3,1
BRDA:6,0,4,1
BRDA:6,0,5,1
BRDA:6,0,6,3
BRDA:6,0,7,3
BRDA:6,0,8,3
BRDA:6,0,9,1
BRDA:6,0,10,1
BRDA:6,0,11,1
BRDA:6,0,12,1
BRDA:6,0,13,1
BRDA:6,0,14,1
BRDA:6,0,15,1
BRDA:6,0,16,1
BRDA:6,0,17,1
BRDA:6,0,18,2
BRDA:6,0,19,2
BRDA:6,0,20,2
BRDA:6,0,21,1
BRDA:6,0,22,1
BRDA:6,0,23,1
BRDA:6,0,24,1
BRF:25
BRH:25
end_of_record
TN:
SF:src/helpers/condition.ts
FN:3,(anonymous_0)
FN:4,(anonymous_1)
FNF:2
FNH:2
FNDA:28,(anonymous_0)
FNDA:9,(anonymous_1)
DA:1,1
DA:3,1
DA:4,28
DA:5,9
DA:8,3
DA:11,4
DA:14,1
DA:16,1
LF:8
LH:8
BRDA:6,0,0,3
BRDA:6,0,1,3
BRDA:6,0,2,4
BRDA:6,0,3,4
BRDA:6,0,4,1
BRDA:6,0,5,1
BRDA:6,0,6,1
BRDA:11,1,0,4
BRDA:11,1,1,4
BRDA:14,2,0,1
BRDA:14,2,1,0
BRF:11
BRH:10
end_of_record
TN:
SF:src/helpers/context.ts
FN:6,(anonymous_0)
FNF:1
FNH:1
FNDA:28,(anonymous_0)
DA:3,1
DA:7,28
LF:2
LH:2
BRF:0
BRH:0
end_of_record
TN:
SF:src/helpers/custom_datetime.ts
FN:3,(anonymous_0)
FN:4,(anonymous_1)
FNF:2
FNH:2
FNDA:28,(anonymous_0)
FNDA:1,(anonymous_1)
DA:1,1
DA:3,1
DA:4,28
DA:5,1
LF:4
LH:4
BRF:0
BRH:0
end_of_record
TN:
SF:src/helpers/datetime.ts
FN:15,(anonymous_0)
FN:64,(anonymous_1)
FNF:2
FNH:2
FNDA:28,(anonymous_0)
FNDA:13,(anonymous_1)
DA:1,1
DA:2,1
DA:3,1
DA:5,1
DA:6,1
DA:7,1
DA:8,1
DA:9,1
DA:10,1
DA:11,1
DA:12,1
DA:13,1
DA:15,1
DA:16,28
DA:64,28
DA:65,13
DA:66,13
DA:68,12
DA:70,12
DA:71,3
DA:72,2
DA:73,2
DA:74,2
DA:77,11
DA:78,3
DA:79,2
DA:80,2
DA:81,2
DA:82,2
DA:85,10
DA:86,10
DA:87,10
DA:88,10
DA:89,10
DA:90,10
DA:92,10
LF:36
LH:36
BRDA:70,0,0,3
BRDA:70,0,1,9
BRDA:77,1,0,3
BRDA:77,1,1,8
BRF:4
BRH:4
end_of_record
TN:
SF:src/helpers/helper.ts
FN:13,(anonymous_0)
FN:18,(anonymous_1)
FNF:2
FNH:2
FNDA:196,(anonymous_0)
FNDA:196,(anonymous_1)
DA:1,1
DA:9,1
DA:14,196
DA:15,196
DA:19,196
LF:5
LH:5
BRF:0
BRH:0
end_of_record
TN:
SF:src/helpers/index.ts
FN:24,(anonymous_0)
FNF:1
FNH:1
FNDA:28,(anonymous_0)
DA:3,1
DA:5,1
DA:6,1
DA:7,1
DA:8,1
DA:9,1
DA:10,1
DA:11,1
DA:13,1
DA:14,1
DA:25,28
DA:26,28
DA:27,196
LF:13
LH:13
BRF:0
BRH:0
end_of_record
TN:
SF:src/helpers/math.ts
FN:3,(anonymous_0)
FN:4,(anonymous_1)
FNF:2
FNH:2
FNDA:28,(anonymous_0)
FNDA:17,(anonymous_1)
DA:1,1
DA:3,1
DA:4,28
DA:5,17
DA:6,17
DA:8,17
DA:9,2
DA:12,15
DA:14,2
DA:16,2
DA:18,5
DA:20,3
DA:22,1
DA:24,2
DA:25,1
DA:27,0
LF:16
LH:15
BRDA:8,0,0,2
BRDA:8,0,1,15
BRDA:8,1,0,17
BRDA:8,1,1,15
BRDA:13,2,0,2
BRDA:13,2,1,2
BRDA:13,2,2,5
BRDA:13,2,3,3
BRDA:13,2,4,1
BRDA:13,2,5,2
BRDA:13,2,6,0
BRDA:24,3,0,1
BRDA:24,3,1,1
BRF:13
BRH:12
end_of_record
TN:
SF:src/helpers/repeat.ts
FN:3,(anonymous_0)
FN:4,(anonymous_1)
FNF:2
FNH:2
FNDA:28,(anonymous_0)
FNDA:5,(anonymous_1)
DA:1,1
DA:3,1
DA:4,28
DA:5,5
DA:7,5
DA:8,2
DA:11,3
DA:12,3
DA:13,7
DA:15,3
LF:10
LH:10
BRDA:7,0,0,2
BRDA:7,0,1,3
BRF:2
BRH:2
end_of_record
TN:
SF:src/helpers/utils/attributes.ts
FN:1,(anonymous_0)
FN:22,(anonymous_1)
FN:24,(anonymous_2)
FN:40,(anonymous_3)
FNF:4
FNH:4
FNDA:2,(anonymous_0)
FNDA:18,(anonymous_1)
FNDA:37,(anonymous_2)
FNDA:21,(anonymous_3)
DA:1,2
DA:2,2
DA:3,2
DA:4,2
DA:21,2
DA:22,18
DA:25,37
DA:27,4
DA:29,18
DA:30,18
DA:31,3
DA:33,15
DA:36,15
DA:41,21
DA:43,21
DA:44,0
DA:47,21
DA:48,135
DA:49,37
DA:51,98
DA:55,18
LF:21
LH:20
BRDA:1,0,0,2
BRDA:1,0,1,2
BRDA:26,1,0,4
BRDA:26,1,1,18
BRDA:26,1,2,15
BRDA:29,2,0,9
BRDA:29,2,1,9
BRDA:30,3,0,3
BRDA:30,3,1,15
BRDA:30,4,0,18
BRDA:30,4,1,17
BRDA:43,5,0,0
BRDA:43,5,1,21
BRDA:48,6,0,37
BRDA:48,6,1,98
BRF:15
BRH:14
end_of_record
TN:
SF:src/utils/dataApi.ts
FN:4,(anonymous_7)
FN:4,(anonymous_8)
FNF:2
FNH:0
FNDA:0,(anonymous_7)
FNDA:0,(anonymous_8)
DA:1,2
DA:4,2
DA:5,0
DA:7,0
DA:9,0
DA:10,0
DA:11,0
DA:12,0
DA:15,0
LF:9
LH:2
BRF:0
BRH:0
end_of_record
TN:
SF:src/utils/dateAndTime.ts
FN:23,(anonymous_0)
FN:31,(anonymous_1)
FN:35,(anonymous_2)
FN:39,(anonymous_3)
FN:43,(anonymous_4)
FN:50,(anonymous_5)
FN:63,(anonymous_6)
FN:67,(anonymous_7)
FN:75,(anonymous_8)
FN:89,(anonymous_9)
FNF:10
FNH:10
FNDA:10,(anonymous_0)
FNDA:177,(anonymous_1)
FNDA:62,(anonymous_2)
FNDA:88,(anonymous_3)
FNDA:300,(anonymous_4)
FNDA:2,(anonymous_5)
FNDA:171,(anonymous_6)
FNDA:114,(anonymous_7)
FNDA:5,(anonymous_8)
FNDA:5,(anonymous_9)
DA:1,2
DA:18,2
DA:24,10
DA:25,10
DA:26,10
DA:28,10
DA:32,177
DA:36,62
DA:40,88
DA:44,300
DA:45,57
DA:47,300
DA:51,2
DA:52,0
DA:55,2
DA:56,2
DA:57,1
DA:60,1
DA:64,171
DA:69,114
DA:70,114
DA:71,114
DA:72,114
DA:76,5
DA:78,5
DA:79,2
DA:82,3
DA:90,5
DA:92,5
DA:93,2
DA:96,3
LF:31
LH:30
BRDA:43,0,0,0
BRDA:44,1,0,57
BRDA:44,1,1,243
BRDA:50,2,0,0
BRDA:51,3,0,0
BRDA:51,3,1,2
BRDA:56,4,0,1
BRDA:56,4,1,1
BRDA:63,5,0,57
BRDA:71,6,0,114
BRDA:71,6,1,0
BRDA:78,7,0,2
BRDA:78,7,1,3
BRDA:92,8,0,2
BRDA:92,8,1,3
BRF:15
BRH:11
end_of_record
TN:
SF:src/utils/folders.ts
FN:12,(anonymous_7)
FN:12,(anonymous_8)
FN:17,(anonymous_9)
FN:17,(anonymous_10)
FN:30,(anonymous_11)
FN:30,(anonymous_12)
FN:35,(anonymous_13)
FN:35,(anonymous_14)
FN:39,(anonymous_15)
FN:39,(anonymous_16)
FN:48,(anonymous_17)
FN:48,(anonymous_18)
FN:49,(anonymous_19)
FN:57,(anonymous_20)
FN:57,(anonymous_21)
FN:64,(anonymous_22)
FNF:16
FNH:0
FNDA:0,(anonymous_7)
FNDA:0,(anonymous_8)
FNDA:0,(anonymous_9)
FNDA:0,(anonymous_10)
FNDA:0,(anonymous_11)
FNDA:0,(anonymous_12)
FNDA:0,(anonymous_13)
FNDA:0,(anonymous_14)
FNDA:0,(anonymous_15)
FNDA:0,(anonymous_16)
FNDA:0,(anonymous_17)
FNDA:0,(anonymous_18)
FNDA:0,(anonymous_19)
FNDA:0,(anonymous_20)
FNDA:0,(anonymous_21)
FNDA:0,(anonymous_22)
DA:1,2
DA:2,2
DA:12,2
DA:13,0
DA:14,0
DA:17,2
DA:18,0
DA:19,0
DA:22,0
DA:23,0
DA:25,0
DA:26,0
DA:30,2
DA:31,0
DA:32,0
DA:35,2
DA:36,0
DA:39,2
DA:40,0
DA:41,0
DA:42,0
DA:44,0
DA:48,2
DA:49,0
DA:50,0
DA:57,2
DA:58,0
DA:59,0
DA:60,0
DA:61,0
DA:64,0
DA:67,0
DA:68,0
DA:70,0
DA:73,0
DA:79,0
DA:86,0
DA:87,0
DA:90,0
LF:39
LH:9
BRDA:18,0,0,0
BRDA:18,0,1,0
BRDA:59,1,0,0
BRDA:59,1,1,0
BRDA:67,2,0,0
BRDA:67,2,1,0
BRDA:86,3,0,0
BRDA:86,3,1,0
BRF:8
BRH:0
end_of_record
TN:
SF:src/utils/promises.ts
FN:2,(anonymous_7)
FN:9,(anonymous_8)
FN:13,(anonymous_9)
FN:21,(anonymous_10)
FN:23,(anonymous_12)
FNF:5
FNH:0
FNDA:0,(anonymous_7)
FNDA:0,(anonymous_8)
FNDA:0,(anonymous_9)
FNDA:0,(anonymous_10)
FNDA:0,(anonymous_12)
DA:2,0
DA:3,0
DA:4,0
DA:7,0
DA:10,0
DA:14,0
DA:15,0
DA:18,0
DA:22,0
DA:23,0
DA:25,0
DA:27,0
DA:28,0
DA:29,0
DA:32,0
DA:33,0
LF:16
LH:0
BRDA:14,0,0,0
BRDA:14,0,1,0
BRDA:14,1,0,0
BRDA:14,1,1,0
BRF:4
BRH:0
end_of_record
TN:
SF:src/utils/tags.ts
FN:10,(anonymous_7)
FN:10,(anonymous_8)
FN:11,(anonymous_9)
FN:19,(anonymous_10)
FN:19,(anonymous_11)
FN:32,(anonymous_12)
FN:32,(anonymous_13)
FN:36,(anonymous_14)
FN:36,(anonymous_15)
FNF:9
FNH:0
FNDA:0,(anonymous_7)
FNDA:0,(anonymous_8)
FNDA:0,(anonymous_9)
FNDA:0,(anonymous_10)
FNDA:0,(anonymous_11)
FNDA:0,(anonymous_12)
FNDA:0,(anonymous_13)
FNDA:0,(anonymous_14)
FNDA:0,(anonymous_15)
DA:1,1
DA:2,1
DA:10,1
DA:11,0
DA:12,0
DA:19,1
DA:20,0
DA:21,0
DA:22,0
DA:25,0
DA:26,0
DA:32,1
DA:33,0
DA:36,1
DA:37,0
LF:15
LH:6
BRDA:21,0,0,0
BRDA:21,0,1,0
BRF:2
BRH:0
end_of_record
TN:
SF:src/utils/templates.ts
FN:18,(anonymous_7)
FN:26,(anonymous_8)
FN:30,(anonymous_9)
FN:40,(anonymous_10)
FN:40,(anonymous_11)
FN:60,(anonymous_12)
FN:67,(anonymous_13)
FN:67,(anonymous_14)
FN:69,(anonymous_15)
FN:103,(anonymous_16)
FN:103,(anonymous_17)
FN:116,(anonymous_18)
FN:116,(anonymous_19)
FN:143,(anonymous_20)
FN:143,(anonymous_21)
FNF:15
FNH:9
FNDA:1,(anonymous_7)
FNDA:7,(anonymous_8)
FNDA:13,(anonymous_9)
FNDA:7,(anonymous_10)
FNDA:7,(anonymous_11)
FNDA:8,(anonymous_12)
FNDA:7,(anonymous_13)
FNDA:7,(anonymous_14)
FNDA:12,(anonymous_15)
FNDA:0,(anonymous_16)
FNDA:0,(anonymous_17)
FNDA:0,(anonymous_18)
FNDA:0,(anonymous_19)
FNDA:0,(anonymous_20)
FNDA:0,(anonymous_21)
DA:1,1
DA:2,1
DA:3,1
DA:18,1
DA:19,1
DA:20,1
DA:21,1
DA:26,1
DA:27,7
DA:28,7
DA:30,7
DA:31,13
DA:32,12
DA:33,12
DA:37,7
DA:40,7
DA:41,7
DA:43,7
DA:45,7
DA:46,7
DA:48,7
DA:49,7
DA:52,0
DA:55,7
DA:57,7
DA:58,7
DA:60,7
DA:61,8
DA:64,7
DA:67,7
DA:68,7
DA:69,7
DA:72,12
DA:73,7
DA:75,5
DA:78,12
DA:84,7
DA:85,2
DA:86,2
DA:89,5
DA:96,5
DA:97,3
DA:100,2
DA:103,1
DA:104,0
DA:105,0
DA:108,0
DA:109,0
DA:111,0
DA:112,0
DA:116,1
DA:117,0
DA:132,0
DA:139,0
DA:140,0
DA:143,1
DA:144,0
DA:146,0
DA:148,0
DA:149,0
DA:151,0
DA:152,0
DA:154,0
DA:155,0
DA:156,0
DA:158,0
DA:162,0
DA:163,0
DA:165,0
DA:166,0
DA:172,0
DA:174,0
DA:175,0
DA:177,0
DA:178,0
DA:180,0
DA:181,0
DA:182,0
DA:184,0
DA:187,0
LF:80
LH:45
BRDA:18,0,0,1
BRDA:18,0,1,1
BRDA:31,1,0,12
BRDA:31,1,1,1
BRDA:45,2,0,7
BRDA:45,2,1,0
BRDA:67,3,0,7
BRDA:72,4,0,7
BRDA:72,4,1,5
BRDA:84,5,0,2
BRDA:84,5,1,5
BRDA:96,6,0,3
BRDA:96,6,1,2
BRDA:104,7,0,0
BRDA:104,7,1,0
BRDA:116,8,0,0
BRDA:139,9,0,0
BRDA:139,9,1,0
BRDA:144,10,0,0
BRDA:144,10,1,0
BRDA:147,11,0,0
BRDA:147,11,1,0
BRDA:147,11,2,0
BRDA:147,11,3,0
BRDA:163,12,0,0
BRDA:163,12,1,0
BRDA:165,13,0,0
BRDA:165,13,1,0
BRDA:173,14,0,0
BRDA:173,14,1,0
BRDA:173,14,2,0
BRDA:173,14,3,0
BRF:32
BRH:12
end_of_record
TN:
SF:src/variables/parser.ts
FN:22,(anonymous_0)
FNF:1
FNH:1
FNDA:40,(anonymous_0)
DA:1,1
DA:2,1
DA:3,1
DA:4,1
DA:5,1
DA:6,1
DA:7,1
DA:8,1
DA:12,1
DA:22,1
DA:23,40
DA:24,106
DA:25,106
DA:26,40
DA:28,66
DA:29,66
DA:32,0
LF:17
LH:16
BRDA:28,0,0,66
BRDA:28,0,1,0
BRF:2
BRH:1
end_of_record
TN:
SF:src/variables/types/base.ts
FN:11,(anonymous_0)
FN:16,(anonymous_1)
FN:20,(anonymous_2)
FN:36,(anonymous_3)
FN:40,(anonymous_4)
FNF:5
FNH:4
FNDA:40,(anonymous_0)
FNDA:0,(anonymous_1)
FNDA:4,(anonymous_2)
FNDA:20,(anonymous_3)
FNDA:100,(anonymous_4)
DA:2,1
DA:4,1
DA:6,1
DA:12,40
DA:13,40
DA:17,0
DA:21,4
DA:37,20
DA:41,100
DA:42,33
DA:43,67
DA:44,11
DA:45,11
DA:46,11
DA:47,1
DA:48,1
DA:49,1
DA:51,1
DA:56,66
LF:19
LH:18
BRDA:41,0,0,33
BRDA:41,0,1,67
BRDA:41,1,0,100
BRDA:41,1,1,89
BRDA:43,2,0,11
BRDA:43,2,1,56
BRDA:44,3,0,11
BRDA:44,3,1,0
BRDA:46,4,0,1
BRDA:46,4,1,10
BRDA:46,5,0,11
BRDA:46,5,1,11
BRDA:48,6,0,1
BRDA:48,6,1,0
BRDA:48,7,0,1
BRDA:48,7,1,1
BRF:16
BRH:14
end_of_record
TN:
SF:src/variables/types/boolean.ts
FN:8,(anonymous_0)
FN:20,(anonymous_1)
FNF:2
FNH:1
FNDA:0,(anonymous_0)
FNDA:5,(anonymous_1)
DA:2,1
DA:3,1
DA:5,1
DA:6,1
DA:9,0
DA:21,5
LF:6
LH:5
BRF:0
BRH:0
end_of_record
TN:
SF:src/variables/types/date.ts
FN:8,(anonymous_0)
FN:13,(anonymous_1)
FNF:2
FNH:1
FNDA:3,(anonymous_0)
FNDA:0,(anonymous_1)
DA:2,1
DA:3,1
DA:5,1
DA:6,1
DA:9,3
DA:10,3
DA:14,0
LF:7
LH:6
BRF:0
BRH:0
end_of_record
TN:
SF:src/variables/types/enum.ts
FN:8,(anonymous_0)
FN:13,(anonymous_1)
FN:14,(anonymous_2)
FN:20,(anonymous_3)
FN:24,(anonymous_4)
FN:28,(anonymous_5)
FN:34,(anonymous_6)
FNF:7
FNH:6
FNDA:6,(anonymous_0)
FNDA:2,(anonymous_1)
FNDA:5,(anonymous_2)
FNDA:6,(anonymous_3)
FNDA:14,(anonymous_4)
FNDA:0,(anonymous_5)
FNDA:6,(anonymous_6)
DA:1,1
DA:2,1
DA:4,1
DA:5,1
DA:9,6
DA:10,6
DA:14,2
DA:15,5
DA:17,2
DA:21,6
DA:23,6
DA:24,14
DA:27,0
DA:28,0
DA:31,0
DA:35,6
DA:36,4
DA:37,4
DA:38,2
DA:39,2
DA:40,2
DA:41,2
DA:42,2
DA:44,2
DA:45,2
DA:46,2
DA:49,2
DA:54,0
LF:28
LH:24
BRDA:23,0,0,6
BRDA:23,0,1,0
BRDA:23,1,0,6
BRDA:23,1,1,6
BRDA:27,2,0,0
BRDA:27,2,1,0
BRDA:27,3,0,0
BRDA:27,3,1,0
BRDA:35,4,0,4
BRDA:35,4,1,2
BRDA:38,5,0,2
BRDA:38,5,1,0
BRDA:39,6,0,2
BRDA:39,6,1,0
BRDA:41,7,0,2
BRDA:41,7,1,0
BRDA:45,8,0,2
BRDA:45,8,1,0
BRDA:45,9,0,2
BRDA:45,9,1,2
BRF:20
BRH:11
end_of_record
TN:
SF:src/variables/types/invalid.ts
FN:5,(anonymous_0)
FN:10,(anonymous_1)
FNF:2
FNH:0
FNDA:0,(anonymous_0)
FNDA:0,(anonymous_1)
DA:1,1
DA:2,1
DA:4,1
DA:6,0
DA:11,0
LF:5
LH:3
BRF:0
BRH:0
end_of_record
TN:
SF:src/variables/types/number.ts
FN:8,(anonymous_0)
FN:13,(anonymous_1)
FNF:2
FNH:1
FNDA:0,(anonymous_0)
FNDA:9,(anonymous_1)
DA:2,1
DA:3,1
DA:5,1
DA:6,1
DA:9,0
DA:14,9
LF:6
LH:5
BRF:0
BRH:0
end_of_record
TN:
SF:src/variables/types/text.ts
FN:7,(anonymous_0)
FNF:1
FNH:1
FNDA:2,(anonymous_0)
DA:1,1
DA:2,1
DA:4,1
DA:5,1
DA:8,2
LF:5
LH:5
BRF:0
BRH:0
end_of_record
TN:
SF:src/variables/types/time.ts
FN:8,(anonymous_0)
FN:16,(anonymous_1)
FNF:2
FNH:1
FNDA:2,(anonymous_0)
FNDA:0,(anonymous_1)
DA:2,1
DA:3,1
DA:5,1
DA:6,1
DA:9,2
DA:10,2
DA:11,2
DA:12,2
DA:13,2
DA:17,0
LF:10
LH:9
BRF:0
BRH:0
end_of_record
TN:
SF:src/views/defaultTemplates.ts
FN:13,(anonymous_7)
FN:17,(anonymous_8)
FN:33,(anonymous_9)
FN:43,(anonymous_10)
FN:56,(anonymous_11)
FN:56,(anonymous_12)
FNF:6
FNH:0
FNDA:0,(anonymous_7)
FNDA:0,(anonymous_8)
FNDA:0,(anonymous_9)
FNDA:0,(anonymous_10)
FNDA:0,(anonymous_11)
FNDA:0,(anonymous_12)
DA:1,0
DA:2,0
DA:13,0
DA:14,0
DA:17,0
DA:18,0
DA:33,0
DA:34,0
DA:35,0
DA:44,0
DA:56,0
DA:57,0
DA:59,0
DA:68,0
LF:14
LH:0
BRDA:14,0,0,0
BRDA:14,0,1,0
BRDA:34,1,0,0
BRDA:34,1,1,0
BRF:4
BRH:0
end_of_record
TN:
SF:src/views/templateVariables.ts
FN:5,(anonymous_7)
FN:5,(anonymous_8)
FN:8,(anonymous_9)
FNF:3
FNH:0
FNDA:0,(anonymous_7)
FNDA:0,(anonymous_8)
FNDA:0,(anonymous_9)
DA:1,1
DA:2,1
DA:5,1
DA:6,0
DA:8,0
DA:9,0
DA:19,0
LF:7
LH:3
BRF:0
BRH:0
end_of_record
