TN:
SF:src/actions.ts
FN:7,(anonymous_7)
FN:14,(anonymous_8)
FN:14,(anonymous_9)
FN:33,(anonymous_10)
FN:33,(anonymous_11)
FN:57,(anonymous_12)
FN:57,(anonymous_13)
FNF:7
FNH:0
FNDA:0,(anonymous_7)
FNDA:0,(anonymous_8)
FNDA:0,(anonymous_9)
FNDA:0,(anonymous_10)
FNDA:0,(anonymous_11)
FNDA:0,(anonymous_12)
FNDA:0,(anonymous_13)
DA:1,0
DA:2,0
DA:3,0
DA:4,0
DA:5,0
DA:7,0
DA:8,0
DA:9,0
DA:10,0
DA:14,0
DA:17,0
DA:18,0
DA:22,0
DA:24,0
DA:25,0
DA:26,0
DA:27,0
DA:28,0
DA:33,0
DA:34,0
DA:35,0
DA:37,0
DA:38,0
DA:41,0
DA:44,0
DA:45,0
DA:46,0
DA:49,0
DA:50,0
DA:51,0
DA:52,0
DA:57,0
DA:58,0
DA:60,0
DA:61,0
DA:63,0
DA:64,0
DA:66,0
DA:67,0
LF:39
LH:0
BRDA:7,0,0,0
BRDA:7,0,1,0
BRDA:19,1,0,0
BRDA:19,1,1,0
BRDA:25,2,0,0
BRDA:25,2,1,0
BRDA:34,3,0,0
BRDA:34,3,1,0
BRDA:37,4,0,0
BRDA:37,4,1,0
BRDA:37,5,0,0
BRDA:37,5,1,0
BRDA:44,6,0,0
BRDA:44,6,1,0
BRDA:59,7,0,0
BRDA:59,7,1,0
BRDA:59,7,2,0
BRF:17
BRH:0
end_of_record
TN:
SF:src/index.ts
FN:21,(anonymous_7)
FN:58,(anonymous_9)
FN:58,(anonymous_10)
FN:65,(anonymous_11)
FN:65,(anonymous_12)
FN:70,(anonymous_13)
FN:70,(anonymous_14)
FN:71,(anonymous_15)
FN:71,(anonymous_16)
FN:95,(anonymous_17)
FN:106,(anonymous_18)
FN:106,(anonymous_19)
FN:120,(anonymous_20)
FN:120,(anonymous_21)
FN:128,(anonymous_22)
FN:128,(anonymous_23)
FN:136,(anonymous_24)
FN:136,(anonymous_25)
FN:155,(anonymous_26)
FN:155,(anonymous_27)
FN:170,(anonymous_28)
FN:170,(anonymous_29)
FN:188,(anonymous_30)
FN:188,(anonymous_31)
FN:200,(anonymous_32)
FN:200,(anonymous_33)
FN:224,(anonymous_34)
FN:224,(anonymous_35)
FN:248,(anonymous_36)
FN:248,(anonymous_37)
FN:256,(anonymous_38)
FN:256,(anonymous_39)
FNF:32
FNH:0
FNDA:0,(anonymous_7)
FNDA:0,(anonymous_9)
FNDA:0,(anonymous_10)
FNDA:0,(anonymous_11)
FNDA:0,(anonymous_12)
FNDA:0,(anonymous_13)
FNDA:0,(anonymous_14)
FNDA:0,(anonymous_15)
FNDA:0,(anonymous_16)
FNDA:0,(anonymous_17)
FNDA:0,(anonymous_18)
FNDA:0,(anonymous_19)
FNDA:0,(anonymous_20)
FNDA:0,(anonymous_21)
FNDA:0,(anonymous_22)
FNDA:0,(anonymous_23)
FNDA:0,(anonymous_24)
FNDA:0,(anonymous_25)
FNDA:0,(anonymous_26)
FNDA:0,(anonymous_27)
FNDA:0,(anonymous_28)
FNDA:0,(anonymous_29)
FNDA:0,(anonymous_30)
FNDA:0,(anonymous_31)
FNDA:0,(anonymous_32)
FNDA:0,(anonymous_33)
FNDA:0,(anonymous_34)
FNDA:0,(anonymous_35)
FNDA:0,(anonymous_36)
FNDA:0,(anonymous_37)
FNDA:0,(anonymous_38)
FNDA:0,(anonymous_39)
DA:1,0
DA:2,0
DA:3,0
DA:4,0
DA:5,0
DA:6,0
DA:7,0
DA:8,0
DA:9,0
DA:10,0
DA:11,0
DA:12,0
DA:13,0
DA:14,0
DA:16,0
DA:18,0
DA:20,0
DA:23,0
DA:26,0
DA:28,0
DA:29,0
DA:30,0
DA:31,0
DA:32,0
DA:33,0
DA:34,0
DA:35,0
DA:41,0
DA:43,0
DA:44,0
DA:45,0
DA:49,0
DA:50,0
DA:51,0
DA:53,0
DA:58,0
DA:59,0
DA:60,0
DA:61,0
DA:65,0
DA:66,0
DA:67,0
DA:70,0
DA:71,0
DA:72,0
DA:73,0
DA:74,0
DA:75,0
DA:76,0
DA:78,0
DA:80,0
DA:81,0
DA:83,0
DA:90,0
DA:91,0
DA:92,0
DA:95,0
DA:100,0
DA:102,0
DA:106,0
DA:107,0
DA:111,0
DA:117,0
DA:120,0
DA:121,0
DA:125,0
DA:128,0
DA:129,0
DA:133,0
DA:136,0
DA:137,0
DA:138,0
DA:139,0
DA:141,0
DA:145,0
DA:147,0
DA:148,0
DA:152,0
DA:155,0
DA:156,0
DA:157,0
DA:159,0
DA:160,0
DA:162,0
DA:163,0
DA:167,0
DA:170,0
DA:171,0
DA:172,0
DA:174,0
DA:175,0
DA:177,0
DA:178,0
DA:180,0
DA:181,0
DA:185,0
DA:188,0
DA:189,0
DA:190,0
DA:192,0
DA:193,0
DA:197,0
DA:200,0
DA:201,0
DA:203,0
DA:204,0
DA:206,0
DA:207,0
DA:210,0
DA:211,0
DA:214,0
DA:215,0
DA:217,0
DA:221,0
DA:224,0
DA:225,0
DA:227,0
DA:228,0
DA:230,0
DA:231,0
DA:234,0
DA:235,0
DA:238,0
DA:239,0
DA:241,0
DA:245,0
DA:248,0
DA:249,0
DA:253,0
DA:256,0
DA:257,0
DA:258,0
DA:259,0
DA:261,0
DA:263,0
DA:269,0
DA:312,0
DA:315,0
DA:317,0
DA:318,0
DA:360,0
LF:141
LH:0
BRDA:50,0,0,0
BRDA:50,0,1,0
BRDA:60,1,0,0
BRDA:60,1,1,0
BRDA:66,2,0,0
BRDA:66,2,1,0
BRDA:78,3,0,0
BRDA:78,3,1,0
BRDA:78,4,0,0
BRDA:78,4,1,0
BRDA:78,4,2,0
BRDA:85,5,0,0
BRDA:85,5,1,0
BRDA:86,6,0,0
BRDA:86,6,1,0
BRDA:142,7,0,0
BRDA:142,7,1,0
BRDA:143,8,0,0
BRDA:143,8,1,0
BRDA:157,9,0,0
BRDA:157,9,1,0
BRDA:160,10,0,0
BRDA:160,10,1,0
BRDA:171,11,0,0
BRDA:171,11,1,0
BRDA:172,12,0,0
BRDA:172,12,1,0
BRDA:175,13,0,0
BRDA:175,13,1,0
BRDA:178,14,0,0
BRDA:178,14,1,0
BRDA:189,15,0,0
BRDA:189,15,1,0
BRDA:190,16,0,0
BRDA:190,16,1,0
BRDA:206,17,0,0
BRDA:206,17,1,0
BRDA:210,18,0,0
BRDA:210,18,1,0
BRDA:214,19,0,0
BRDA:214,19,1,0
BRDA:230,20,0,0
BRDA:230,20,1,0
BRDA:234,21,0,0
BRDA:234,21,1,0
BRDA:238,22,0,0
BRDA:238,22,1,0
BRDA:257,23,0,0
BRDA:257,23,1,0
BRDA:317,24,0,0
BRDA:317,24,1,0
BRF:51
BRH:0
end_of_record
TN:
SF:src/legacyTemplates.ts
FN:16,(anonymous_7)
FN:16,(anonymous_8)
FN:21,(anonymous_9)
FN:21,(anonymous_10)
FN:25,(anonymous_11)
FN:25,(anonymous_12)
FNF:6
FNH:0
FNDA:0,(anonymous_7)
FNDA:0,(anonymous_8)
FNDA:0,(anonymous_9)
FNDA:0,(anonymous_10)
FNDA:0,(anonymous_11)
FNDA:0,(anonymous_12)
DA:1,0
DA:3,0
DA:4,0
DA:7,0
DA:16,0
DA:17,0
DA:18,0
DA:21,0
DA:22,0
DA:25,0
DA:26,0
DA:28,0
DA:29,0
DA:31,0
DA:33,0
DA:34,0
DA:35,0
DA:36,0
DA:37,0
DA:38,0
DA:39,0
DA:40,0
DA:42,0
DA:44,0
DA:45,0
DA:47,0
DA:48,0
DA:52,0
DA:56,0
DA:57,0
LF:30
LH:0
BRDA:33,0,0,0
BRDA:33,0,1,0
BRDA:38,1,0,0
BRDA:38,1,1,0
BRDA:38,2,0,0
BRDA:38,2,1,0
BRDA:39,3,0,0
BRDA:39,3,1,0
BRDA:40,4,0,0
BRDA:40,4,1,0
BRDA:56,5,0,0
BRDA:56,5,1,0
BRF:12
BRH:0
end_of_record
TN:
SF:src/logger.ts
FN:12,(anonymous_7)
FN:7,(anonymous_8)
FN:17,(anonymous_10)
FNF:3
FNH:2
FNDA:1,(anonymous_7)
FNDA:1,(anonymous_8)
FNDA:0,(anonymous_10)
DA:1,1
DA:3,1
DA:8,1
DA:9,1
DA:13,1
DA:14,1
DA:18,0
DA:19,0
DA:20,0
DA:22,0
LF:10
LH:6
BRDA:18,0,0,0
BRDA:18,0,1,0
BRF:2
BRH:0
end_of_record
TN:
SF:src/parser.ts
FN:49,(anonymous_7)
FN:56,(anonymous_8)
FN:66,(anonymous_9)
FN:68,(anonymous_10)
FN:74,(anonymous_11)
FN:85,(anonymous_12)
FN:93,(anonymous_14)
FN:125,(anonymous_15)
FN:144,(anonymous_16)
FN:157,(anonymous_18)
FN:157,(anonymous_19)
FN:177,(anonymous_20)
FN:185,(anonymous_21)
FN:192,(anonymous_22)
FN:208,(anonymous_23)
FN:244,(anonymous_24)
FNF:16
FNH:16
FNDA:28,(anonymous_7)
FNDA:56,(anonymous_8)
FNDA:21,(anonymous_9)
FNDA:39,(anonymous_10)
FNDA:23,(anonymous_11)
FNDA:31,(anonymous_12)
FNDA:40,(anonymous_14)
FNDA:29,(anonymous_15)
FNDA:29,(anonymous_16)
FNDA:5,(anonymous_18)
FNDA:5,(anonymous_19)
FNDA:32,(anonymous_20)
FNDA:32,(anonymous_21)
FNDA:248,(anonymous_22)
FNDA:26,(anonymous_23)
FNDA:32,(anonymous_24)
DA:1,1
DA:2,1
DA:5,1
DA:7,1
DA:8,1
DA:10,1
DA:11,1
DA:15,1
DA:21,1
DA:38,1
DA:39,1
DA:40,1
DA:41,1
DA:43,1
DA:47,28
DA:50,28
DA:51,28
DA:52,28
DA:53,28
DA:57,56
DA:67,21
DA:68,21
DA:69,39
DA:71,21
DA:75,23
DA:76,41
DA:77,41
DA:78,41
DA:80,1
DA:86,31
DA:87,8
DA:90,23
DA:92,22
DA:93,22
DA:94,40
DA:97,22
DA:98,22
DA:100,22
DA:101,1
DA:110,21
DA:111,21
DA:113,0
DA:114,0
DA:116,0
DA:117,0
DA:119,0
DA:122,21
DA:126,29
DA:127,29
DA:132,29
DA:133,36
DA:134,0
DA:137,36
DA:138,36
DA:141,29
DA:145,29
DA:152,29
DA:153,1
DA:156,29
DA:157,5
DA:160,29
DA:161,2
DA:162,2
DA:163,1
DA:165,1
DA:169,28
DA:170,2
DA:171,2
DA:174,27
DA:183,32
DA:185,32
DA:186,32
DA:188,32
DA:189,6
DA:192,26
DA:193,248
DA:194,26
DA:196,222
DA:200,26
DA:201,0
DA:204,26
DA:205,26
DA:208,32
DA:209,26
DA:211,104
DA:212,104
DA:213,104
DA:214,96
DA:217,8
DA:220,8
DA:221,0
DA:224,8
DA:225,8
DA:227,8
DA:230,26
DA:233,32
DA:234,32
DA:235,6
DA:238,26
DA:239,26
DA:241,26
DA:245,32
DA:246,0
DA:249,32
DA:251,32
DA:252,32
DA:253,31
DA:255,31
DA:256,31
DA:260,31
DA:261,48
DA:262,7
DA:264,41
DA:268,31
DA:269,30
DA:270,1
DA:273,29
DA:274,29
DA:277,27
DA:279,27
DA:285,27
DA:286,27
DA:293,27
DA:298,27
DA:303,15
DA:304,15
DA:305,15
LF:127
LH:118
BRDA:86,0,0,8
BRDA:86,0,1,23
BRDA:100,1,0,1
BRDA:100,1,1,21
BRDA:133,2,0,0
BRDA:133,2,1,36
BRDA:152,3,0,1
BRDA:152,3,1,28
BRDA:156,4,0,2
BRDA:156,4,1,27
BRDA:160,5,0,2
BRDA:160,5,1,27
BRDA:162,6,0,1
BRDA:162,6,1,1
BRDA:169,7,0,2
BRDA:169,7,1,26
BRDA:188,8,0,6
BRDA:188,8,1,26
BRDA:188,9,0,32
BRDA:188,9,1,32
BRDA:193,10,0,26
BRDA:193,10,1,222
BRDA:193,11,0,248
BRDA:193,11,1,222
BRDA:200,12,0,0
BRDA:200,12,1,26
BRDA:213,13,0,96
BRDA:213,13,1,8
BRDA:220,14,0,0
BRDA:220,14,1,8
BRDA:234,15,0,6
BRDA:234,15,1,26
BRDA:245,16,0,0
BRDA:245,16,1,32
BRDA:261,17,0,7
BRDA:261,17,1,41
BRDA:269,18,0,1
BRDA:269,18,1,29
BRF:38
BRH:34
end_of_record
TN:
SF:src/helpers/case.ts
FN:3,(anonymous_0)
FN:4,(anonymous_1)
FNF:2
FNH:2
FNDA:28,(anonymous_0)
FNDA:4,(anonymous_1)
DA:1,1
DA:3,1
DA:4,28
DA:5,4
DA:7,4
DA:9,2
DA:11,1
DA:13,1
LF:8
LH:8
BRDA:8,0,0,2
BRDA:8,0,1,1
BRDA:8,0,2,1
BRF:3
BRH:3
end_of_record
TN:
SF:src/helpers/compare.ts
FN:3,(anonymous_0)
FN:4,(anonymous_1)
FNF:2
FNH:2
FNDA:28,(anonymous_0)
FNDA:18,(anonymous_1)
DA:1,1
DA:3,1
DA:4,28
DA:5,18
DA:9,7
DA:13,1
DA:17,3
DA:21,1
DA:25,1
DA:29,1
DA:33,2
DA:37,1
DA:39,1
LF:13
LH:13
BRDA:6,0,0,7
BRDA:6,0,1,7
BRDA:6,0,2,7
BRDA:6,0,3,1
BRDA:6,0,4,1
BRDA:6,0,5,1
BRDA:6,0,6,3
BRDA:6,0,7,3
BRDA:6,0,8,3
BRDA:6,0,9,1
BRDA:6,0,10,1
BRDA:6,0,11,1
BRDA:6,0,12,1
BRDA:6,0,13,1
BRDA:6,0,14,1
BRDA:6,0,15,1
BRDA:6,0,16,1
BRDA:6,0,17,1
BRDA:6,0,18,2
BRDA:6,0,19,2
BRDA:6,0,20,2
BRDA:6,0,21,1
BRDA:6,0,22,1
BRDA:6,0,23,1
BRDA:6,0,24,1
BRF:25
BRH:25
end_of_record
TN:
SF:src/helpers/condition.ts
FN:3,(anonymous_0)
FN:4,(anonymous_1)
FNF:2
FNH:2
FNDA:28,(anonymous_0)
FNDA:9,(anonymous_1)
DA:1,1
DA:3,1
DA:4,28
DA:5,9
DA:8,3
DA:11,4
DA:14,1
DA:16,1
LF:8
LH:8
BRDA:6,0,0,3
BRDA:6,0,1,3
BRDA:6,0,2,4
BRDA:6,0,3,4
BRDA:6,0,4,1
BRDA:6,0,5,1
BRDA:6,0,6,1
BRDA:11,1,0,4
BRDA:11,1,1,4
BRDA:14,2,0,1
BRDA:14,2,1,0
BRF:11
BRH:10
end_of_record
TN:
SF:src/helpers/context.ts
FN:6,(anonymous_0)
FNF:1
FNH:1
FNDA:28,(anonymous_0)
DA:3,1
DA:7,28
LF:2
LH:2
BRF:0
BRH:0
end_of_record
TN:
SF:src/helpers/custom_datetime.ts
FN:3,(anonymous_0)
FN:4,(anonymous_1)
FNF:2
FNH:2
FNDA:28,(anonymous_0)
FNDA:1,(anonymous_1)
DA:1,1
DA:3,1
DA:4,28
DA:5,1
LF:4
LH:4
BRF:0
BRH:0
end_of_record
TN:
SF:src/helpers/datetime.ts
FN:15,(anonymous_0)
FN:64,(anonymous_1)
FNF:2
FNH:2
FNDA:28,(anonymous_0)
FNDA:13,(anonymous_1)
DA:1,1
DA:2,1
DA:3,1
DA:5,1
DA:6,1
DA:7,1
DA:8,1
DA:9,1
DA:10,1
DA:11,1
DA:12,1
DA:13,1
DA:15,1
DA:16,28
DA:64,28
DA:65,13
DA:66,13
DA:68,12
DA:70,12
DA:71,3
DA:72,2
DA:73,2
DA:74,2
DA:77,11
DA:78,3
DA:79,2
DA:80,2
DA:81,2
DA:82,2
DA:85,10
DA:86,10
DA:87,10
DA:88,10
DA:89,10
DA:90,10
DA:92,10
LF:36
LH:36
BRDA:70,0,0,3
BRDA:70,0,1,9
BRDA:77,1,0,3
BRDA:77,1,1,8
BRF:4
BRH:4
end_of_record
TN:
SF:src/helpers/helper.ts
FN:13,(anonymous_0)
FN:18,(anonymous_1)
FNF:2
FNH:2
FNDA:196,(anonymous_0)
FNDA:196,(anonymous_1)
DA:1,1
DA:9,1
DA:14,196
DA:15,196
DA:19,196
LF:5
LH:5
BRF:0
BRH:0
end_of_record
TN:
SF:src/helpers/index.ts
FN:24,(anonymous_0)
FNF:1
FNH:1
FNDA:28,(anonymous_0)
DA:3,1
DA:5,1
DA:6,1
DA:7,1
DA:8,1
DA:9,1
DA:10,1
DA:11,1
DA:13,1
DA:14,1
DA:25,28
DA:26,28
DA:27,196
LF:13
LH:13
BRF:0
BRH:0
end_of_record
TN:
SF:src/helpers/math.ts
FN:3,(anonymous_0)
FN:4,(anonymous_1)
FNF:2
FNH:2
FNDA:28,(anonymous_0)
FNDA:17,(anonymous_1)
DA:1,1
DA:3,1
DA:4,28
DA:5,17
DA:6,17
DA:8,17
DA:9,2
DA:12,15
DA:14,2
DA:16,2
DA:18,5
DA:20,3
DA:22,1
DA:24,2
DA:25,1
DA:27,0
LF:16
LH:15
BRDA:8,0,0,2
BRDA:8,0,1,15
BRDA:8,1,0,17
BRDA:8,1,1,15
BRDA:13,2,0,2
BRDA:13,2,1,2
BRDA:13,2,2,5
BRDA:13,2,3,3
BRDA:13,2,4,1
BRDA:13,2,5,2
BRDA:13,2,6,0
BRDA:24,3,0,1
BRDA:24,3,1,1
BRF:13
BRH:12
end_of_record
TN:
SF:src/helpers/repeat.ts
FN:3,(anonymous_0)
FN:4,(anonymous_1)
FNF:2
FNH:2
FNDA:28,(anonymous_0)
FNDA:5,(anonymous_1)
DA:1,1
DA:3,1
DA:4,28
DA:5,5
DA:7,5
DA:8,2
DA:11,3
DA:12,3
DA:13,7
DA:15,3
LF:10
LH:10
BRDA:7,0,0,2
BRDA:7,0,1,3
BRF:2
BRH:2
end_of_record
TN:
SF:src/helpers/utils/attributes.ts
FN:1,(anonymous_0)
FN:22,(anonymous_1)
FN:24,(anonymous_2)
FN:40,(anonymous_3)
FNF:4
FNH:4
FNDA:2,(anonymous_0)
FNDA:18,(anonymous_1)
FNDA:37,(anonymous_2)
FNDA:21,(anonymous_3)
DA:1,2
DA:2,2
DA:3,2
DA:4,2
DA:21,2
DA:22,18
DA:25,37
DA:27,4
DA:29,18
DA:30,18
DA:31,3
DA:33,15
DA:36,15
DA:41,21
DA:43,21
DA:44,0
DA:47,21
DA:48,135
DA:49,37
DA:51,98
DA:55,18
LF:21
LH:20
BRDA:1,0,0,2
BRDA:1,0,1,2
BRDA:26,1,0,4
BRDA:26,1,1,18
BRDA:26,1,2,15
BRDA:29,2,0,9
BRDA:29,2,1,9
BRDA:30,3,0,3
BRDA:30,3,1,15
BRDA:30,4,0,18
BRDA:30,4,1,17
BRDA:43,5,0,0
BRDA:43,5,1,21
BRDA:48,6,0,37
BRDA:48,6,1,98
BRF:15
BRH:14
end_of_record
TN:
SF:src/settings/applyTagsWhileInserting.ts
FNF:0
FNH:0
DA:1,0
DA:2,0
DA:4,0
LF:3
LH:0
BRF:0
BRH:0
end_of_record
TN:
SF:src/settings/base.ts
FN:12,(anonymous_7)
FN:17,(anonymous_8)
FN:21,(anonymous_10)
FN:31,(anonymous_12)
FN:36,(anonymous_13)
FN:41,(anonymous_15)
FN:42,(anonymous_17)
FNF:7
FNH:2
FNDA:0,(anonymous_7)
FNDA:0,(anonymous_8)
FNDA:0,(anonymous_10)
FNDA:1,(anonymous_12)
FNDA:7,(anonymous_13)
FNDA:0,(anonymous_15)
FNDA:0,(anonymous_17)
DA:1,1
DA:12,1
DA:13,0
DA:18,0
DA:22,0
DA:31,1
DA:32,1
DA:37,7
DA:38,7
DA:42,0
DA:43,0
LF:11
LH:6
BRDA:38,0,0,7
BRDA:38,0,1,0
BRDA:43,1,0,0
BRDA:43,1,1,0
BRF:4
BRH:1
end_of_record
TN:
SF:src/settings/defaultNoteTemplateId.ts
FNF:0
FNH:0
DA:1,0
DA:2,0
DA:4,0
LF:3
LH:0
BRF:0
BRH:0
end_of_record
TN:
SF:src/settings/defaultTemplatesConfig.ts
FN:11,(anonymous_7)
FN:29,(anonymous_8)
FN:34,(anonymous_10)
FN:38,(anonymous_12)
FN:66,(anonymous_14)
FNF:5
FNH:0
FNDA:0,(anonymous_7)
FNDA:0,(anonymous_8)
FNDA:0,(anonymous_10)
FNDA:0,(anonymous_12)
FNDA:0,(anonymous_14)
DA:1,0
DA:2,0
DA:11,0
DA:12,0
DA:13,0
DA:14,0
DA:17,0
DA:30,0
DA:31,0
DA:35,0
DA:39,0
DA:41,0
DA:42,0
DA:48,0
DA:50,0
DA:51,0
DA:53,0
DA:54,0
DA:56,0
DA:57,0
DA:58,0
DA:60,0
DA:63,0
DA:67,0
DA:68,0
DA:69,0
LF:26
LH:0
BRDA:11,0,0,0
BRDA:11,0,1,0
BRDA:31,1,0,0
BRDA:31,1,1,0
BRDA:41,2,0,0
BRDA:41,2,1,0
BRDA:49,3,0,0
BRDA:49,3,1,0
BRDA:49,3,2,0
BRDA:49,3,3,0
BRF:10
BRH:0
end_of_record
TN:
SF:src/settings/defaultTodoTemplateId.ts
FNF:0
FNH:0
DA:1,0
DA:2,0
DA:4,0
LF:3
LH:0
BRF:0
BRH:0
end_of_record
TN:
SF:src/settings/index.ts
FN:2,(anonymous_0)
FN:3,(anonymous_1)
FN:4,(anonymous_2)
FN:5,(anonymous_3)
FN:6,(anonymous_4)
FN:9,(anonymous_5)
FNF:6
FNH:0
FNDA:0,(anonymous_0)
FNDA:0,(anonymous_1)
FNDA:0,(anonymous_2)
FNDA:0,(anonymous_3)
FNDA:0,(anonymous_4)
FNDA:0,(anonymous_5)
DA:2,0
DA:3,0
DA:4,0
DA:5,0
DA:6,0
DA:9,0
LF:6
LH:0
BRF:0
BRH:0
end_of_record
TN:
SF:src/settings/registry.ts
FN:21,(anonymous_7)
FN:28,(anonymous_9)
FNF:2
FNH:0
FNDA:0,(anonymous_7)
FNDA:0,(anonymous_9)
DA:1,0
DA:4,0
DA:5,0
DA:6,0
DA:7,0
DA:8,0
DA:12,0
DA:13,0
DA:23,0
DA:28,0
DA:29,0
DA:30,0
DA:32,0
LF:13
LH:0
BRF:0
BRH:0
end_of_record
TN:
SF:src/settings/templatesSource.ts
FN:4,(anonymous_0)
FNF:1
FNH:1
FNDA:1,(anonymous_0)
DA:1,1
DA:2,1
DA:4,1
DA:5,1
DA:6,1
DA:9,1
LF:6
LH:6
BRDA:4,0,0,1
BRDA:4,0,1,1
BRF:2
BRH:2
end_of_record
TN:
SF:src/settings/global/base.ts
FN:8,(anonymous_7)
FN:12,(anonymous_8)
FNF:2
FNH:2
FNDA:4,(anonymous_7)
FNDA:7,(anonymous_8)
DA:1,1
DA:8,1
DA:9,4
DA:13,7
LF:4
LH:4
BRF:0
BRH:0
end_of_record
TN:
SF:src/settings/global/index.ts
FNF:0
FNH:0
DA:1,1
DA:3,1
DA:5,1
DA:7,1
DA:9,1
LF:5
LH:5
BRF:0
BRH:0
end_of_record
TN:
SF:src/utils/dataApi.ts
FN:4,(anonymous_7)
FN:4,(anonymous_8)
FNF:2
FNH:0
FNDA:0,(anonymous_7)
FNDA:0,(anonymous_8)
DA:1,2
DA:4,2
DA:5,0
DA:7,0
DA:9,0
DA:10,0
DA:11,0
DA:12,0
DA:15,0
LF:9
LH:2
BRF:0
BRH:0
end_of_record
TN:
SF:src/utils/dateAndTime.ts
FN:23,(anonymous_0)
FN:31,(anonymous_1)
FN:35,(anonymous_2)
FN:39,(anonymous_3)
FN:43,(anonymous_4)
FN:50,(anonymous_5)
FN:63,(anonymous_6)
FN:67,(anonymous_7)
FN:75,(anonymous_8)
FN:89,(anonymous_9)
FNF:10
FNH:10
FNDA:10,(anonymous_0)
FNDA:177,(anonymous_1)
FNDA:62,(anonymous_2)
FNDA:88,(anonymous_3)
FNDA:300,(anonymous_4)
FNDA:2,(anonymous_5)
FNDA:171,(anonymous_6)
FNDA:114,(anonymous_7)
FNDA:5,(anonymous_8)
FNDA:5,(anonymous_9)
DA:1,2
DA:18,2
DA:24,10
DA:25,10
DA:26,10
DA:28,10
DA:32,177
DA:36,62
DA:40,88
DA:44,300
DA:45,57
DA:47,300
DA:51,2
DA:52,0
DA:55,2
DA:56,2
DA:57,1
DA:60,1
DA:64,171
DA:69,114
DA:70,114
DA:71,114
DA:72,114
DA:76,5
DA:78,5
DA:79,2
DA:82,3
DA:90,5
DA:92,5
DA:93,2
DA:96,3
LF:31
LH:30
BRDA:43,0,0,0
BRDA:44,1,0,57
BRDA:44,1,1,243
BRDA:50,2,0,0
BRDA:51,3,0,0
BRDA:51,3,1,2
BRDA:56,4,0,1
BRDA:56,4,1,1
BRDA:63,5,0,57
BRDA:71,6,0,114
BRDA:71,6,1,0
BRDA:78,7,0,2
BRDA:78,7,1,3
BRDA:92,8,0,2
BRDA:92,8,1,3
BRF:15
BRH:11
end_of_record
TN:
SF:src/utils/defaultTemplates.ts
FN:6,(anonymous_7)
FN:12,getUserDefaultTemplateTypeSelection
FN:20,(anonymous_10)
FN:56,(anonymous_11)
FN:56,(anonymous_12)
FNF:5
FNH:0
FNDA:0,(anonymous_7)
FNDA:0,getUserDefaultTemplateTypeSelection
FNDA:0,(anonymous_10)
FNDA:0,(anonymous_11)
FNDA:0,(anonymous_12)
DA:1,0
DA:2,0
DA:3,0
DA:4,0
DA:6,0
DA:7,0
DA:8,0
DA:9,0
DA:12,0
DA:13,0
DA:14,0
DA:16,0
DA:20,0
DA:22,0
DA:32,0
DA:38,0
DA:40,0
DA:42,0
DA:43,0
DA:47,0
DA:49,0
DA:51,0
DA:52,0
DA:56,0
DA:57,0
DA:59,0
DA:61,0
DA:62,0
DA:64,0
DA:65,0
DA:67,0
DA:68,0
DA:69,0
DA:71,0
DA:75,0
DA:77,0
DA:78,0
DA:80,0
DA:81,0
DA:83,0
DA:84,0
LF:41
LH:0
BRDA:6,0,0,0
BRDA:6,0,1,0
BRDA:23,1,0,0
BRDA:23,1,1,0
BRDA:42,2,0,0
BRDA:42,2,1,0
BRDA:47,3,0,0
BRDA:47,3,1,0
BRDA:47,4,0,0
BRDA:47,4,1,0
BRDA:47,5,0,0
BRDA:47,5,1,0
BRDA:47,6,0,0
BRDA:47,6,1,0
BRDA:49,7,0,0
BRDA:49,7,1,0
BRDA:57,8,0,0
BRDA:57,8,1,0
BRDA:60,9,0,0
BRDA:60,9,1,0
BRDA:60,9,2,0
BRDA:60,9,3,0
BRDA:76,10,0,0
BRDA:76,10,1,0
BRDA:76,10,2,0
BRF:25
BRH:0
end_of_record
TN:
SF:src/utils/dialogHelpers.ts
FNF:0
FNH:0
DA:6,2
LF:1
LH:1
BRF:0
BRH:0
end_of_record
TN:
SF:src/utils/folders.ts
FN:14,(anonymous_7)
FN:14,(anonymous_8)
FN:19,(anonymous_9)
FN:19,(anonymous_10)
FN:32,(anonymous_11)
FN:32,(anonymous_12)
FN:37,(anonymous_13)
FN:37,(anonymous_14)
FN:41,(anonymous_15)
FN:41,(anonymous_16)
FN:50,(anonymous_17)
FN:50,(anonymous_18)
FN:51,(anonymous_19)
FN:59,getUserFolderSelection
FN:70,(anonymous_22)
FNF:15
FNH:0
FNDA:0,(anonymous_7)
FNDA:0,(anonymous_8)
FNDA:0,(anonymous_9)
FNDA:0,(anonymous_10)
FNDA:0,(anonymous_11)
FNDA:0,(anonymous_12)
FNDA:0,(anonymous_13)
FNDA:0,(anonymous_14)
FNDA:0,(anonymous_15)
FNDA:0,(anonymous_16)
FNDA:0,(anonymous_17)
FNDA:0,(anonymous_18)
FNDA:0,(anonymous_19)
FNDA:0,getUserFolderSelection
FNDA:0,(anonymous_22)
DA:1,2
DA:2,2
DA:4,2
DA:5,2
DA:14,2
DA:15,0
DA:16,0
DA:19,2
DA:20,0
DA:21,0
DA:24,0
DA:25,0
DA:27,0
DA:28,0
DA:32,2
DA:33,0
DA:34,0
DA:37,2
DA:38,0
DA:41,2
DA:42,0
DA:43,0
DA:44,0
DA:46,0
DA:50,2
DA:51,0
DA:52,0
DA:59,2
DA:60,0
DA:61,0
DA:63,0
DA:64,0
DA:65,0
DA:68,0
DA:70,0
DA:71,0
DA:72,0
DA:75,0
DA:85,0
DA:91,0
DA:93,0
DA:95,0
DA:96,0
DA:100,0
DA:102,0
DA:104,0
DA:105,0
LF:47
LH:11
BRDA:20,0,0,0
BRDA:20,0,1,0
BRDA:59,1,0,0
BRDA:63,2,0,0
BRDA:63,2,1,0
BRDA:71,3,0,0
BRDA:71,3,1,0
BRDA:76,4,0,0
BRDA:76,4,1,0
BRDA:95,5,0,0
BRDA:95,5,1,0
BRDA:100,6,0,0
BRDA:100,6,1,0
BRDA:100,7,0,0
BRDA:100,7,1,0
BRDA:100,8,0,0
BRDA:100,8,1,0
BRDA:100,9,0,0
BRDA:100,9,1,0
BRDA:102,10,0,0
BRDA:102,10,1,0
BRF:21
BRH:0
end_of_record
TN:
SF:src/utils/promises.ts
FN:2,(anonymous_7)
FN:9,(anonymous_8)
FN:13,(anonymous_9)
FN:21,(anonymous_10)
FN:23,(anonymous_12)
FNF:5
FNH:0
FNDA:0,(anonymous_7)
FNDA:0,(anonymous_8)
FNDA:0,(anonymous_9)
FNDA:0,(anonymous_10)
FNDA:0,(anonymous_12)
DA:2,0
DA:3,0
DA:4,0
DA:7,0
DA:10,0
DA:14,0
DA:15,0
DA:18,0
DA:22,0
DA:23,0
DA:25,0
DA:27,0
DA:28,0
DA:29,0
DA:32,0
DA:33,0
LF:16
LH:0
BRDA:14,0,0,0
BRDA:14,0,1,0
BRDA:14,1,0,0
BRDA:14,1,1,0
BRF:4
BRH:0
end_of_record
TN:
SF:src/utils/tags.ts
FN:10,(anonymous_7)
FN:10,(anonymous_8)
FN:11,(anonymous_9)
FN:19,(anonymous_10)
FN:19,(anonymous_11)
FN:32,(anonymous_12)
FN:32,(anonymous_13)
FN:36,(anonymous_14)
FN:36,(anonymous_15)
FNF:9
FNH:0
FNDA:0,(anonymous_7)
FNDA:0,(anonymous_8)
FNDA:0,(anonymous_9)
FNDA:0,(anonymous_10)
FNDA:0,(anonymous_11)
FNDA:0,(anonymous_12)
FNDA:0,(anonymous_13)
FNDA:0,(anonymous_14)
FNDA:0,(anonymous_15)
DA:1,1
DA:2,1
DA:10,1
DA:11,0
DA:12,0
DA:19,1
DA:20,0
DA:21,0
DA:22,0
DA:25,0
DA:26,0
DA:32,1
DA:33,0
DA:36,1
DA:37,0
LF:15
LH:6
BRDA:21,0,0,0
BRDA:21,0,1,0
BRF:2
BRH:0
end_of_record
TN:
SF:src/utils/templates.ts
FN:17,(anonymous_7)
FN:21,(anonymous_8)
FN:31,(anonymous_9)
FN:31,(anonymous_10)
FN:51,(anonymous_11)
FN:58,getUserTemplateSelection
FN:70,(anonymous_14)
FN:71,(anonymous_15)
FN:116,(anonymous_16)
FN:116,(anonymous_17)
FNF:10
FNH:8
FNDA:7,(anonymous_7)
FNDA:13,(anonymous_8)
FNDA:7,(anonymous_9)
FNDA:7,(anonymous_10)
FNDA:10,(anonymous_11)
FNDA:7,getUserTemplateSelection
FNDA:12,(anonymous_14)
FNDA:12,(anonymous_15)
FNDA:0,(anonymous_16)
FNDA:0,(anonymous_17)
DA:1,1
DA:2,1
DA:3,1
DA:4,1
DA:5,1
DA:6,1
DA:7,1
DA:17,1
DA:18,7
DA:19,7
DA:21,7
DA:22,13
DA:23,12
DA:24,12
DA:28,7
DA:31,7
DA:32,7
DA:34,7
DA:36,7
DA:37,7
DA:39,7
DA:40,7
DA:43,0
DA:46,7
DA:48,7
DA:49,7
DA:51,7
DA:52,10
DA:55,7
DA:58,1
DA:59,7
DA:60,7
DA:62,7
DA:63,2
DA:64,2
DA:67,5
DA:69,5
DA:70,12
DA:73,12
DA:74,7
DA:76,5
DA:78,12
DA:81,5
DA:91,5
DA:97,5
DA:99,5
DA:101,5
DA:102,2
DA:106,3
DA:107,3
DA:109,3
DA:111,0
DA:112,0
DA:116,1
DA:117,0
DA:118,0
DA:121,0
DA:122,0
DA:124,0
DA:125,0
LF:60
LH:51
BRDA:22,0,0,12
BRDA:22,0,1,1
BRDA:36,1,0,7
BRDA:36,1,1,0
BRDA:58,2,0,7
BRDA:62,3,0,2
BRDA:62,3,1,5
BRDA:70,4,0,12
BRDA:70,4,1,12
BRDA:70,4,2,12
BRDA:73,5,0,7
BRDA:73,5,1,5
BRDA:101,6,0,2
BRDA:101,6,1,3
BRDA:106,7,0,0
BRDA:106,7,1,3
BRDA:106,8,0,3
BRDA:106,8,1,3
BRDA:106,9,0,0
BRDA:106,9,1,3
BRDA:106,10,0,3
BRDA:106,10,1,3
BRDA:107,11,0,3
BRDA:107,11,1,0
BRDA:117,12,0,0
BRDA:117,12,1,0
BRF:26
BRH:20
end_of_record
TN:
SF:src/utils/typescript.ts
FN:4,notEmpty
FNF:1
FNH:1
FNDA:248,notEmpty
DA:4,1
DA:5,248
LF:2
LH:2
BRDA:5,0,0,248
BRDA:5,0,1,26
BRF:2
BRH:2
end_of_record
TN:
SF:src/variables/parser.ts
FN:22,(anonymous_0)
FNF:1
FNH:1
FNDA:40,(anonymous_0)
DA:1,1
DA:2,1
DA:3,1
DA:4,1
DA:5,1
DA:6,1
DA:7,1
DA:8,1
DA:12,1
DA:22,1
DA:23,40
DA:24,106
DA:25,106
DA:26,40
DA:28,66
DA:29,66
DA:32,0
DA:38,0
LF:18
LH:16
BRDA:28,0,0,66
BRDA:28,0,1,0
BRF:2
BRH:1
end_of_record
TN:
SF:src/variables/types/base.ts
FN:11,(anonymous_0)
FN:16,(anonymous_1)
FN:20,(anonymous_2)
FN:36,(anonymous_3)
FN:40,(anonymous_4)
FNF:5
FNH:4
FNDA:40,(anonymous_0)
FNDA:0,(anonymous_1)
FNDA:4,(anonymous_2)
FNDA:20,(anonymous_3)
FNDA:100,(anonymous_4)
DA:2,1
DA:4,1
DA:6,1
DA:12,40
DA:13,40
DA:17,0
DA:21,4
DA:37,20
DA:41,100
DA:42,33
DA:43,67
DA:44,11
DA:45,11
DA:46,11
DA:47,1
DA:48,1
DA:49,1
DA:51,1
DA:56,66
LF:19
LH:18
BRDA:41,0,0,33
BRDA:41,0,1,67
BRDA:41,1,0,100
BRDA:41,1,1,89
BRDA:43,2,0,11
BRDA:43,2,1,56
BRDA:43,3,0,67
BRDA:43,3,1,11
BRDA:44,4,0,11
BRDA:44,4,1,0
BRDA:46,5,0,1
BRDA:46,5,1,10
BRDA:46,6,0,11
BRDA:46,6,1,11
BRDA:48,7,0,1
BRDA:48,7,1,0
BRDA:48,8,0,1
BRDA:48,8,1,1
BRF:18
BRH:16
end_of_record
TN:
SF:src/variables/types/boolean.ts
FN:8,(anonymous_0)
FN:20,(anonymous_1)
FNF:2
FNH:1
FNDA:0,(anonymous_0)
FNDA:5,(anonymous_1)
DA:2,1
DA:3,1
DA:5,1
DA:6,1
DA:9,0
DA:21,5
LF:6
LH:5
BRF:0
BRH:0
end_of_record
TN:
SF:src/variables/types/date.ts
FN:8,(anonymous_0)
FN:13,(anonymous_1)
FNF:2
FNH:1
FNDA:3,(anonymous_0)
FNDA:0,(anonymous_1)
DA:2,1
DA:3,1
DA:5,1
DA:6,1
DA:9,3
DA:10,3
DA:14,0
LF:7
LH:6
BRF:0
BRH:0
end_of_record
TN:
SF:src/variables/types/enum.ts
FN:8,(anonymous_0)
FN:13,(anonymous_1)
FN:14,(anonymous_2)
FN:20,(anonymous_3)
FN:24,(anonymous_4)
FN:28,(anonymous_5)
FN:34,(anonymous_6)
FNF:7
FNH:6
FNDA:6,(anonymous_0)
FNDA:2,(anonymous_1)
FNDA:5,(anonymous_2)
FNDA:6,(anonymous_3)
FNDA:14,(anonymous_4)
FNDA:0,(anonymous_5)
FNDA:6,(anonymous_6)
DA:1,1
DA:2,1
DA:4,1
DA:5,1
DA:9,6
DA:10,6
DA:14,2
DA:15,5
DA:17,2
DA:21,6
DA:23,6
DA:24,14
DA:27,0
DA:28,0
DA:31,0
DA:35,6
DA:36,4
DA:37,4
DA:38,2
DA:39,2
DA:40,2
DA:41,2
DA:42,2
DA:44,2
DA:45,2
DA:46,2
DA:49,2
DA:54,0
LF:28
LH:24
BRDA:23,0,0,6
BRDA:23,0,1,0
BRDA:23,1,0,6
BRDA:23,1,1,6
BRDA:27,2,0,0
BRDA:27,2,1,0
BRDA:27,3,0,0
BRDA:27,3,1,0
BRDA:35,4,0,4
BRDA:35,4,1,2
BRDA:38,5,0,2
BRDA:38,5,1,0
BRDA:38,6,0,2
BRDA:38,6,1,2
BRDA:39,7,0,2
BRDA:39,7,1,0
BRDA:41,8,0,2
BRDA:41,8,1,0
BRDA:45,9,0,2
BRDA:45,9,1,0
BRDA:45,10,0,2
BRDA:45,10,1,2
BRF:22
BRH:13
end_of_record
TN:
SF:src/variables/types/invalid.ts
FN:5,(anonymous_0)
FN:10,(anonymous_1)
FNF:2
FNH:0
FNDA:0,(anonymous_0)
FNDA:0,(anonymous_1)
DA:1,1
DA:2,1
DA:4,1
DA:6,0
DA:11,0
LF:5
LH:3
BRF:0
BRH:0
end_of_record
TN:
SF:src/variables/types/number.ts
FN:8,(anonymous_0)
FN:13,(anonymous_1)
FNF:2
FNH:1
FNDA:0,(anonymous_0)
FNDA:9,(anonymous_1)
DA:2,1
DA:3,1
DA:5,1
DA:6,1
DA:9,0
DA:14,9
LF:6
LH:5
BRF:0
BRH:0
end_of_record
TN:
SF:src/variables/types/text.ts
FN:7,(anonymous_0)
FNF:1
FNH:1
FNDA:2,(anonymous_0)
DA:1,1
DA:2,1
DA:4,1
DA:5,1
DA:8,2
LF:5
LH:5
BRF:0
BRH:0
end_of_record
TN:
SF:src/variables/types/time.ts
FN:8,(anonymous_0)
FN:16,(anonymous_1)
FNF:2
FNH:1
FNDA:2,(anonymous_0)
FNDA:0,(anonymous_1)
DA:2,1
DA:3,1
DA:5,1
DA:6,1
DA:9,2
DA:10,2
DA:11,2
DA:12,2
DA:13,2
DA:17,0
LF:10
LH:9
BRF:0
BRH:0
end_of_record
TN:
SF:src/views/commandsPanel.ts
FN:13,(anonymous_7)
FN:18,(anonymous_8)
FN:24,(anonymous_10)
FN:24,(anonymous_11)
FN:50,(anonymous_12)
FN:51,(anonymous_13)
FNF:6
FNH:0
FNDA:0,(anonymous_7)
FNDA:0,(anonymous_8)
FNDA:0,(anonymous_10)
FNDA:0,(anonymous_11)
FNDA:0,(anonymous_12)
FNDA:0,(anonymous_13)
DA:1,0
DA:9,0
DA:14,0
DA:15,0
DA:19,0
DA:21,0
DA:24,0
DA:25,0
DA:26,0
DA:27,0
DA:28,0
DA:29,0
DA:33,0
DA:38,0
DA:39,0
DA:40,0
DA:43,0
DA:45,0
DA:46,0
DA:51,0
DA:57,0
LF:21
LH:0
BRDA:26,0,0,0
BRDA:26,0,1,0
BRF:2
BRH:0
end_of_record
TN:
SF:src/views/defaultTemplates.ts
FN:13,(anonymous_7)
FN:17,(anonymous_8)
FN:33,(anonymous_9)
FN:43,(anonymous_10)
FN:56,(anonymous_11)
FN:56,(anonymous_12)
FNF:6
FNH:0
FNDA:0,(anonymous_7)
FNDA:0,(anonymous_8)
FNDA:0,(anonymous_9)
FNDA:0,(anonymous_10)
FNDA:0,(anonymous_11)
FNDA:0,(anonymous_12)
DA:1,0
DA:2,0
DA:13,0
DA:14,0
DA:17,0
DA:18,0
DA:33,0
DA:34,0
DA:35,0
DA:44,0
DA:56,0
DA:57,0
DA:59,0
DA:68,0
LF:14
LH:0
BRDA:14,0,0,0
BRDA:14,0,1,0
BRDA:34,1,0,0
BRDA:34,1,1,0
BRF:4
BRH:0
end_of_record
TN:
SF:src/views/templateVariables.ts
FN:6,(anonymous_7)
FN:6,(anonymous_8)
FN:9,(anonymous_9)
FNF:3
FNH:0
FNDA:0,(anonymous_7)
FNDA:0,(anonymous_8)
FNDA:0,(anonymous_9)
DA:1,1
DA:2,1
DA:4,1
DA:6,1
DA:7,0
DA:9,0
DA:12,0
DA:13,0
DA:15,0
DA:26,0
LF:10
LH:4
BRF:0
BRH:0
end_of_record
TN:
SF:src/views/webview.js
FN:8,(anonymous_0)
FN:9,(anonymous_1)
FNF:2
FNH:0
FNDA:0,(anonymous_0)
FNDA:0,(anonymous_1)
DA:1,0
DA:3,0
DA:5,0
DA:6,0
DA:8,0
DA:9,0
DA:10,0
DA:11,0
DA:12,0
DA:17,0
DA:24,0
LF:11
LH:0
BRDA:5,0,0,0
BRDA:5,0,1,0
BRF:2
BRH:0
end_of_record
